        -:    0:Source:C:/Users/ramir/Desktop/TPI FINALIZADO/tpi_final/tests/EJ01_toroideValidoTEST.cpp
        -:    0:Graph:C:\Users\ramir\Desktop\TPI FINALIZADO\tpi_final\cmake-build-debug\CMakeFiles\juegoDeLaVida.dir\tests\EJ01_toroideValidoTEST.gcno
        -:    0:Data:C:\Users\ramir\Desktop\TPI FINALIZADO\tpi_final\cmake-build-debug\CMakeFiles\juegoDeLaVida.dir\tests\EJ01_toroideValidoTEST.gcda
        -:    0:Runs:1
        -:    0:Programs:1
        -:    1:#include "../ejercicios.h"
        -:    2:#include "gtest/gtest.h"
        -:    3:
        -:    4:using namespace std;
        -:    5:
        2:    6:TEST(toroideValidoTEST, toroideVacio){
        4:    7:    toroide t = { vector<bool> () };
       1*:    8:    EXPECT_FALSE(toroideValido(t));
        1:    9:}
------------------
_ZN35toroideValidoTEST_toroideVacio_Test8TestBodyEv:
        1:    6:TEST(toroideValidoTEST, toroideVacio){
        4:    7:    toroide t = { vector<bool> () };
        1:    7-block  0
        1:    7-block  1
    $$$$$:    7-block  2
    $$$$$:    7-block  3
    $$$$$:    7-block  4
    $$$$$:    7-block  5
       1*:    8:    EXPECT_FALSE(toroideValido(t));
        1:    8-block  0
        1:    8-block  1
        1:    8-block  2
    %%%%%:    8-block  3
    %%%%%:    8-block  4
    %%%%%:    8-block  5
    %%%%%:    8-block  6
    %%%%%:    8-block  7
        1:    8-block  8
    $$$$$:    8-block  9
    $$$$$:    8-block 10
    $$$$$:    8-block 11
    $$$$$:    8-block 12
    $$$$$:    8-block 13
    $$$$$:    8-block 14
    $$$$$:    8-block 15
    $$$$$:    8-block 16
        1:    9:}
------------------
_ZN35toroideValidoTEST_toroideVacio_TestC1Ev:
        1:    6:TEST(toroideValidoTEST, toroideVacio){
        1:    6-block  0
------------------
        -:   10:
        2:   11:TEST(toroideValidoTEST, toroideVacio5Filas){
        2:   12:    vector<bool> vacio;
        8:   13:    toroide t = { vacio, vacio, vacio, vacio, vacio };
       1*:   14:    EXPECT_FALSE(toroideValido(t));
        1:   15:}
------------------
_ZN41toroideValidoTEST_toroideVacio5Filas_Test8TestBodyEv:
        1:   11:TEST(toroideValidoTEST, toroideVacio5Filas){
        2:   12:    vector<bool> vacio;
        1:   12-block  0
    $$$$$:   12-block  1
        8:   13:    toroide t = { vacio, vacio, vacio, vacio, vacio };
        1:   13-block  0
        1:   13-block  1
        1:   13-block  2
        1:   13-block  3
        1:   13-block  4
        5:   13-block  5
    $$$$$:   13-block  6
    $$$$$:   13-block  7
    $$$$$:   13-block  8
    $$$$$:   13-block  9
       1*:   14:    EXPECT_FALSE(toroideValido(t));
        1:   14-block  0
        1:   14-block  1
        1:   14-block  2
    %%%%%:   14-block  3
    %%%%%:   14-block  4
    %%%%%:   14-block  5
    %%%%%:   14-block  6
    %%%%%:   14-block  7
        1:   14-block  8
    $$$$$:   14-block  9
    $$$$$:   14-block 10
    $$$$$:   14-block 11
    $$$$$:   14-block 12
    $$$$$:   14-block 13
    $$$$$:   14-block 14
    $$$$$:   14-block 15
    $$$$$:   14-block 16
        1:   15:}
------------------
_ZN41toroideValidoTEST_toroideVacio5Filas_TestC1Ev:
        1:   11:TEST(toroideValidoTEST, toroideVacio5Filas){
        1:   11-block  0
------------------
        -:   16:
        2:   17:TEST(toroideValidoTEST, diagonalTresPorTres) {
        -:   18:    toroide t = { {true, false, false},
        -:   19:                  {false, true, false},
        -:   20:                  {false, false, true}
        7:   21:    };
       1*:   22:    EXPECT_TRUE(toroideValido(t));
        1:   23:}
------------------
_ZN42toroideValidoTEST_diagonalTresPorTres_Test8TestBodyEv:
        1:   17:TEST(toroideValidoTEST, diagonalTresPorTres) {
        -:   18:    toroide t = { {true, false, false},
        -:   19:                  {false, true, false},
        -:   20:                  {false, false, true}
        7:   21:    };
        1:   21-block  0
        1:   21-block  1
        1:   21-block  2
        1:   21-block  3
        3:   21-block  4
        1:   21-block  5
    $$$$$:   21-block  6
    $$$$$:   21-block  7
    $$$$$:   21-block  8
    $$$$$:   21-block  9
    $$$$$:   21-block 10
    $$$$$:   21-block 11
    $$$$$:   21-block 12
    $$$$$:   21-block 13
    $$$$$:   21-block 14
    $$$$$:   21-block 15
       1*:   22:    EXPECT_TRUE(toroideValido(t));
        1:   22-block  0
        1:   22-block  1
    %%%%%:   22-block  2
    %%%%%:   22-block  3
    %%%%%:   22-block  4
    %%%%%:   22-block  5
    %%%%%:   22-block  6
        1:   22-block  7
    $$$$$:   22-block  8
    $$$$$:   22-block  9
    $$$$$:   22-block 10
    $$$$$:   22-block 11
    $$$$$:   22-block 12
    $$$$$:   22-block 13
    $$$$$:   22-block 14
    $$$$$:   22-block 15
        1:   23:}
------------------
_ZN42toroideValidoTEST_diagonalTresPorTres_TestC1Ev:
        1:   17:TEST(toroideValidoTEST, diagonalTresPorTres) {
        1:   17-block  0
------------------
        -:   24:
        2:   25:TEST(toroideValidoTEST, noRectangulo) {
        -:   26:    toroide t = { {true, false, false},
        -:   27:                  {false, true, true , false},
        -:   28:                  {false, false, true}
        7:   29:    };
       1*:   30:    EXPECT_FALSE(toroideValido(t));
        1:   31:}
------------------
_ZN35toroideValidoTEST_noRectangulo_Test8TestBodyEv:
        1:   25:TEST(toroideValidoTEST, noRectangulo) {
        -:   26:    toroide t = { {true, false, false},
        -:   27:                  {false, true, true , false},
        -:   28:                  {false, false, true}
        7:   29:    };
        1:   29-block  0
        1:   29-block  1
        1:   29-block  2
        1:   29-block  3
        3:   29-block  4
        1:   29-block  5
    $$$$$:   29-block  6
    $$$$$:   29-block  7
    $$$$$:   29-block  8
    $$$$$:   29-block  9
    $$$$$:   29-block 10
    $$$$$:   29-block 11
    $$$$$:   29-block 12
    $$$$$:   29-block 13
    $$$$$:   29-block 14
    $$$$$:   29-block 15
       1*:   30:    EXPECT_FALSE(toroideValido(t));
        1:   30-block  0
        1:   30-block  1
    %%%%%:   30-block  2
    %%%%%:   30-block  3
    %%%%%:   30-block  4
    %%%%%:   30-block  5
    %%%%%:   30-block  6
        1:   30-block  7
    $$$$$:   30-block  8
    $$$$$:   30-block  9
    $$$$$:   30-block 10
    $$$$$:   30-block 11
    $$$$$:   30-block 12
    $$$$$:   30-block 13
    $$$$$:   30-block 14
    $$$$$:   30-block 15
        1:   31:}
------------------
_ZN35toroideValidoTEST_noRectangulo_TestC1Ev:
        1:   25:TEST(toroideValidoTEST, noRectangulo) {
        1:   25-block  0
------------------
        -:   32:
        2:   33:TEST(toroideValidoTEST, Menor3Columnas) {
        -:   34:    toroide t = { {true, false},
        -:   35:                  {false, true},
        -:   36:                  {false, false}
        7:   37:    };
       1*:   38:    EXPECT_FALSE(toroideValido(t));
        1:   39:}
------------------
_ZN37toroideValidoTEST_Menor3Columnas_Test8TestBodyEv:
        1:   33:TEST(toroideValidoTEST, Menor3Columnas) {
        -:   34:    toroide t = { {true, false},
        -:   35:                  {false, true},
        -:   36:                  {false, false}
        7:   37:    };
        1:   37-block  0
        1:   37-block  1
        1:   37-block  2
        1:   37-block  3
        3:   37-block  4
        1:   37-block  5
    $$$$$:   37-block  6
    $$$$$:   37-block  7
    $$$$$:   37-block  8
    $$$$$:   37-block  9
    $$$$$:   37-block 10
    $$$$$:   37-block 11
    $$$$$:   37-block 12
    $$$$$:   37-block 13
    $$$$$:   37-block 14
    $$$$$:   37-block 15
       1*:   38:    EXPECT_FALSE(toroideValido(t));
        1:   38-block  0
        1:   38-block  1
    %%%%%:   38-block  2
    %%%%%:   38-block  3
    %%%%%:   38-block  4
    %%%%%:   38-block  5
    %%%%%:   38-block  6
        1:   38-block  7
    $$$$$:   38-block  8
    $$$$$:   38-block  9
    $$$$$:   38-block 10
    $$$$$:   38-block 11
    $$$$$:   38-block 12
    $$$$$:   38-block 13
    $$$$$:   38-block 14
    $$$$$:   38-block 15
        1:   39:}
------------------
_ZN37toroideValidoTEST_Menor3Columnas_TestC1Ev:
        1:   33:TEST(toroideValidoTEST, Menor3Columnas) {
        1:   33-block  0
------------------
        -:   40:
        2:   41:TEST(toroideValidoTEST, Menor3Filas) {
        -:   42:    toroide t = { {true, false, false}
        -:   43:
        5:   44:    };
       1*:   45:    EXPECT_FALSE(toroideValido(t));
        1:   46:}
------------------
_ZN34toroideValidoTEST_Menor3Filas_Test8TestBodyEv:
        1:   41:TEST(toroideValidoTEST, Menor3Filas) {
        -:   42:    toroide t = { {true, false, false}
        -:   43:
        5:   44:    };
        1:   44-block  0
        1:   44-block  1
        1:   44-block  2
        1:   44-block  3
    $$$$$:   44-block  4
    $$$$$:   44-block  5
    $$$$$:   44-block  6
    $$$$$:   44-block  7
    $$$$$:   44-block  8
    $$$$$:   44-block  9
       1*:   45:    EXPECT_FALSE(toroideValido(t));
        1:   45-block  0
        1:   45-block  1
    %%%%%:   45-block  2
    %%%%%:   45-block  3
    %%%%%:   45-block  4
    %%%%%:   45-block  5
    %%%%%:   45-block  6
        1:   45-block  7
    $$$$$:   45-block  8
    $$$$$:   45-block  9
    $$$$$:   45-block 10
    $$$$$:   45-block 11
    $$$$$:   45-block 12
    $$$$$:   45-block 13
    $$$$$:   45-block 14
    $$$$$:   45-block 15
        1:   46:}
------------------
_ZN34toroideValidoTEST_Menor3Filas_TestC1Ev:
        1:   41:TEST(toroideValidoTEST, Menor3Filas) {
        1:   41-block  0
------------------
        -:   47:
        2:   48:TEST(toroideValidoTEST, CincoXCuatro) {
        -:   49:    toroide t = { {true, false, false,false},
        -:   50:                  {false, true, false, false},
        -:   51:                  {false, false, true, false},
        -:   52:                  {false, false, true, false},
        -:   53:                  {false, true, false, false}
        9:   54:    };
       1*:   55:    EXPECT_TRUE(toroideValido(t));
        1:   56:}
------------------
_ZN35toroideValidoTEST_CincoXCuatro_Test8TestBodyEv:
        1:   48:TEST(toroideValidoTEST, CincoXCuatro) {
        -:   49:    toroide t = { {true, false, false,false},
        -:   50:                  {false, true, false, false},
        -:   51:                  {false, false, true, false},
        -:   52:                  {false, false, true, false},
        -:   53:                  {false, true, false, false}
        9:   54:    };
        1:   54-block  0
        1:   54-block  1
        1:   54-block  2
        1:   54-block  3
        1:   54-block  4
        1:   54-block  5
        5:   54-block  6
        1:   54-block  7
    $$$$$:   54-block  8
    $$$$$:   54-block  9
    $$$$$:   54-block 10
    $$$$$:   54-block 11
    $$$$$:   54-block 12
    $$$$$:   54-block 13
    $$$$$:   54-block 14
    $$$$$:   54-block 15
    $$$$$:   54-block 16
    $$$$$:   54-block 17
    $$$$$:   54-block 18
    $$$$$:   54-block 19
    $$$$$:   54-block 20
    $$$$$:   54-block 21
       1*:   55:    EXPECT_TRUE(toroideValido(t));
        1:   55-block  0
        1:   55-block  1
    %%%%%:   55-block  2
    %%%%%:   55-block  3
    %%%%%:   55-block  4
    %%%%%:   55-block  5
    %%%%%:   55-block  6
        1:   55-block  7
    $$$$$:   55-block  8
    $$$$$:   55-block  9
    $$$$$:   55-block 10
    $$$$$:   55-block 11
    $$$$$:   55-block 12
    $$$$$:   55-block 13
    $$$$$:   55-block 14
    $$$$$:   55-block 15
        1:   56:}
------------------
_ZN35toroideValidoTEST_CincoXCuatro_TestC1Ev:
        1:   48:TEST(toroideValidoTEST, CincoXCuatro) {
        1:   48-block  0
------------------
        -:   57:
        2:   58:TEST(toroideValidoTEST, FilaMenor) {
        -:   59:    toroide t = { {true, false, false,false},
        -:   60:                  {false, true, false},
        -:   61:                  {false, false, true, false},
        -:   62:                  {false, false, true, false},
        -:   63:                  {false, true, false, false}
        9:   64:    };
       1*:   65:    EXPECT_FALSE(toroideValido(t));
        1:   66:}
------------------
_ZN32toroideValidoTEST_FilaMenor_Test8TestBodyEv:
        1:   58:TEST(toroideValidoTEST, FilaMenor) {
        -:   59:    toroide t = { {true, false, false,false},
        -:   60:                  {false, true, false},
        -:   61:                  {false, false, true, false},
        -:   62:                  {false, false, true, false},
        -:   63:                  {false, true, false, false}
        9:   64:    };
        1:   64-block  0
        1:   64-block  1
        1:   64-block  2
        1:   64-block  3
        1:   64-block  4
        1:   64-block  5
        5:   64-block  6
        1:   64-block  7
    $$$$$:   64-block  8
    $$$$$:   64-block  9
    $$$$$:   64-block 10
    $$$$$:   64-block 11
    $$$$$:   64-block 12
    $$$$$:   64-block 13
    $$$$$:   64-block 14
    $$$$$:   64-block 15
    $$$$$:   64-block 16
    $$$$$:   64-block 17
    $$$$$:   64-block 18
    $$$$$:   64-block 19
    $$$$$:   64-block 20
    $$$$$:   64-block 21
       1*:   65:    EXPECT_FALSE(toroideValido(t));
        1:   65-block  0
        1:   65-block  1
    %%%%%:   65-block  2
    %%%%%:   65-block  3
    %%%%%:   65-block  4
    %%%%%:   65-block  5
    %%%%%:   65-block  6
        1:   65-block  7
    $$$$$:   65-block  8
    $$$$$:   65-block  9
    $$$$$:   65-block 10
    $$$$$:   65-block 11
    $$$$$:   65-block 12
    $$$$$:   65-block 13
    $$$$$:   65-block 14
    $$$$$:   65-block 15
        1:   66:}
------------------
_ZN32toroideValidoTEST_FilaMenor_TestC1Ev:
        1:   58:TEST(toroideValidoTEST, FilaMenor) {
        1:   58-block  0
------------------
        -:   67:
