        -:    0:Source:C:/Users/ramir/Desktop/TPI FINALIZADO/tpi_final/tests/EJ02_posicionesVivasTEST.cpp
        -:    0:Graph:C:\Users\ramir\Desktop\TPI FINALIZADO\tpi_final\cmake-build-debug\CMakeFiles\juegoDeLaVida.dir\tests\EJ02_posicionesVivasTEST.gcno
        -:    0:Data:C:\Users\ramir\Desktop\TPI FINALIZADO\tpi_final\cmake-build-debug\CMakeFiles\juegoDeLaVida.dir\tests\EJ02_posicionesVivasTEST.gcda
        -:    0:Runs:1
        -:    0:Programs:1
        -:    1:#include "../ejercicios.h"
        -:    2:#include "../auxiliares.h"
        -:    3:#include "gtest/gtest.h"
        -:    4:#include <algorithm>
        -:    5:
        -:    6:using namespace std;
        -:    7:
        2:    8:TEST(posicionesVivasTEST, toroideDiagonalVivas){
        -:    9:    toroide t = { 
        -:   10:	{true, false, false},
        -:   11:	{false, true, false},
        -:   12:	{false, false, true},
        -:   13:	{true, false, false},
        -:   14:	{false, true, false},
       10:   15:	{false, false, true}};
        -:   16:
        2:   17:    vector<posicion> vivas = {mp(0,0), mp(1,1), mp(2,2), mp(3, 0), mp(4, 1), mp(5, 2)};
        2:   18:    vector<posicion> res = posicionesVivas(t);
       2*:   19:    EXPECT_EQ(ordenar(vivas), ordenar(res));
        1:   20:}
------------------
_ZN45posicionesVivasTEST_toroideDiagonalVivas_Test8TestBodyEv:
        1:    8:TEST(posicionesVivasTEST, toroideDiagonalVivas){
        -:    9:    toroide t = { 
        -:   10:	{true, false, false},
        -:   11:	{false, true, false},
        -:   12:	{false, false, true},
        -:   13:	{true, false, false},
        -:   14:	{false, true, false},
       10:   15:	{false, false, true}};
        1:   15-block  0
        1:   15-block  1
        1:   15-block  2
        1:   15-block  3
        1:   15-block  4
        1:   15-block  5
        1:   15-block  6
        6:   15-block  7
        1:   15-block  8
    $$$$$:   15-block  9
    $$$$$:   15-block 10
    $$$$$:   15-block 11
    $$$$$:   15-block 12
    $$$$$:   15-block 13
    $$$$$:   15-block 14
    $$$$$:   15-block 15
    $$$$$:   15-block 16
    $$$$$:   15-block 17
    $$$$$:   15-block 18
    $$$$$:   15-block 19
    $$$$$:   15-block 20
    $$$$$:   15-block 21
    $$$$$:   15-block 22
    $$$$$:   15-block 23
    $$$$$:   15-block 24
        -:   16:
        2:   17:    vector<posicion> vivas = {mp(0,0), mp(1,1), mp(2,2), mp(3, 0), mp(4, 1), mp(5, 2)};
        1:   17-block  0
        1:   17-block  1
        1:   17-block  2
        1:   17-block  3
        1:   17-block  4
        1:   17-block  5
    $$$$$:   17-block  6
    $$$$$:   17-block  7
    $$$$$:   17-block  8
        2:   18:    vector<posicion> res = posicionesVivas(t);
    $$$$$:   18-block  0
       2*:   19:    EXPECT_EQ(ordenar(vivas), ordenar(res));
        1:   19-block  0
        1:   19-block  1
        1:   19-block  2
    %%%%%:   19-block  3
    %%%%%:   19-block  4
    %%%%%:   19-block  5
    %%%%%:   19-block  6
    %%%%%:   19-block  7
        1:   19-block  8
    $$$$$:   19-block  9
    $$$$$:   19-block 10
    $$$$$:   19-block 11
    $$$$$:   19-block 12
    $$$$$:   19-block 13
    $$$$$:   19-block 14
    $$$$$:   19-block 15
        1:   20:}
------------------
_ZN45posicionesVivasTEST_toroideDiagonalVivas_TestC1Ev:
        1:    8:TEST(posicionesVivasTEST, toroideDiagonalVivas){
        1:    8-block  0
------------------
        -:   21:
        2:   22:TEST(posicionesVivasTEST, toroideMuerto){
        -:   23:    toroide t = {
        -:   24:            {false, false, false},
        -:   25:            {false, false, false},
        -:   26:            {false, false, false},
        -:   27:            {false, false, false},
        9:   28:            {false, false, false}};
        -:   29:
        2:   30:    vector<posicion> vivas = {};
        2:   31:    vector<posicion> res = posicionesVivas(t);
       2*:   32:    EXPECT_EQ(ordenar(vivas), ordenar(res));
        1:   33:}
------------------
_ZN38posicionesVivasTEST_toroideMuerto_Test8TestBodyEv:
        1:   22:TEST(posicionesVivasTEST, toroideMuerto){
        -:   23:    toroide t = {
        -:   24:            {false, false, false},
        -:   25:            {false, false, false},
        -:   26:            {false, false, false},
        -:   27:            {false, false, false},
        9:   28:            {false, false, false}};
        1:   28-block  0
        1:   28-block  1
        1:   28-block  2
        1:   28-block  3
        1:   28-block  4
        1:   28-block  5
        5:   28-block  6
        1:   28-block  7
    $$$$$:   28-block  8
    $$$$$:   28-block  9
    $$$$$:   28-block 10
    $$$$$:   28-block 11
    $$$$$:   28-block 12
    $$$$$:   28-block 13
    $$$$$:   28-block 14
    $$$$$:   28-block 15
    $$$$$:   28-block 16
    $$$$$:   28-block 17
    $$$$$:   28-block 18
    $$$$$:   28-block 19
    $$$$$:   28-block 20
    $$$$$:   28-block 21
        -:   29:
        2:   30:    vector<posicion> vivas = {};
    $$$$$:   30-block  0
        2:   31:    vector<posicion> res = posicionesVivas(t);
    $$$$$:   31-block  0
       2*:   32:    EXPECT_EQ(ordenar(vivas), ordenar(res));
        1:   32-block  0
        1:   32-block  1
        1:   32-block  2
    %%%%%:   32-block  3
    %%%%%:   32-block  4
    %%%%%:   32-block  5
    %%%%%:   32-block  6
    %%%%%:   32-block  7
        1:   32-block  8
    $$$$$:   32-block  9
    $$$$$:   32-block 10
    $$$$$:   32-block 11
    $$$$$:   32-block 12
    $$$$$:   32-block 13
    $$$$$:   32-block 14
    $$$$$:   32-block 15
        1:   33:}
------------------
_ZN38posicionesVivasTEST_toroideMuerto_TestC1Ev:
        1:   22:TEST(posicionesVivasTEST, toroideMuerto){
        1:   22-block  0
------------------
        -:   34:
        -:   35:
        2:   36:TEST(posicionesVivasTEST, toroideVivoCompletamente){
        -:   37:    toroide t = {
        -:   38:            {true, true, true},
        -:   39:            {true, true, true},
        7:   40:            {true, true, true}};
        -:   41:
        2:   42:    vector<posicion> vivas = {mp(0,0), mp(0,1), mp(0,2),mp(1,0),mp(1,1),mp(1,2),mp(2,0),mp(2,1),mp(2, 2)};
        2:   43:    vector<posicion> res = posicionesVivas(t);
       2*:   44:    EXPECT_EQ(ordenar(vivas), ordenar(res));
        1:   45:}
------------------
_ZN49posicionesVivasTEST_toroideVivoCompletamente_Test8TestBodyEv:
        1:   36:TEST(posicionesVivasTEST, toroideVivoCompletamente){
        -:   37:    toroide t = {
        -:   38:            {true, true, true},
        -:   39:            {true, true, true},
        7:   40:            {true, true, true}};
        1:   40-block  0
        1:   40-block  1
        1:   40-block  2
        1:   40-block  3
        3:   40-block  4
        1:   40-block  5
    $$$$$:   40-block  6
    $$$$$:   40-block  7
    $$$$$:   40-block  8
    $$$$$:   40-block  9
    $$$$$:   40-block 10
    $$$$$:   40-block 11
    $$$$$:   40-block 12
    $$$$$:   40-block 13
    $$$$$:   40-block 14
    $$$$$:   40-block 15
        -:   41:
        2:   42:    vector<posicion> vivas = {mp(0,0), mp(0,1), mp(0,2),mp(1,0),mp(1,1),mp(1,2),mp(2,0),mp(2,1),mp(2, 2)};
        1:   42-block  0
        1:   42-block  1
        1:   42-block  2
        1:   42-block  3
        1:   42-block  4
        1:   42-block  5
        1:   42-block  6
        1:   42-block  7
        1:   42-block  8
    $$$$$:   42-block  9
    $$$$$:   42-block 10
    $$$$$:   42-block 11
        2:   43:    vector<posicion> res = posicionesVivas(t);
    $$$$$:   43-block  0
       2*:   44:    EXPECT_EQ(ordenar(vivas), ordenar(res));
        1:   44-block  0
        1:   44-block  1
        1:   44-block  2
    %%%%%:   44-block  3
    %%%%%:   44-block  4
    %%%%%:   44-block  5
    %%%%%:   44-block  6
    %%%%%:   44-block  7
        1:   44-block  8
    $$$$$:   44-block  9
    $$$$$:   44-block 10
    $$$$$:   44-block 11
    $$$$$:   44-block 12
    $$$$$:   44-block 13
    $$$$$:   44-block 14
    $$$$$:   44-block 15
        1:   45:}
------------------
_ZN49posicionesVivasTEST_toroideVivoCompletamente_TestC1Ev:
        1:   36:TEST(posicionesVivasTEST, toroideVivoCompletamente){
        1:   36-block  0
------------------
