        -:    0:Source:/Library/Developer/CommandLineTools/usr/bin/../include/c++/v1/memory
        -:    0:Graph:/Users/gianbattolla/Documents/Año 2020 - Cs. de la computación/Algoritmos y Estructuras de Datos 1/Trabajo Practico de Implementación - Juego de la Vida-20201031/tpi_final/cmake-build-debug/CMakeFiles/juegoDeLaVida.dir/tests/EJ04_evolucionDePosicionTEST.gcno
        -:    0:Data:/Users/gianbattolla/Documents/Año 2020 - Cs. de la computación/Algoritmos y Estructuras de Datos 1/Trabajo Practico de Implementación - Juego de la Vida-20201031/tpi_final/cmake-build-debug/CMakeFiles/juegoDeLaVida.dir/tests/EJ04_evolucionDePosicionTEST.gcda
        -:    0:Runs:1
        -:    0:Programs:1
        -:    1:// -*- C++ -*-
        -:    2://===-------------------------- memory ------------------------------------===//
        -:    3://
        -:    4:// Part of the LLVM Project, under the Apache License v2.0 with LLVM Exceptions.
        -:    5:// See https://llvm.org/LICENSE.txt for license information.
        -:    6:// SPDX-License-Identifier: Apache-2.0 WITH LLVM-exception
        -:    7://
        -:    8://===----------------------------------------------------------------------===//
        -:    9:
        -:   10:#ifndef _LIBCPP_MEMORY
        -:   11:#define _LIBCPP_MEMORY
        -:   12:
        -:   13:/*
        -:   14:    memory synopsis
        -:   15:
        -:   16:namespace std
        -:   17:{
        -:   18:
        -:   19:struct allocator_arg_t { };
        -:   20:inline constexpr allocator_arg_t allocator_arg = allocator_arg_t();
        -:   21:
        -:   22:template <class T, class Alloc> struct uses_allocator;
        -:   23:
        -:   24:template <class Ptr>
        -:   25:struct pointer_traits
        -:   26:{
        -:   27:    typedef Ptr pointer;
        -:   28:    typedef <details> element_type;
        -:   29:    typedef <details> difference_type;
        -:   30:
        -:   31:    template <class U> using rebind = <details>;
        -:   32:
        -:   33:    static pointer pointer_to(<details>);
        -:   34:};
        -:   35:
        -:   36:template <class T>
        -:   37:struct pointer_traits<T*>
        -:   38:{
        -:   39:    typedef T* pointer;
        -:   40:    typedef T element_type;
        -:   41:    typedef ptrdiff_t difference_type;
        -:   42:
        -:   43:    template <class U> using rebind = U*;
        -:   44:
        -:   45:    static pointer pointer_to(<details>) noexcept; // constexpr in C++20
        -:   46:};
        -:   47:
        -:   48:template <class T> constexpr T* to_address(T* p) noexcept; // C++20
        -:   49:template <class Ptr> auto to_address(const Ptr& p) noexcept; // C++20
        -:   50:
        -:   51:template <class Alloc>
        -:   52:struct allocator_traits
        -:   53:{
        -:   54:    typedef Alloc                        allocator_type;
        -:   55:    typedef typename allocator_type::value_type
        -:   56:                                         value_type;
        -:   57:
        -:   58:    typedef Alloc::pointer | value_type* pointer;
        -:   59:    typedef Alloc::const_pointer
        -:   60:          | pointer_traits<pointer>::rebind<const value_type>
        -:   61:                                         const_pointer;
        -:   62:    typedef Alloc::void_pointer
        -:   63:          | pointer_traits<pointer>::rebind<void>
        -:   64:                                         void_pointer;
        -:   65:    typedef Alloc::const_void_pointer
        -:   66:          | pointer_traits<pointer>::rebind<const void>
        -:   67:                                         const_void_pointer;
        -:   68:    typedef Alloc::difference_type
        -:   69:          | pointer_traits<pointer>::difference_type
        -:   70:                                         difference_type;
        -:   71:    typedef Alloc::size_type
        -:   72:          | make_unsigned<difference_type>::type
        -:   73:                                         size_type;
        -:   74:    typedef Alloc::propagate_on_container_copy_assignment
        -:   75:          | false_type                   propagate_on_container_copy_assignment;
        -:   76:    typedef Alloc::propagate_on_container_move_assignment
        -:   77:          | false_type                   propagate_on_container_move_assignment;
        -:   78:    typedef Alloc::propagate_on_container_swap
        -:   79:          | false_type                   propagate_on_container_swap;
        -:   80:    typedef Alloc::is_always_equal
        -:   81:          | is_empty                     is_always_equal;
        -:   82:
        -:   83:    template <class T> using rebind_alloc  = Alloc::rebind<U>::other | Alloc<T, Args...>;
        -:   84:    template <class T> using rebind_traits = allocator_traits<rebind_alloc<T>>;
        -:   85:
        -:   86:    static pointer allocate(allocator_type& a, size_type n);                          // [[nodiscard]] in C++20
        -:   87:    static pointer allocate(allocator_type& a, size_type n, const_void_pointer hint); // [[nodiscard]] in C++20
        -:   88:
        -:   89:    static void deallocate(allocator_type& a, pointer p, size_type n) noexcept;
        -:   90:
        -:   91:    template <class T, class... Args>
        -:   92:        static void construct(allocator_type& a, T* p, Args&&... args);
        -:   93:
        -:   94:    template <class T>
        -:   95:        static void destroy(allocator_type& a, T* p);
        -:   96:
        -:   97:    static size_type max_size(const allocator_type& a); // noexcept in C++14
        -:   98:
        -:   99:    static allocator_type
        -:  100:        select_on_container_copy_construction(const allocator_type& a);
        -:  101:};
        -:  102:
        -:  103:template <>
        -:  104:class allocator<void>
        -:  105:{
        -:  106:public:
        -:  107:    typedef void*                                 pointer;
        -:  108:    typedef const void*                           const_pointer;
        -:  109:    typedef void                                  value_type;
        -:  110:
        -:  111:    template <class _Up> struct rebind {typedef allocator<_Up> other;};
        -:  112:};
        -:  113:
        -:  114:template <class T>
        -:  115:class allocator
        -:  116:{
        -:  117:public:
        -:  118:    typedef size_t                                size_type;
        -:  119:    typedef ptrdiff_t                             difference_type;
        -:  120:    typedef T*                                    pointer;
        -:  121:    typedef const T*                              const_pointer;
        -:  122:    typedef typename add_lvalue_reference<T>::type       reference;
        -:  123:    typedef typename add_lvalue_reference<const T>::type const_reference;
        -:  124:    typedef T                                     value_type;
        -:  125:
        -:  126:    template <class U> struct rebind {typedef allocator<U> other;};
        -:  127:
        -:  128:    constexpr allocator() noexcept;                      // constexpr in C++20
        -:  129:    constexpr allocator(const allocator&) noexcept;      // constexpr in C++20
        -:  130:    template <class U>
        -:  131:      constexpr allocator(const allocator<U>&) noexcept; // constexpr in C++20
        -:  132:    ~allocator();
        -:  133:    pointer address(reference x) const noexcept;
        -:  134:    const_pointer address(const_reference x) const noexcept;
        -:  135:    pointer allocate(size_type, allocator<void>::const_pointer hint = 0);
        -:  136:    void deallocate(pointer p, size_type n) noexcept;
        -:  137:    size_type max_size() const noexcept;
        -:  138:    template<class U, class... Args>
        -:  139:        void construct(U* p, Args&&... args);
        -:  140:    template <class U>
        -:  141:        void destroy(U* p);
        -:  142:};
        -:  143:
        -:  144:template <class T, class U>
        -:  145:bool operator==(const allocator<T>&, const allocator<U>&) noexcept;
        -:  146:
        -:  147:template <class T, class U>
        -:  148:bool operator!=(const allocator<T>&, const allocator<U>&) noexcept;
        -:  149:
        -:  150:template <class OutputIterator, class T>
        -:  151:class raw_storage_iterator
        -:  152:    : public iterator<output_iterator_tag,
        -:  153:                      T,                               // purposefully not C++03
        -:  154:                      ptrdiff_t,                       // purposefully not C++03
        -:  155:                      T*,                              // purposefully not C++03
        -:  156:                      raw_storage_iterator&>           // purposefully not C++03
        -:  157:{
        -:  158:public:
        -:  159:    explicit raw_storage_iterator(OutputIterator x);
        -:  160:    raw_storage_iterator& operator*();
        -:  161:    raw_storage_iterator& operator=(const T& element);
        -:  162:    raw_storage_iterator& operator++();
        -:  163:    raw_storage_iterator  operator++(int);
        -:  164:};
        -:  165:
        -:  166:template <class T> pair<T*,ptrdiff_t> get_temporary_buffer(ptrdiff_t n) noexcept;
        -:  167:template <class T> void               return_temporary_buffer(T* p) noexcept;
        -:  168:
        -:  169:template <class T> T* addressof(T& r) noexcept;
        -:  170:template <class T> T* addressof(const T&& r) noexcept = delete;
        -:  171:
        -:  172:template <class InputIterator, class ForwardIterator>
        -:  173:ForwardIterator
        -:  174:uninitialized_copy(InputIterator first, InputIterator last, ForwardIterator result);
        -:  175:
        -:  176:template <class InputIterator, class Size, class ForwardIterator>
        -:  177:ForwardIterator
        -:  178:uninitialized_copy_n(InputIterator first, Size n, ForwardIterator result);
        -:  179:
        -:  180:template <class ForwardIterator, class T>
        -:  181:void uninitialized_fill(ForwardIterator first, ForwardIterator last, const T& x);
        -:  182:
        -:  183:template <class ForwardIterator, class Size, class T>
        -:  184:ForwardIterator
        -:  185:uninitialized_fill_n(ForwardIterator first, Size n, const T& x);
        -:  186:
        -:  187:template <class T>
        -:  188:void destroy_at(T* location);
        -:  189:
        -:  190:template <class ForwardIterator>
        -:  191: void destroy(ForwardIterator first, ForwardIterator last);
        -:  192:
        -:  193:template <class ForwardIterator, class Size>
        -:  194: ForwardIterator destroy_n(ForwardIterator first, Size n);
        -:  195:
        -:  196:template <class InputIterator, class ForwardIterator>
        -:  197: ForwardIterator uninitialized_move(InputIterator first, InputIterator last, ForwardIterator result);
        -:  198:
        -:  199:template <class InputIterator, class Size, class ForwardIterator>
        -:  200: pair<InputIterator,ForwardIterator> uninitialized_move_n(InputIterator first, Size n, ForwardIterator result);
        -:  201:
        -:  202:template <class ForwardIterator>
        -:  203: void uninitialized_value_construct(ForwardIterator first, ForwardIterator last);
        -:  204:
        -:  205:template <class ForwardIterator, class Size>
        -:  206: ForwardIterator uninitialized_value_construct_n(ForwardIterator first, Size n);
        -:  207:
        -:  208:template <class ForwardIterator>
        -:  209: void uninitialized_default_construct(ForwardIterator first, ForwardIterator last);
        -:  210:
        -:  211:template <class ForwardIterator, class Size>
        -:  212: ForwardIterator uninitialized_default_construct_n(ForwardIterator first, Size n);
        -:  213:
        -:  214:template <class Y> struct auto_ptr_ref {};      // deprecated in C++11, removed in C++17
        -:  215:
        -:  216:template<class X>
        -:  217:class auto_ptr                                  // deprecated in C++11, removed in C++17
        -:  218:{
        -:  219:public:
        -:  220:    typedef X element_type;
        -:  221:
        -:  222:    explicit auto_ptr(X* p =0) throw();
        -:  223:    auto_ptr(auto_ptr&) throw();
        -:  224:    template<class Y> auto_ptr(auto_ptr<Y>&) throw();
        -:  225:    auto_ptr& operator=(auto_ptr&) throw();
        -:  226:    template<class Y> auto_ptr& operator=(auto_ptr<Y>&) throw();
        -:  227:    auto_ptr& operator=(auto_ptr_ref<X> r) throw();
        -:  228:    ~auto_ptr() throw();
        -:  229:
        -:  230:    typename add_lvalue_reference<X>::type operator*() const throw();
        -:  231:    X* operator->() const throw();
        -:  232:    X* get() const throw();
        -:  233:    X* release() throw();
        -:  234:    void reset(X* p =0) throw();
        -:  235:
        -:  236:    auto_ptr(auto_ptr_ref<X>) throw();
        -:  237:    template<class Y> operator auto_ptr_ref<Y>() throw();
        -:  238:    template<class Y> operator auto_ptr<Y>() throw();
        -:  239:};
        -:  240:
        -:  241:template <class T>
        -:  242:struct default_delete
        -:  243:{
        -:  244:    constexpr default_delete() noexcept = default;
        -:  245:    template <class U> default_delete(const default_delete<U>&) noexcept;
        -:  246:
        -:  247:    void operator()(T*) const noexcept;
        -:  248:};
        -:  249:
        -:  250:template <class T>
        -:  251:struct default_delete<T[]>
        -:  252:{
        -:  253:    constexpr default_delete() noexcept = default;
        -:  254:    void operator()(T*) const noexcept;
        -:  255:    template <class U> void operator()(U*) const = delete;
        -:  256:};
        -:  257:
        -:  258:template <class T, class D = default_delete<T>>
        -:  259:class unique_ptr
        -:  260:{
        -:  261:public:
        -:  262:    typedef see below pointer;
        -:  263:    typedef T element_type;
        -:  264:    typedef D deleter_type;
        -:  265:
        -:  266:    // constructors
        -:  267:    constexpr unique_ptr() noexcept;
        -:  268:    explicit unique_ptr(pointer p) noexcept;
        -:  269:    unique_ptr(pointer p, see below d1) noexcept;
        -:  270:    unique_ptr(pointer p, see below d2) noexcept;
        -:  271:    unique_ptr(unique_ptr&& u) noexcept;
        -:  272:    unique_ptr(nullptr_t) noexcept : unique_ptr() { }
        -:  273:    template <class U, class E>
        -:  274:        unique_ptr(unique_ptr<U, E>&& u) noexcept;
        -:  275:    template <class U>
        -:  276:        unique_ptr(auto_ptr<U>&& u) noexcept;       // removed in C++17
        -:  277:
        -:  278:    // destructor
        -:  279:    ~unique_ptr();
        -:  280:
        -:  281:    // assignment
        -:  282:    unique_ptr& operator=(unique_ptr&& u) noexcept;
        -:  283:    template <class U, class E> unique_ptr& operator=(unique_ptr<U, E>&& u) noexcept;
        -:  284:    unique_ptr& operator=(nullptr_t) noexcept;
        -:  285:
        -:  286:    // observers
        -:  287:    typename add_lvalue_reference<T>::type operator*() const;
        -:  288:    pointer operator->() const noexcept;
        -:  289:    pointer get() const noexcept;
        -:  290:    deleter_type& get_deleter() noexcept;
        -:  291:    const deleter_type& get_deleter() const noexcept;
        -:  292:    explicit operator bool() const noexcept;
        -:  293:
        -:  294:    // modifiers
        -:  295:    pointer release() noexcept;
        -:  296:    void reset(pointer p = pointer()) noexcept;
        -:  297:    void swap(unique_ptr& u) noexcept;
        -:  298:};
        -:  299:
        -:  300:template <class T, class D>
        -:  301:class unique_ptr<T[], D>
        -:  302:{
        -:  303:public:
        -:  304:    typedef implementation-defined pointer;
        -:  305:    typedef T element_type;
        -:  306:    typedef D deleter_type;
        -:  307:
        -:  308:    // constructors
        -:  309:    constexpr unique_ptr() noexcept;
        -:  310:    explicit unique_ptr(pointer p) noexcept;
        -:  311:    unique_ptr(pointer p, see below d) noexcept;
        -:  312:    unique_ptr(pointer p, see below d) noexcept;
        -:  313:    unique_ptr(unique_ptr&& u) noexcept;
        -:  314:    unique_ptr(nullptr_t) noexcept : unique_ptr() { }
        -:  315:
        -:  316:    // destructor
        -:  317:    ~unique_ptr();
        -:  318:
        -:  319:    // assignment
        -:  320:    unique_ptr& operator=(unique_ptr&& u) noexcept;
        -:  321:    unique_ptr& operator=(nullptr_t) noexcept;
        -:  322:
        -:  323:    // observers
        -:  324:    T& operator[](size_t i) const;
        -:  325:    pointer get() const noexcept;
        -:  326:    deleter_type& get_deleter() noexcept;
        -:  327:    const deleter_type& get_deleter() const noexcept;
        -:  328:    explicit operator bool() const noexcept;
        -:  329:
        -:  330:    // modifiers
        -:  331:    pointer release() noexcept;
        -:  332:    void reset(pointer p = pointer()) noexcept;
        -:  333:    void reset(nullptr_t) noexcept;
        -:  334:    template <class U> void reset(U) = delete;
        -:  335:    void swap(unique_ptr& u) noexcept;
        -:  336:};
        -:  337:
        -:  338:template <class T, class D>
        -:  339:    void swap(unique_ptr<T, D>& x, unique_ptr<T, D>& y) noexcept;
        -:  340:
        -:  341:template <class T1, class D1, class T2, class D2>
        -:  342:    bool operator==(const unique_ptr<T1, D1>& x, const unique_ptr<T2, D2>& y);
        -:  343:template <class T1, class D1, class T2, class D2>
        -:  344:    bool operator!=(const unique_ptr<T1, D1>& x, const unique_ptr<T2, D2>& y);
        -:  345:template <class T1, class D1, class T2, class D2>
        -:  346:    bool operator<(const unique_ptr<T1, D1>& x, const unique_ptr<T2, D2>& y);
        -:  347:template <class T1, class D1, class T2, class D2>
        -:  348:    bool operator<=(const unique_ptr<T1, D1>& x, const unique_ptr<T2, D2>& y);
        -:  349:template <class T1, class D1, class T2, class D2>
        -:  350:    bool operator>(const unique_ptr<T1, D1>& x, const unique_ptr<T2, D2>& y);
        -:  351:template <class T1, class D1, class T2, class D2>
        -:  352:    bool operator>=(const unique_ptr<T1, D1>& x, const unique_ptr<T2, D2>& y);
        -:  353:
        -:  354:template <class T, class D>
        -:  355:    bool operator==(const unique_ptr<T, D>& x, nullptr_t) noexcept;
        -:  356:template <class T, class D>
        -:  357:    bool operator==(nullptr_t, const unique_ptr<T, D>& y) noexcept;
        -:  358:template <class T, class D>
        -:  359:    bool operator!=(const unique_ptr<T, D>& x, nullptr_t) noexcept;
        -:  360:template <class T, class D>
        -:  361:    bool operator!=(nullptr_t, const unique_ptr<T, D>& y) noexcept;
        -:  362:
        -:  363:template <class T, class D>
        -:  364:    bool operator<(const unique_ptr<T, D>& x, nullptr_t);
        -:  365:template <class T, class D>
        -:  366:    bool operator<(nullptr_t, const unique_ptr<T, D>& y);
        -:  367:template <class T, class D>
        -:  368:    bool operator<=(const unique_ptr<T, D>& x, nullptr_t);
        -:  369:template <class T, class D>
        -:  370:    bool operator<=(nullptr_t, const unique_ptr<T, D>& y);
        -:  371:template <class T, class D>
        -:  372:    bool operator>(const unique_ptr<T, D>& x, nullptr_t);
        -:  373:template <class T, class D>
        -:  374:    bool operator>(nullptr_t, const unique_ptr<T, D>& y);
        -:  375:template <class T, class D>
        -:  376:    bool operator>=(const unique_ptr<T, D>& x, nullptr_t);
        -:  377:template <class T, class D>
        -:  378:    bool operator>=(nullptr_t, const unique_ptr<T, D>& y);
        -:  379:
        -:  380:class bad_weak_ptr
        -:  381:    : public std::exception
        -:  382:{
        -:  383:    bad_weak_ptr() noexcept;
        -:  384:};
        -:  385:
        -:  386:template<class T, class... Args> unique_ptr<T> make_unique(Args&&... args);     // C++14
        -:  387:template<class T>                unique_ptr<T> make_unique(size_t n);           // C++14
        -:  388:template<class T, class... Args> unspecified   make_unique(Args&&...) = delete; // C++14, T == U[N]
        -:  389:
        -:  390:template<class E, class T, class Y, class D>
        -:  391:    basic_ostream<E, T>& operator<< (basic_ostream<E, T>& os, unique_ptr<Y, D> const& p);
        -:  392:
        -:  393:template<class T>
        -:  394:class shared_ptr
        -:  395:{
        -:  396:public:
        -:  397:    typedef T element_type;
        -:  398:    typedef weak_ptr<T> weak_type; // C++17
        -:  399:
        -:  400:    // constructors:
        -:  401:    constexpr shared_ptr() noexcept;
        -:  402:    template<class Y> explicit shared_ptr(Y* p);
        -:  403:    template<class Y, class D> shared_ptr(Y* p, D d);
        -:  404:    template<class Y, class D, class A> shared_ptr(Y* p, D d, A a);
        -:  405:    template <class D> shared_ptr(nullptr_t p, D d);
        -:  406:    template <class D, class A> shared_ptr(nullptr_t p, D d, A a);
        -:  407:    template<class Y> shared_ptr(const shared_ptr<Y>& r, T *p) noexcept;
        -:  408:    shared_ptr(const shared_ptr& r) noexcept;
        -:  409:    template<class Y> shared_ptr(const shared_ptr<Y>& r) noexcept;
        -:  410:    shared_ptr(shared_ptr&& r) noexcept;
        -:  411:    template<class Y> shared_ptr(shared_ptr<Y>&& r) noexcept;
        -:  412:    template<class Y> explicit shared_ptr(const weak_ptr<Y>& r);
        -:  413:    template<class Y> shared_ptr(auto_ptr<Y>&& r);          // removed in C++17
        -:  414:    template <class Y, class D> shared_ptr(unique_ptr<Y, D>&& r);
        -:  415:    shared_ptr(nullptr_t) : shared_ptr() { }
        -:  416:
        -:  417:    // destructor:
        -:  418:    ~shared_ptr();
        -:  419:
        -:  420:    // assignment:
        -:  421:    shared_ptr& operator=(const shared_ptr& r) noexcept;
        -:  422:    template<class Y> shared_ptr& operator=(const shared_ptr<Y>& r) noexcept;
        -:  423:    shared_ptr& operator=(shared_ptr&& r) noexcept;
        -:  424:    template<class Y> shared_ptr& operator=(shared_ptr<Y>&& r);
        -:  425:    template<class Y> shared_ptr& operator=(auto_ptr<Y>&& r); // removed in C++17
        -:  426:    template <class Y, class D> shared_ptr& operator=(unique_ptr<Y, D>&& r);
        -:  427:
        -:  428:    // modifiers:
        -:  429:    void swap(shared_ptr& r) noexcept;
        -:  430:    void reset() noexcept;
        -:  431:    template<class Y> void reset(Y* p);
        -:  432:    template<class Y, class D> void reset(Y* p, D d);
        -:  433:    template<class Y, class D, class A> void reset(Y* p, D d, A a);
        -:  434:
        -:  435:    // observers:
        -:  436:    T* get() const noexcept;
        -:  437:    T& operator*() const noexcept;
        -:  438:    T* operator->() const noexcept;
        -:  439:    long use_count() const noexcept;
        -:  440:    bool unique() const noexcept;
        -:  441:    explicit operator bool() const noexcept;
        -:  442:    template<class U> bool owner_before(shared_ptr<U> const& b) const noexcept;
        -:  443:    template<class U> bool owner_before(weak_ptr<U> const& b) const noexcept;
        -:  444:};
        -:  445:
        -:  446:// shared_ptr comparisons:
        -:  447:template<class T, class U>
        -:  448:    bool operator==(shared_ptr<T> const& a, shared_ptr<U> const& b) noexcept;
        -:  449:template<class T, class U>
        -:  450:    bool operator!=(shared_ptr<T> const& a, shared_ptr<U> const& b) noexcept;
        -:  451:template<class T, class U>
        -:  452:    bool operator<(shared_ptr<T> const& a, shared_ptr<U> const& b) noexcept;
        -:  453:template<class T, class U>
        -:  454:    bool operator>(shared_ptr<T> const& a, shared_ptr<U> const& b) noexcept;
        -:  455:template<class T, class U>
        -:  456:    bool operator<=(shared_ptr<T> const& a, shared_ptr<U> const& b) noexcept;
        -:  457:template<class T, class U>
        -:  458:    bool operator>=(shared_ptr<T> const& a, shared_ptr<U> const& b) noexcept;
        -:  459:
        -:  460:template <class T>
        -:  461:    bool operator==(const shared_ptr<T>& x, nullptr_t) noexcept;
        -:  462:template <class T>
        -:  463:    bool operator==(nullptr_t, const shared_ptr<T>& y) noexcept;
        -:  464:template <class T>
        -:  465:    bool operator!=(const shared_ptr<T>& x, nullptr_t) noexcept;
        -:  466:template <class T>
        -:  467:    bool operator!=(nullptr_t, const shared_ptr<T>& y) noexcept;
        -:  468:template <class T>
        -:  469:    bool operator<(const shared_ptr<T>& x, nullptr_t) noexcept;
        -:  470:template <class T>
        -:  471:bool operator<(nullptr_t, const shared_ptr<T>& y) noexcept;
        -:  472:template <class T>
        -:  473:    bool operator<=(const shared_ptr<T>& x, nullptr_t) noexcept;
        -:  474:template <class T>
        -:  475:    bool operator<=(nullptr_t, const shared_ptr<T>& y) noexcept;
        -:  476:template <class T>
        -:  477:    bool operator>(const shared_ptr<T>& x, nullptr_t) noexcept;
        -:  478:template <class T>
        -:  479:    bool operator>(nullptr_t, const shared_ptr<T>& y) noexcept;
        -:  480:template <class T>
        -:  481:    bool operator>=(const shared_ptr<T>& x, nullptr_t) noexcept;
        -:  482:template <class T>
        -:  483:    bool operator>=(nullptr_t, const shared_ptr<T>& y) noexcept;
        -:  484:
        -:  485:// shared_ptr specialized algorithms:
        -:  486:template<class T> void swap(shared_ptr<T>& a, shared_ptr<T>& b) noexcept;
        -:  487:
        -:  488:// shared_ptr casts:
        -:  489:template<class T, class U>
        -:  490:    shared_ptr<T> static_pointer_cast(shared_ptr<U> const& r) noexcept;
        -:  491:template<class T, class U>
        -:  492:    shared_ptr<T> dynamic_pointer_cast(shared_ptr<U> const& r) noexcept;
        -:  493:template<class T, class U>
        -:  494:    shared_ptr<T> const_pointer_cast(shared_ptr<U> const& r) noexcept;
        -:  495:
        -:  496:// shared_ptr I/O:
        -:  497:template<class E, class T, class Y>
        -:  498:    basic_ostream<E, T>& operator<< (basic_ostream<E, T>& os, shared_ptr<Y> const& p);
        -:  499:
        -:  500:// shared_ptr get_deleter:
        -:  501:template<class D, class T> D* get_deleter(shared_ptr<T> const& p) noexcept;
        -:  502:
        -:  503:template<class T, class... Args>
        -:  504:    shared_ptr<T> make_shared(Args&&... args);
        -:  505:template<class T, class A, class... Args>
        -:  506:    shared_ptr<T> allocate_shared(const A& a, Args&&... args);
        -:  507:
        -:  508:template<class T>
        -:  509:class weak_ptr
        -:  510:{
        -:  511:public:
        -:  512:    typedef T element_type;
        -:  513:
        -:  514:    // constructors
        -:  515:    constexpr weak_ptr() noexcept;
        -:  516:    template<class Y> weak_ptr(shared_ptr<Y> const& r) noexcept;
        -:  517:    weak_ptr(weak_ptr const& r) noexcept;
        -:  518:    template<class Y> weak_ptr(weak_ptr<Y> const& r) noexcept;
        -:  519:    weak_ptr(weak_ptr&& r) noexcept;                      // C++14
        -:  520:    template<class Y> weak_ptr(weak_ptr<Y>&& r) noexcept; // C++14
        -:  521:
        -:  522:    // destructor
        -:  523:    ~weak_ptr();
        -:  524:
        -:  525:    // assignment
        -:  526:    weak_ptr& operator=(weak_ptr const& r) noexcept;
        -:  527:    template<class Y> weak_ptr& operator=(weak_ptr<Y> const& r) noexcept;
        -:  528:    template<class Y> weak_ptr& operator=(shared_ptr<Y> const& r) noexcept;
        -:  529:    weak_ptr& operator=(weak_ptr&& r) noexcept;                      // C++14
        -:  530:    template<class Y> weak_ptr& operator=(weak_ptr<Y>&& r) noexcept; // C++14
        -:  531:
        -:  532:    // modifiers
        -:  533:    void swap(weak_ptr& r) noexcept;
        -:  534:    void reset() noexcept;
        -:  535:
        -:  536:    // observers
        -:  537:    long use_count() const noexcept;
        -:  538:    bool expired() const noexcept;
        -:  539:    shared_ptr<T> lock() const noexcept;
        -:  540:    template<class U> bool owner_before(shared_ptr<U> const& b) const noexcept;
        -:  541:    template<class U> bool owner_before(weak_ptr<U> const& b) const noexcept;
        -:  542:};
        -:  543:
        -:  544:// weak_ptr specialized algorithms:
        -:  545:template<class T> void swap(weak_ptr<T>& a, weak_ptr<T>& b) noexcept;
        -:  546:
        -:  547:// class owner_less:
        -:  548:template<class T> struct owner_less;
        -:  549:
        -:  550:template<class T>
        -:  551:struct owner_less<shared_ptr<T> >
        -:  552:    : binary_function<shared_ptr<T>, shared_ptr<T>, bool>
        -:  553:{
        -:  554:    typedef bool result_type;
        -:  555:    bool operator()(shared_ptr<T> const&, shared_ptr<T> const&) const noexcept;
        -:  556:    bool operator()(shared_ptr<T> const&, weak_ptr<T> const&) const noexcept;
        -:  557:    bool operator()(weak_ptr<T> const&, shared_ptr<T> const&) const noexcept;
        -:  558:};
        -:  559:
        -:  560:template<class T>
        -:  561:struct owner_less<weak_ptr<T> >
        -:  562:    : binary_function<weak_ptr<T>, weak_ptr<T>, bool>
        -:  563:{
        -:  564:    typedef bool result_type;
        -:  565:    bool operator()(weak_ptr<T> const&, weak_ptr<T> const&) const noexcept;
        -:  566:    bool operator()(shared_ptr<T> const&, weak_ptr<T> const&) const noexcept;
        -:  567:    bool operator()(weak_ptr<T> const&, shared_ptr<T> const&) const noexcept;
        -:  568:};
        -:  569:
        -:  570:template <>  // Added in C++14
        -:  571:struct owner_less<void>
        -:  572:{
        -:  573:    template <class _Tp, class _Up>
        -:  574:    bool operator()( shared_ptr<_Tp> const& __x, shared_ptr<_Up> const& __y) const noexcept;
        -:  575:    template <class _Tp, class _Up>
        -:  576:    bool operator()( shared_ptr<_Tp> const& __x,   weak_ptr<_Up> const& __y) const noexcept;
        -:  577:    template <class _Tp, class _Up>
        -:  578:    bool operator()(   weak_ptr<_Tp> const& __x, shared_ptr<_Up> const& __y) const noexcept;
        -:  579:    template <class _Tp, class _Up>
        -:  580:    bool operator()(   weak_ptr<_Tp> const& __x,   weak_ptr<_Up> const& __y) const noexcept;
        -:  581:
        -:  582:    typedef void is_transparent;
        -:  583:};
        -:  584:
        -:  585:template<class T>
        -:  586:class enable_shared_from_this
        -:  587:{
        -:  588:protected:
        -:  589:    constexpr enable_shared_from_this() noexcept;
        -:  590:    enable_shared_from_this(enable_shared_from_this const&) noexcept;
        -:  591:    enable_shared_from_this& operator=(enable_shared_from_this const&) noexcept;
        -:  592:    ~enable_shared_from_this();
        -:  593:public:
        -:  594:    shared_ptr<T> shared_from_this();
        -:  595:    shared_ptr<T const> shared_from_this() const;
        -:  596:};
        -:  597:
        -:  598:template<class T>
        -:  599:    bool atomic_is_lock_free(const shared_ptr<T>* p);
        -:  600:template<class T>
        -:  601:    shared_ptr<T> atomic_load(const shared_ptr<T>* p);
        -:  602:template<class T>
        -:  603:    shared_ptr<T> atomic_load_explicit(const shared_ptr<T>* p, memory_order mo);
        -:  604:template<class T>
        -:  605:    void atomic_store(shared_ptr<T>* p, shared_ptr<T> r);
        -:  606:template<class T>
        -:  607:    void atomic_store_explicit(shared_ptr<T>* p, shared_ptr<T> r, memory_order mo);
        -:  608:template<class T>
        -:  609:    shared_ptr<T> atomic_exchange(shared_ptr<T>* p, shared_ptr<T> r);
        -:  610:template<class T>
        -:  611:    shared_ptr<T>
        -:  612:    atomic_exchange_explicit(shared_ptr<T>* p, shared_ptr<T> r, memory_order mo);
        -:  613:template<class T>
        -:  614:    bool
        -:  615:    atomic_compare_exchange_weak(shared_ptr<T>* p, shared_ptr<T>* v, shared_ptr<T> w);
        -:  616:template<class T>
        -:  617:    bool
        -:  618:    atomic_compare_exchange_strong( shared_ptr<T>* p, shared_ptr<T>* v, shared_ptr<T> w);
        -:  619:template<class T>
        -:  620:    bool
        -:  621:    atomic_compare_exchange_weak_explicit(shared_ptr<T>* p, shared_ptr<T>* v,
        -:  622:                                          shared_ptr<T> w, memory_order success,
        -:  623:                                          memory_order failure);
        -:  624:template<class T>
        -:  625:    bool
        -:  626:    atomic_compare_exchange_strong_explicit(shared_ptr<T>* p, shared_ptr<T>* v,
        -:  627:                                            shared_ptr<T> w, memory_order success,
        -:  628:                                            memory_order failure);
        -:  629:// Hash support
        -:  630:template <class T> struct hash;
        -:  631:template <class T, class D> struct hash<unique_ptr<T, D> >;
        -:  632:template <class T> struct hash<shared_ptr<T> >;
        -:  633:
        -:  634:template <class T, class Alloc>
        -:  635:  inline constexpr bool uses_allocator_v = uses_allocator<T, Alloc>::value;
        -:  636:
        -:  637:// Pointer safety
        -:  638:enum class pointer_safety { relaxed, preferred, strict };
        -:  639:void declare_reachable(void *p);
        -:  640:template <class T> T *undeclare_reachable(T *p);
        -:  641:void declare_no_pointers(char *p, size_t n);
        -:  642:void undeclare_no_pointers(char *p, size_t n);
        -:  643:pointer_safety get_pointer_safety() noexcept;
        -:  644:
        -:  645:void* align(size_t alignment, size_t size, void*& ptr, size_t& space);
        -:  646:
        -:  647:}  // std
        -:  648:
        -:  649:*/
        -:  650:
        -:  651:#include <__config>
        -:  652:#include <type_traits>
        -:  653:#include <typeinfo>
        -:  654:#include <cstddef>
        -:  655:#include <cstdint>
        -:  656:#include <new>
        -:  657:#include <utility>
        -:  658:#include <limits>
        -:  659:#include <iterator>
        -:  660:#include <__functional_base>
        -:  661:#include <iosfwd>
        -:  662:#include <tuple>
        -:  663:#include <stdexcept>
        -:  664:#include <cstring>
        -:  665:#if !defined(_LIBCPP_HAS_NO_ATOMIC_HEADER)
        -:  666:#  include <atomic>
        -:  667:#endif
        -:  668:#include <__cxx_version>
        -:  669:
        -:  670:#if !defined(_LIBCPP_HAS_NO_PRAGMA_SYSTEM_HEADER)
        -:  671:#pragma GCC system_header
        -:  672:#endif
        -:  673:
        -:  674:_LIBCPP_PUSH_MACROS
        -:  675:#include <__undef_macros>
        -:  676:
        -:  677:
        -:  678:_LIBCPP_BEGIN_NAMESPACE_STD
        -:  679:
        -:  680:template <class _ValueType>
        -:  681:inline _LIBCPP_INLINE_VISIBILITY
        -:  682:_ValueType __libcpp_relaxed_load(_ValueType const* __value) {
        -:  683:#if !defined(_LIBCPP_HAS_NO_THREADS) && \
        -:  684:    defined(__ATOMIC_RELAXED) &&        \
        -:  685:    (__has_builtin(__atomic_load_n) || defined(_LIBCPP_COMPILER_GCC))
        -:  686:    return __atomic_load_n(__value, __ATOMIC_RELAXED);
        -:  687:#else
        -:  688:    return *__value;
        -:  689:#endif
        -:  690:}
        -:  691:
        -:  692:template <class _ValueType>
        -:  693:inline _LIBCPP_INLINE_VISIBILITY
        -:  694:_ValueType __libcpp_acquire_load(_ValueType const* __value) {
        -:  695:#if !defined(_LIBCPP_HAS_NO_THREADS) && \
        -:  696:    defined(__ATOMIC_ACQUIRE) &&        \
        -:  697:    (__has_builtin(__atomic_load_n) || defined(_LIBCPP_COMPILER_GCC))
        -:  698:    return __atomic_load_n(__value, __ATOMIC_ACQUIRE);
        -:  699:#else
        -:  700:    return *__value;
        -:  701:#endif
        -:  702:}
        -:  703:
        -:  704:// addressof moved to <type_traits>
        -:  705:
        -:  706:template <class _Tp> class allocator;
        -:  707:
        -:  708:template <>
        -:  709:class _LIBCPP_TEMPLATE_VIS allocator<void>
        -:  710:{
        -:  711:public:
        -:  712:    typedef void*             pointer;
        -:  713:    typedef const void*       const_pointer;
        -:  714:    typedef void              value_type;
        -:  715:
        -:  716:    template <class _Up> struct rebind {typedef allocator<_Up> other;};
        -:  717:};
        -:  718:
        -:  719:template <>
        -:  720:class _LIBCPP_TEMPLATE_VIS allocator<const void>
        -:  721:{
        -:  722:public:
        -:  723:    typedef const void*       pointer;
        -:  724:    typedef const void*       const_pointer;
        -:  725:    typedef const void        value_type;
        -:  726:
        -:  727:    template <class _Up> struct rebind {typedef allocator<_Up> other;};
        -:  728:};
        -:  729:
        -:  730:// pointer_traits
        -:  731:
        -:  732:template <class _Tp, class = void>
        -:  733:struct __has_element_type : false_type {};
        -:  734:
        -:  735:template <class _Tp>
        -:  736:struct __has_element_type<_Tp,
        -:  737:              typename __void_t<typename _Tp::element_type>::type> : true_type {};
        -:  738:
        -:  739:template <class _Ptr, bool = __has_element_type<_Ptr>::value>
        -:  740:struct __pointer_traits_element_type;
        -:  741:
        -:  742:template <class _Ptr>
        -:  743:struct __pointer_traits_element_type<_Ptr, true>
        -:  744:{
        -:  745:    typedef _LIBCPP_NODEBUG_TYPE typename _Ptr::element_type type;
        -:  746:};
        -:  747:
        -:  748:#ifndef _LIBCPP_HAS_NO_VARIADICS
        -:  749:
        -:  750:template <template <class, class...> class _Sp, class _Tp, class ..._Args>
        -:  751:struct __pointer_traits_element_type<_Sp<_Tp, _Args...>, true>
        -:  752:{
        -:  753:    typedef _LIBCPP_NODEBUG_TYPE typename _Sp<_Tp, _Args...>::element_type type;
        -:  754:};
        -:  755:
        -:  756:template <template <class, class...> class _Sp, class _Tp, class ..._Args>
        -:  757:struct __pointer_traits_element_type<_Sp<_Tp, _Args...>, false>
        -:  758:{
        -:  759:    typedef _LIBCPP_NODEBUG_TYPE _Tp type;
        -:  760:};
        -:  761:
        -:  762:#else  // _LIBCPP_HAS_NO_VARIADICS
        -:  763:
        -:  764:template <template <class> class _Sp, class _Tp>
        -:  765:struct __pointer_traits_element_type<_Sp<_Tp>, true>
        -:  766:{
        -:  767:    typedef typename _Sp<_Tp>::element_type type;
        -:  768:};
        -:  769:
        -:  770:template <template <class> class _Sp, class _Tp>
        -:  771:struct __pointer_traits_element_type<_Sp<_Tp>, false>
        -:  772:{
        -:  773:    typedef _Tp type;
        -:  774:};
        -:  775:
        -:  776:template <template <class, class> class _Sp, class _Tp, class _A0>
        -:  777:struct __pointer_traits_element_type<_Sp<_Tp, _A0>, true>
        -:  778:{
        -:  779:    typedef typename _Sp<_Tp, _A0>::element_type type;
        -:  780:};
        -:  781:
        -:  782:template <template <class, class> class _Sp, class _Tp, class _A0>
        -:  783:struct __pointer_traits_element_type<_Sp<_Tp, _A0>, false>
        -:  784:{
        -:  785:    typedef _Tp type;
        -:  786:};
        -:  787:
        -:  788:template <template <class, class, class> class _Sp, class _Tp, class _A0, class _A1>
        -:  789:struct __pointer_traits_element_type<_Sp<_Tp, _A0, _A1>, true>
        -:  790:{
        -:  791:    typedef typename _Sp<_Tp, _A0, _A1>::element_type type;
        -:  792:};
        -:  793:
        -:  794:template <template <class, class, class> class _Sp, class _Tp, class _A0, class _A1>
        -:  795:struct __pointer_traits_element_type<_Sp<_Tp, _A0, _A1>, false>
        -:  796:{
        -:  797:    typedef _Tp type;
        -:  798:};
        -:  799:
        -:  800:template <template <class, class, class, class> class _Sp, class _Tp, class _A0,
        -:  801:                                                           class _A1, class _A2>
        -:  802:struct __pointer_traits_element_type<_Sp<_Tp, _A0, _A1, _A2>, true>
        -:  803:{
        -:  804:    typedef typename _Sp<_Tp, _A0, _A1, _A2>::element_type type;
        -:  805:};
        -:  806:
        -:  807:template <template <class, class, class, class> class _Sp, class _Tp, class _A0,
        -:  808:                                                           class _A1, class _A2>
        -:  809:struct __pointer_traits_element_type<_Sp<_Tp, _A0, _A1, _A2>, false>
        -:  810:{
        -:  811:    typedef _Tp type;
        -:  812:};
        -:  813:
        -:  814:#endif  // _LIBCPP_HAS_NO_VARIADICS
        -:  815:
        -:  816:template <class _Tp, class = void>
        -:  817:struct __has_difference_type : false_type {};
        -:  818:
        -:  819:template <class _Tp>
        -:  820:struct __has_difference_type<_Tp,
        -:  821:            typename __void_t<typename _Tp::difference_type>::type> : true_type {};
        -:  822:
        -:  823:template <class _Ptr, bool = __has_difference_type<_Ptr>::value>
        -:  824:struct __pointer_traits_difference_type
        -:  825:{
        -:  826:    typedef _LIBCPP_NODEBUG_TYPE ptrdiff_t type;
        -:  827:};
        -:  828:
        -:  829:template <class _Ptr>
        -:  830:struct __pointer_traits_difference_type<_Ptr, true>
        -:  831:{
        -:  832:    typedef _LIBCPP_NODEBUG_TYPE typename _Ptr::difference_type type;
        -:  833:};
        -:  834:
        -:  835:template <class _Tp, class _Up>
        -:  836:struct __has_rebind
        -:  837:{
        -:  838:private:
        -:  839:    struct __two {char __lx; char __lxx;};
        -:  840:    template <class _Xp> static __two __test(...);
        -:  841:    template <class _Xp> static char __test(typename _Xp::template rebind<_Up>* = 0);
        -:  842:public:
        -:  843:    static const bool value = sizeof(__test<_Tp>(0)) == 1;
        -:  844:};
        -:  845:
        -:  846:template <class _Tp, class _Up, bool = __has_rebind<_Tp, _Up>::value>
        -:  847:struct __pointer_traits_rebind
        -:  848:{
        -:  849:#ifndef _LIBCPP_CXX03_LANG
        -:  850:    typedef _LIBCPP_NODEBUG_TYPE typename _Tp::template rebind<_Up> type;
        -:  851:#else
        -:  852:    typedef _LIBCPP_NODEBUG_TYPE typename _Tp::template rebind<_Up>::other type;
        -:  853:#endif
        -:  854:};
        -:  855:
        -:  856:#ifndef _LIBCPP_HAS_NO_VARIADICS
        -:  857:
        -:  858:template <template <class, class...> class _Sp, class _Tp, class ..._Args, class _Up>
        -:  859:struct __pointer_traits_rebind<_Sp<_Tp, _Args...>, _Up, true>
        -:  860:{
        -:  861:#ifndef _LIBCPP_CXX03_LANG
        -:  862:    typedef _LIBCPP_NODEBUG_TYPE typename _Sp<_Tp, _Args...>::template rebind<_Up> type;
        -:  863:#else
        -:  864:    typedef _LIBCPP_NODEBUG_TYPE typename _Sp<_Tp, _Args...>::template rebind<_Up>::other type;
        -:  865:#endif
        -:  866:};
        -:  867:
        -:  868:template <template <class, class...> class _Sp, class _Tp, class ..._Args, class _Up>
        -:  869:struct __pointer_traits_rebind<_Sp<_Tp, _Args...>, _Up, false>
        -:  870:{
        -:  871:    typedef _Sp<_Up, _Args...> type;
        -:  872:};
        -:  873:
        -:  874:#else  // _LIBCPP_HAS_NO_VARIADICS
        -:  875:
        -:  876:template <template <class> class _Sp, class _Tp, class _Up>
        -:  877:struct __pointer_traits_rebind<_Sp<_Tp>, _Up, true>
        -:  878:{
        -:  879:#ifndef _LIBCPP_CXX03_LANG
        -:  880:    typedef typename _Sp<_Tp>::template rebind<_Up> type;
        -:  881:#else
        -:  882:    typedef typename _Sp<_Tp>::template rebind<_Up>::other type;
        -:  883:#endif
        -:  884:};
        -:  885:
        -:  886:template <template <class> class _Sp, class _Tp, class _Up>
        -:  887:struct __pointer_traits_rebind<_Sp<_Tp>, _Up, false>
        -:  888:{
        -:  889:    typedef _Sp<_Up> type;
        -:  890:};
        -:  891:
        -:  892:template <template <class, class> class _Sp, class _Tp, class _A0, class _Up>
        -:  893:struct __pointer_traits_rebind<_Sp<_Tp, _A0>, _Up, true>
        -:  894:{
        -:  895:#ifndef _LIBCPP_CXX03_LANG
        -:  896:    typedef typename _Sp<_Tp, _A0>::template rebind<_Up> type;
        -:  897:#else
        -:  898:    typedef typename _Sp<_Tp, _A0>::template rebind<_Up>::other type;
        -:  899:#endif
        -:  900:};
        -:  901:
        -:  902:template <template <class, class> class _Sp, class _Tp, class _A0, class _Up>
        -:  903:struct __pointer_traits_rebind<_Sp<_Tp, _A0>, _Up, false>
        -:  904:{
        -:  905:    typedef _Sp<_Up, _A0> type;
        -:  906:};
        -:  907:
        -:  908:template <template <class, class, class> class _Sp, class _Tp, class _A0,
        -:  909:                                         class _A1, class _Up>
        -:  910:struct __pointer_traits_rebind<_Sp<_Tp, _A0, _A1>, _Up, true>
        -:  911:{
        -:  912:#ifndef _LIBCPP_CXX03_LANG
        -:  913:    typedef typename _Sp<_Tp, _A0, _A1>::template rebind<_Up> type;
        -:  914:#else
        -:  915:    typedef typename _Sp<_Tp, _A0, _A1>::template rebind<_Up>::other type;
        -:  916:#endif
        -:  917:};
        -:  918:
        -:  919:template <template <class, class, class> class _Sp, class _Tp, class _A0,
        -:  920:                                         class _A1, class _Up>
        -:  921:struct __pointer_traits_rebind<_Sp<_Tp, _A0, _A1>, _Up, false>
        -:  922:{
        -:  923:    typedef _Sp<_Up, _A0, _A1> type;
        -:  924:};
        -:  925:
        -:  926:template <template <class, class, class, class> class _Sp, class _Tp, class _A0,
        -:  927:                                                class _A1, class _A2, class _Up>
        -:  928:struct __pointer_traits_rebind<_Sp<_Tp, _A0, _A1, _A2>, _Up, true>
        -:  929:{
        -:  930:#ifndef _LIBCPP_CXX03_LANG
        -:  931:    typedef typename _Sp<_Tp, _A0, _A1, _A2>::template rebind<_Up> type;
        -:  932:#else
        -:  933:    typedef typename _Sp<_Tp, _A0, _A1, _A2>::template rebind<_Up>::other type;
        -:  934:#endif
        -:  935:};
        -:  936:
        -:  937:template <template <class, class, class, class> class _Sp, class _Tp, class _A0,
        -:  938:                                                class _A1, class _A2, class _Up>
        -:  939:struct __pointer_traits_rebind<_Sp<_Tp, _A0, _A1, _A2>, _Up, false>
        -:  940:{
        -:  941:    typedef _Sp<_Up, _A0, _A1, _A2> type;
        -:  942:};
        -:  943:
        -:  944:#endif  // _LIBCPP_HAS_NO_VARIADICS
        -:  945:
        -:  946:template <class _Ptr>
        -:  947:struct _LIBCPP_TEMPLATE_VIS pointer_traits
        -:  948:{
        -:  949:    typedef _Ptr                                                     pointer;
        -:  950:    typedef typename __pointer_traits_element_type<pointer>::type    element_type;
        -:  951:    typedef typename __pointer_traits_difference_type<pointer>::type difference_type;
        -:  952:
        -:  953:#ifndef _LIBCPP_CXX03_LANG
        -:  954:    template <class _Up> using rebind = typename __pointer_traits_rebind<pointer, _Up>::type;
        -:  955:#else
        -:  956:    template <class _Up> struct rebind
        -:  957:        {typedef typename __pointer_traits_rebind<pointer, _Up>::type other;};
        -:  958:#endif  // _LIBCPP_CXX03_LANG
        -:  959:
        -:  960:private:
        -:  961:    struct __nat {};
        -:  962:public:
        -:  963:    _LIBCPP_INLINE_VISIBILITY
        -:  964:    static pointer pointer_to(typename conditional<is_void<element_type>::value,
        -:  965:                                           __nat, element_type>::type& __r)
        -:  966:        {return pointer::pointer_to(__r);}
        -:  967:};
        -:  968:
        -:  969:template <class _Tp>
        -:  970:struct _LIBCPP_TEMPLATE_VIS pointer_traits<_Tp*>
        -:  971:{
        -:  972:    typedef _Tp*      pointer;
        -:  973:    typedef _Tp       element_type;
        -:  974:    typedef ptrdiff_t difference_type;
        -:  975:
        -:  976:#ifndef _LIBCPP_CXX03_LANG
        -:  977:    template <class _Up> using rebind = _Up*;
        -:  978:#else
        -:  979:    template <class _Up> struct rebind {typedef _Up* other;};
        -:  980:#endif
        -:  981:
        -:  982:private:
        -:  983:    struct __nat {};
        -:  984:public:
        -:  985:    _LIBCPP_INLINE_VISIBILITY _LIBCPP_CONSTEXPR_AFTER_CXX17
    #####:  986:    static pointer pointer_to(typename conditional<is_void<element_type>::value,
    $$$$$:  986-block  0
        -:  987:                                      __nat, element_type>::type& __r) _NOEXCEPT
    #####:  988:        {return _VSTD::addressof(__r);}
    $$$$$:  988-block  0
        -:  989:};
        -:  990:
        -:  991:template <class _From, class _To>
        -:  992:struct __rebind_pointer {
        -:  993:#ifndef _LIBCPP_CXX03_LANG
        -:  994:    typedef typename pointer_traits<_From>::template rebind<_To>        type;
        -:  995:#else
        -:  996:    typedef typename pointer_traits<_From>::template rebind<_To>::other type;
        -:  997:#endif
        -:  998:};
        -:  999:
        -: 1000:// allocator_traits
        -: 1001:
        -: 1002:template <class _Tp, class = void>
        -: 1003:struct __has_pointer_type : false_type {};
        -: 1004:
        -: 1005:template <class _Tp>
        -: 1006:struct __has_pointer_type<_Tp,
        -: 1007:          typename __void_t<typename _Tp::pointer>::type> : true_type {};
        -: 1008:
        -: 1009:namespace __pointer_type_imp
        -: 1010:{
        -: 1011:
        -: 1012:template <class _Tp, class _Dp, bool = __has_pointer_type<_Dp>::value>
        -: 1013:struct __pointer_type
        -: 1014:{
        -: 1015:    typedef _LIBCPP_NODEBUG_TYPE typename _Dp::pointer type;
        -: 1016:};
        -: 1017:
        -: 1018:template <class _Tp, class _Dp>
        -: 1019:struct __pointer_type<_Tp, _Dp, false>
        -: 1020:{
        -: 1021:    typedef _LIBCPP_NODEBUG_TYPE _Tp* type;
        -: 1022:};
        -: 1023:
        -: 1024:}  // __pointer_type_imp
        -: 1025:
        -: 1026:template <class _Tp, class _Dp>
        -: 1027:struct __pointer_type
        -: 1028:{
        -: 1029:    typedef _LIBCPP_NODEBUG_TYPE typename __pointer_type_imp::__pointer_type<_Tp, typename remove_reference<_Dp>::type>::type type;
        -: 1030:};
        -: 1031:
        -: 1032:template <class _Tp, class = void>
        -: 1033:struct __has_const_pointer : false_type {};
        -: 1034:
        -: 1035:template <class _Tp>
        -: 1036:struct __has_const_pointer<_Tp,
        -: 1037:            typename __void_t<typename _Tp::const_pointer>::type> : true_type {};
        -: 1038:
        -: 1039:template <class _Tp, class _Ptr, class _Alloc, bool = __has_const_pointer<_Alloc>::value>
        -: 1040:struct __const_pointer
        -: 1041:{
        -: 1042:    typedef _LIBCPP_NODEBUG_TYPE typename _Alloc::const_pointer type;
        -: 1043:};
        -: 1044:
        -: 1045:template <class _Tp, class _Ptr, class _Alloc>
        -: 1046:struct __const_pointer<_Tp, _Ptr, _Alloc, false>
        -: 1047:{
        -: 1048:#ifndef _LIBCPP_CXX03_LANG
        -: 1049:    typedef _LIBCPP_NODEBUG_TYPE typename pointer_traits<_Ptr>::template rebind<const _Tp> type;
        -: 1050:#else
        -: 1051:    typedef typename pointer_traits<_Ptr>::template rebind<const _Tp>::other type;
        -: 1052:#endif
        -: 1053:};
        -: 1054:
        -: 1055:template <class _Tp, class = void>
        -: 1056:struct __has_void_pointer : false_type {};
        -: 1057:
        -: 1058:template <class _Tp>
        -: 1059:struct __has_void_pointer<_Tp,
        -: 1060:               typename __void_t<typename _Tp::void_pointer>::type> : true_type {};
        -: 1061:
        -: 1062:template <class _Ptr, class _Alloc, bool = __has_void_pointer<_Alloc>::value>
        -: 1063:struct __void_pointer
        -: 1064:{
        -: 1065:    typedef _LIBCPP_NODEBUG_TYPE typename _Alloc::void_pointer type;
        -: 1066:};
        -: 1067:
        -: 1068:template <class _Ptr, class _Alloc>
        -: 1069:struct __void_pointer<_Ptr, _Alloc, false>
        -: 1070:{
        -: 1071:#ifndef _LIBCPP_CXX03_LANG
        -: 1072:    typedef _LIBCPP_NODEBUG_TYPE typename pointer_traits<_Ptr>::template rebind<void> type;
        -: 1073:#else
        -: 1074:    typedef _LIBCPP_NODEBUG_TYPE typename pointer_traits<_Ptr>::template rebind<void>::other type;
        -: 1075:#endif
        -: 1076:};
        -: 1077:
        -: 1078:template <class _Tp, class = void>
        -: 1079:struct __has_const_void_pointer : false_type {};
        -: 1080:
        -: 1081:template <class _Tp>
        -: 1082:struct __has_const_void_pointer<_Tp,
        -: 1083:            typename __void_t<typename _Tp::const_void_pointer>::type> : true_type {};
        -: 1084:
        -: 1085:template <class _Ptr, class _Alloc, bool = __has_const_void_pointer<_Alloc>::value>
        -: 1086:struct __const_void_pointer
        -: 1087:{
        -: 1088:    typedef _LIBCPP_NODEBUG_TYPE typename _Alloc::const_void_pointer type;
        -: 1089:};
        -: 1090:
        -: 1091:template <class _Ptr, class _Alloc>
        -: 1092:struct __const_void_pointer<_Ptr, _Alloc, false>
        -: 1093:{
        -: 1094:#ifndef _LIBCPP_CXX03_LANG
        -: 1095:    typedef _LIBCPP_NODEBUG_TYPE typename pointer_traits<_Ptr>::template rebind<const void> type;
        -: 1096:#else
        -: 1097:    typedef _LIBCPP_NODEBUG_TYPE typename pointer_traits<_Ptr>::template rebind<const void>::other type;
        -: 1098:#endif
        -: 1099:};
        -: 1100:
        -: 1101:
        -: 1102:template <bool _UsePointerTraits> struct __to_address_helper;
        -: 1103:
        -: 1104:template <> struct __to_address_helper<true> {
        -: 1105:    template <class _Pointer>
        -: 1106:    using __return_type = decltype(pointer_traits<_Pointer>::to_address(std::declval<const _Pointer&>()));
        -: 1107:
        -: 1108:    template <class _Pointer>
        -: 1109:    _LIBCPP_CONSTEXPR
        -: 1110:    static __return_type<_Pointer>
        -: 1111:    __do_it(const _Pointer &__p) _NOEXCEPT { return pointer_traits<_Pointer>::to_address(__p); }
        -: 1112:};
        -: 1113:
        -: 1114:template <class _Pointer, bool _Dummy = true>
        -: 1115:using __choose_to_address = __to_address_helper<_IsValidExpansion<__to_address_helper<_Dummy>::template __return_type, _Pointer>::value>;
        -: 1116:
        -: 1117:
        -: 1118:template <class _Tp>
        -: 1119:inline _LIBCPP_INLINE_VISIBILITY _LIBCPP_CONSTEXPR
        -: 1120:_Tp*
        8: 1121:__to_address(_Tp* __p) _NOEXCEPT
    $$$$$: 1121-block  0
        8: 1121-block  1
    $$$$$: 1121-block  2
    $$$$$: 1121-block  3
        -: 1122:{
        -: 1123:    static_assert(!is_function<_Tp>::value, "_Tp is a function type");
        8: 1124:    return __p;
    $$$$$: 1124-block  0
        8: 1124-block  1
    $$$$$: 1124-block  2
    $$$$$: 1124-block  3
        -: 1125:}
        -: 1126:
        -: 1127:template <class _Pointer>
        -: 1128:inline _LIBCPP_INLINE_VISIBILITY _LIBCPP_CONSTEXPR
        -: 1129:typename __choose_to_address<_Pointer>::template __return_type<_Pointer>
        -: 1130:__to_address(const _Pointer& __p) _NOEXCEPT {
        -: 1131:  return __choose_to_address<_Pointer>::__do_it(__p);
        -: 1132:}
        -: 1133:
        -: 1134:template <> struct __to_address_helper<false> {
        -: 1135:    template <class _Pointer>
        -: 1136:    using __return_type = typename pointer_traits<_Pointer>::element_type*;
        -: 1137:
        -: 1138:    template <class _Pointer>
        -: 1139:    _LIBCPP_CONSTEXPR
        -: 1140:    static __return_type<_Pointer>
        -: 1141:    __do_it(const _Pointer &__p) _NOEXCEPT { return std::__to_address(__p.operator->()); }
        -: 1142:};
        -: 1143:
        -: 1144:
        -: 1145:#if _LIBCPP_STD_VER > 17
        -: 1146:template <class _Tp>
        -: 1147:inline _LIBCPP_INLINE_VISIBILITY constexpr
        -: 1148:_Tp*
        -: 1149:to_address(_Tp* __p) _NOEXCEPT
        -: 1150:{
        -: 1151:    static_assert(!is_function_v<_Tp>, "_Tp is a function type");
        -: 1152:    return __p;
        -: 1153:}
        -: 1154:
        -: 1155:template <class _Pointer>
        -: 1156:inline _LIBCPP_INLINE_VISIBILITY
        -: 1157:auto
        -: 1158:to_address(const _Pointer& __p) _NOEXCEPT
        -: 1159:{
        -: 1160:    return _VSTD::__to_address(__p);
        -: 1161:}
        -: 1162:#endif
        -: 1163:
        -: 1164:template <class _Tp, class = void>
        -: 1165:struct __has_size_type : false_type {};
        -: 1166:
        -: 1167:template <class _Tp>
        -: 1168:struct __has_size_type<_Tp,
        -: 1169:               typename __void_t<typename _Tp::size_type>::type> : true_type {};
        -: 1170:
        -: 1171:template <class _Alloc, class _DiffType, bool = __has_size_type<_Alloc>::value>
        -: 1172:struct __size_type
        -: 1173:{
        -: 1174:    typedef _LIBCPP_NODEBUG_TYPE typename make_unsigned<_DiffType>::type type;
        -: 1175:};
        -: 1176:
        -: 1177:template <class _Alloc, class _DiffType>
        -: 1178:struct __size_type<_Alloc, _DiffType, true>
        -: 1179:{
        -: 1180:    typedef _LIBCPP_NODEBUG_TYPE typename _Alloc::size_type type;
        -: 1181:};
        -: 1182:
        -: 1183:template <class _Tp, class = void>
        -: 1184:struct __has_propagate_on_container_copy_assignment : false_type {};
        -: 1185:
        -: 1186:template <class _Tp>
        -: 1187:struct __has_propagate_on_container_copy_assignment<_Tp,
        -: 1188:    typename __void_t<typename _Tp::propagate_on_container_copy_assignment>::type>
        -: 1189:        : true_type {};
        -: 1190:
        -: 1191:template <class _Alloc, bool = __has_propagate_on_container_copy_assignment<_Alloc>::value>
        -: 1192:struct __propagate_on_container_copy_assignment
        -: 1193:{
        -: 1194:    typedef _LIBCPP_NODEBUG_TYPE false_type type;
        -: 1195:};
        -: 1196:
        -: 1197:template <class _Alloc>
        -: 1198:struct __propagate_on_container_copy_assignment<_Alloc, true>
        -: 1199:{
        -: 1200:    typedef _LIBCPP_NODEBUG_TYPE typename _Alloc::propagate_on_container_copy_assignment type;
        -: 1201:};
        -: 1202:
        -: 1203:template <class _Tp, class = void>
        -: 1204:struct __has_propagate_on_container_move_assignment : false_type {};
        -: 1205:
        -: 1206:template <class _Tp>
        -: 1207:struct __has_propagate_on_container_move_assignment<_Tp,
        -: 1208:           typename __void_t<typename _Tp::propagate_on_container_move_assignment>::type>
        -: 1209:               : true_type {};
        -: 1210:
        -: 1211:template <class _Alloc, bool = __has_propagate_on_container_move_assignment<_Alloc>::value>
        -: 1212:struct __propagate_on_container_move_assignment
        -: 1213:{
        -: 1214:    typedef false_type type;
        -: 1215:};
        -: 1216:
        -: 1217:template <class _Alloc>
        -: 1218:struct __propagate_on_container_move_assignment<_Alloc, true>
        -: 1219:{
        -: 1220:    typedef _LIBCPP_NODEBUG_TYPE typename _Alloc::propagate_on_container_move_assignment type;
        -: 1221:};
        -: 1222:
        -: 1223:template <class _Tp, class = void>
        -: 1224:struct __has_propagate_on_container_swap : false_type {};
        -: 1225:
        -: 1226:template <class _Tp>
        -: 1227:struct __has_propagate_on_container_swap<_Tp,
        -: 1228:           typename __void_t<typename _Tp::propagate_on_container_swap>::type>
        -: 1229:               : true_type {};
        -: 1230:
        -: 1231:template <class _Alloc, bool = __has_propagate_on_container_swap<_Alloc>::value>
        -: 1232:struct __propagate_on_container_swap
        -: 1233:{
        -: 1234:    typedef false_type type;
        -: 1235:};
        -: 1236:
        -: 1237:template <class _Alloc>
        -: 1238:struct __propagate_on_container_swap<_Alloc, true>
        -: 1239:{
        -: 1240:    typedef _LIBCPP_NODEBUG_TYPE typename _Alloc::propagate_on_container_swap type;
        -: 1241:};
        -: 1242:
        -: 1243:template <class _Tp, class = void>
        -: 1244:struct __has_is_always_equal : false_type {};
        -: 1245:
        -: 1246:template <class _Tp>
        -: 1247:struct __has_is_always_equal<_Tp,
        -: 1248:           typename __void_t<typename _Tp::is_always_equal>::type>
        -: 1249:               : true_type {};
        -: 1250:
        -: 1251:template <class _Alloc, bool = __has_is_always_equal<_Alloc>::value>
        -: 1252:struct __is_always_equal
        -: 1253:{
        -: 1254:    typedef _LIBCPP_NODEBUG_TYPE typename _VSTD::is_empty<_Alloc>::type type;
        -: 1255:};
        -: 1256:
        -: 1257:template <class _Alloc>
        -: 1258:struct __is_always_equal<_Alloc, true>
        -: 1259:{
        -: 1260:    typedef _LIBCPP_NODEBUG_TYPE typename _Alloc::is_always_equal type;
        -: 1261:};
        -: 1262:
        -: 1263:template <class _Tp, class _Up, bool = __has_rebind<_Tp, _Up>::value>
        -: 1264:struct __has_rebind_other
        -: 1265:{
        -: 1266:private:
        -: 1267:    struct __two {char __lx; char __lxx;};
        -: 1268:    template <class _Xp> static __two __test(...);
        -: 1269:    template <class _Xp> static char __test(typename _Xp::template rebind<_Up>::other* = 0);
        -: 1270:public:
        -: 1271:    static const bool value = sizeof(__test<_Tp>(0)) == 1;
        -: 1272:};
        -: 1273:
        -: 1274:template <class _Tp, class _Up>
        -: 1275:struct __has_rebind_other<_Tp, _Up, false>
        -: 1276:{
        -: 1277:    static const bool value = false;
        -: 1278:};
        -: 1279:
        -: 1280:template <class _Tp, class _Up, bool = __has_rebind_other<_Tp, _Up>::value>
        -: 1281:struct __allocator_traits_rebind
        -: 1282:{
        -: 1283:    typedef _LIBCPP_NODEBUG_TYPE typename _Tp::template rebind<_Up>::other type;
        -: 1284:};
        -: 1285:
        -: 1286:#ifndef _LIBCPP_HAS_NO_VARIADICS
        -: 1287:
        -: 1288:template <template <class, class...> class _Alloc, class _Tp, class ..._Args, class _Up>
        -: 1289:struct __allocator_traits_rebind<_Alloc<_Tp, _Args...>, _Up, true>
        -: 1290:{
        -: 1291:    typedef _LIBCPP_NODEBUG_TYPE typename _Alloc<_Tp, _Args...>::template rebind<_Up>::other type;
        -: 1292:};
        -: 1293:
        -: 1294:template <template <class, class...> class _Alloc, class _Tp, class ..._Args, class _Up>
        -: 1295:struct __allocator_traits_rebind<_Alloc<_Tp, _Args...>, _Up, false>
        -: 1296:{
        -: 1297:    typedef _LIBCPP_NODEBUG_TYPE _Alloc<_Up, _Args...> type;
        -: 1298:};
        -: 1299:
        -: 1300:#else  // _LIBCPP_HAS_NO_VARIADICS
        -: 1301:
        -: 1302:template <template <class> class _Alloc, class _Tp, class _Up>
        -: 1303:struct __allocator_traits_rebind<_Alloc<_Tp>, _Up, true>
        -: 1304:{
        -: 1305:    typedef typename _Alloc<_Tp>::template rebind<_Up>::other type;
        -: 1306:};
        -: 1307:
        -: 1308:template <template <class> class _Alloc, class _Tp, class _Up>
        -: 1309:struct __allocator_traits_rebind<_Alloc<_Tp>, _Up, false>
        -: 1310:{
        -: 1311:    typedef _Alloc<_Up> type;
        -: 1312:};
        -: 1313:
        -: 1314:template <template <class, class> class _Alloc, class _Tp, class _A0, class _Up>
        -: 1315:struct __allocator_traits_rebind<_Alloc<_Tp, _A0>, _Up, true>
        -: 1316:{
        -: 1317:    typedef typename _Alloc<_Tp, _A0>::template rebind<_Up>::other type;
        -: 1318:};
        -: 1319:
        -: 1320:template <template <class, class> class _Alloc, class _Tp, class _A0, class _Up>
        -: 1321:struct __allocator_traits_rebind<_Alloc<_Tp, _A0>, _Up, false>
        -: 1322:{
        -: 1323:    typedef _Alloc<_Up, _A0> type;
        -: 1324:};
        -: 1325:
        -: 1326:template <template <class, class, class> class _Alloc, class _Tp, class _A0,
        -: 1327:                                         class _A1, class _Up>
        -: 1328:struct __allocator_traits_rebind<_Alloc<_Tp, _A0, _A1>, _Up, true>
        -: 1329:{
        -: 1330:    typedef typename _Alloc<_Tp, _A0, _A1>::template rebind<_Up>::other type;
        -: 1331:};
        -: 1332:
        -: 1333:template <template <class, class, class> class _Alloc, class _Tp, class _A0,
        -: 1334:                                         class _A1, class _Up>
        -: 1335:struct __allocator_traits_rebind<_Alloc<_Tp, _A0, _A1>, _Up, false>
        -: 1336:{
        -: 1337:    typedef _Alloc<_Up, _A0, _A1> type;
        -: 1338:};
        -: 1339:
        -: 1340:template <template <class, class, class, class> class _Alloc, class _Tp, class _A0,
        -: 1341:                                                class _A1, class _A2, class _Up>
        -: 1342:struct __allocator_traits_rebind<_Alloc<_Tp, _A0, _A1, _A2>, _Up, true>
        -: 1343:{
        -: 1344:    typedef typename _Alloc<_Tp, _A0, _A1, _A2>::template rebind<_Up>::other type;
        -: 1345:};
        -: 1346:
        -: 1347:template <template <class, class, class, class> class _Alloc, class _Tp, class _A0,
        -: 1348:                                                class _A1, class _A2, class _Up>
        -: 1349:struct __allocator_traits_rebind<_Alloc<_Tp, _A0, _A1, _A2>, _Up, false>
        -: 1350:{
        -: 1351:    typedef _Alloc<_Up, _A0, _A1, _A2> type;
        -: 1352:};
        -: 1353:
        -: 1354:#endif  // _LIBCPP_HAS_NO_VARIADICS
        -: 1355:
        -: 1356:#ifndef _LIBCPP_CXX03_LANG
        -: 1357:
        -: 1358:template <class _Alloc, class _SizeType, class _ConstVoidPtr>
        -: 1359:auto
        -: 1360:__has_allocate_hint_test(_Alloc&& __a, _SizeType&& __sz, _ConstVoidPtr&& __p)
        -: 1361:    -> decltype((void)__a.allocate(__sz, __p), true_type());
        -: 1362:
        -: 1363:template <class _Alloc, class _SizeType, class _ConstVoidPtr>
        -: 1364:auto
        -: 1365:__has_allocate_hint_test(const _Alloc& __a, _SizeType&& __sz, _ConstVoidPtr&& __p)
        -: 1366:    -> false_type;
        -: 1367:
        -: 1368:template <class _Alloc, class _SizeType, class _ConstVoidPtr>
        -: 1369:struct __has_allocate_hint
        -: 1370:    : integral_constant<bool,
        -: 1371:        is_same<
        -: 1372:            decltype(_VSTD::__has_allocate_hint_test(declval<_Alloc>(),
        -: 1373:                                          declval<_SizeType>(),
        -: 1374:                                          declval<_ConstVoidPtr>())),
        -: 1375:            true_type>::value>
        -: 1376:{
        -: 1377:};
        -: 1378:
        -: 1379:#else  // _LIBCPP_CXX03_LANG
        -: 1380:
        -: 1381:template <class _Alloc, class _SizeType, class _ConstVoidPtr>
        -: 1382:struct __has_allocate_hint
        -: 1383:    : true_type
        -: 1384:{
        -: 1385:};
        -: 1386:
        -: 1387:#endif  // _LIBCPP_CXX03_LANG
        -: 1388:
        -: 1389:#if !defined(_LIBCPP_CXX03_LANG)
        -: 1390:
        -: 1391:template <class _Alloc, class _Tp, class ..._Args>
        -: 1392:decltype(_VSTD::declval<_Alloc>().construct(_VSTD::declval<_Tp*>(),
        -: 1393:                                           _VSTD::declval<_Args>()...),
        -: 1394:                                           true_type())
        -: 1395:__has_construct_test(_Alloc&& __a, _Tp* __p, _Args&& ...__args);
        -: 1396:
        -: 1397:template <class _Alloc, class _Pointer, class ..._Args>
        -: 1398:false_type
        -: 1399:__has_construct_test(const _Alloc& __a, _Pointer&& __p, _Args&& ...__args);
        -: 1400:
        -: 1401:template <class _Alloc, class _Pointer, class ..._Args>
        -: 1402:struct __has_construct
        -: 1403:    : integral_constant<bool,
        -: 1404:        is_same<
        -: 1405:            decltype(_VSTD::__has_construct_test(declval<_Alloc>(),
        -: 1406:                                          declval<_Pointer>(),
        -: 1407:                                          declval<_Args>()...)),
        -: 1408:            true_type>::value>
        -: 1409:{
        -: 1410:};
        -: 1411:
        -: 1412:template <class _Alloc, class _Pointer>
        -: 1413:auto
        -: 1414:__has_destroy_test(_Alloc&& __a, _Pointer&& __p)
        -: 1415:    -> decltype(__a.destroy(__p), true_type());
        -: 1416:
        -: 1417:template <class _Alloc, class _Pointer>
        -: 1418:auto
        -: 1419:__has_destroy_test(const _Alloc& __a, _Pointer&& __p)
        -: 1420:    -> false_type;
        -: 1421:
        -: 1422:template <class _Alloc, class _Pointer>
        -: 1423:struct __has_destroy
        -: 1424:    : integral_constant<bool,
        -: 1425:        is_same<
        -: 1426:            decltype(_VSTD::__has_destroy_test(declval<_Alloc>(),
        -: 1427:                                        declval<_Pointer>())),
        -: 1428:            true_type>::value>
        -: 1429:{
        -: 1430:};
        -: 1431:
        -: 1432:template <class _Alloc>
        -: 1433:auto
        -: 1434:__has_max_size_test(_Alloc&& __a)
        -: 1435:    -> decltype(__a.max_size(), true_type());
        -: 1436:
        -: 1437:template <class _Alloc>
        -: 1438:auto
        -: 1439:__has_max_size_test(const volatile _Alloc& __a)
        -: 1440:    -> false_type;
        -: 1441:
        -: 1442:template <class _Alloc>
        -: 1443:struct __has_max_size
        -: 1444:    : integral_constant<bool,
        -: 1445:        is_same<
        -: 1446:            decltype(_VSTD::__has_max_size_test(declval<_Alloc&>())),
        -: 1447:            true_type>::value>
        -: 1448:{
        -: 1449:};
        -: 1450:
        -: 1451:template <class _Alloc>
        -: 1452:auto
        -: 1453:__has_select_on_container_copy_construction_test(_Alloc&& __a)
        -: 1454:    -> decltype(__a.select_on_container_copy_construction(), true_type());
        -: 1455:
        -: 1456:template <class _Alloc>
        -: 1457:auto
        -: 1458:__has_select_on_container_copy_construction_test(const volatile _Alloc& __a)
        -: 1459:    -> false_type;
        -: 1460:
        -: 1461:template <class _Alloc>
        -: 1462:struct __has_select_on_container_copy_construction
        -: 1463:    : integral_constant<bool,
        -: 1464:        is_same<
        -: 1465:            decltype(_VSTD::__has_select_on_container_copy_construction_test(declval<_Alloc&>())),
        -: 1466:            true_type>::value>
        -: 1467:{
        -: 1468:};
        -: 1469:
        -: 1470:#else  // _LIBCPP_CXX03_LANG
        -: 1471:
        -: 1472:template <class _Alloc, class _Pointer, class _Tp, class = void>
        -: 1473:struct __has_construct : std::false_type {};
        -: 1474:
        -: 1475:template <class _Alloc, class _Pointer, class _Tp>
        -: 1476:struct __has_construct<_Alloc, _Pointer, _Tp, typename __void_t<
        -: 1477:    decltype(_VSTD::declval<_Alloc>().construct(_VSTD::declval<_Pointer>(), _VSTD::declval<_Tp>()))
        -: 1478:>::type> : std::true_type {};
        -: 1479:
        -: 1480:template <class _Alloc, class _Pointer, class = void>
        -: 1481:struct __has_destroy : false_type {};
        -: 1482:
        -: 1483:template <class _Alloc, class _Pointer>
        -: 1484:struct __has_destroy<_Alloc, _Pointer, typename __void_t<
        -: 1485:    decltype(_VSTD::declval<_Alloc>().destroy(_VSTD::declval<_Pointer>()))
        -: 1486:>::type> : std::true_type {};
        -: 1487:
        -: 1488:template <class _Alloc>
        -: 1489:struct __has_max_size
        -: 1490:    : true_type
        -: 1491:{
        -: 1492:};
        -: 1493:
        -: 1494:template <class _Alloc>
        -: 1495:struct __has_select_on_container_copy_construction
        -: 1496:    : false_type
        -: 1497:{
        -: 1498:};
        -: 1499:
        -: 1500:#endif  // _LIBCPP_CXX03_LANG
        -: 1501:
        -: 1502:template <class _Alloc, class _Ptr, bool = __has_difference_type<_Alloc>::value>
        -: 1503:struct __alloc_traits_difference_type
        -: 1504:{
        -: 1505:    typedef _LIBCPP_NODEBUG_TYPE typename pointer_traits<_Ptr>::difference_type type;
        -: 1506:};
        -: 1507:
        -: 1508:template <class _Alloc, class _Ptr>
        -: 1509:struct __alloc_traits_difference_type<_Alloc, _Ptr, true>
        -: 1510:{
        -: 1511:    typedef _LIBCPP_NODEBUG_TYPE typename _Alloc::difference_type type;
        -: 1512:};
        -: 1513:
        -: 1514:template <class _Tp>
        -: 1515:struct __is_default_allocator : false_type {};
        -: 1516:
        -: 1517:template <class _Tp>
        -: 1518:struct __is_default_allocator<_VSTD::allocator<_Tp> > : true_type {};
        -: 1519:
        -: 1520:
        -: 1521:
        -: 1522:template <class _Alloc,
        -: 1523:    bool = __has_construct<_Alloc, typename _Alloc::value_type*,  typename _Alloc::value_type&&>::value && !__is_default_allocator<_Alloc>::value
        -: 1524:    >
        -: 1525:struct __is_cpp17_move_insertable;
        -: 1526:template <class _Alloc>
        -: 1527:struct __is_cpp17_move_insertable<_Alloc, true> : std::true_type {};
        -: 1528:template <class _Alloc>
        -: 1529:struct __is_cpp17_move_insertable<_Alloc, false> : std::is_move_constructible<typename _Alloc::value_type> {};
        -: 1530:
        -: 1531:template <class _Alloc,
        -: 1532:    bool = __has_construct<_Alloc, typename _Alloc::value_type*, const typename _Alloc::value_type&>::value && !__is_default_allocator<_Alloc>::value
        -: 1533:    >
        -: 1534:struct __is_cpp17_copy_insertable;
        -: 1535:template <class _Alloc>
        -: 1536:struct __is_cpp17_copy_insertable<_Alloc, true> : __is_cpp17_move_insertable<_Alloc> {};
        -: 1537:template <class _Alloc>
        -: 1538:struct __is_cpp17_copy_insertable<_Alloc, false> : integral_constant<bool,
        -: 1539:    std::is_copy_constructible<typename _Alloc::value_type>::value &&
        -: 1540:    __is_cpp17_move_insertable<_Alloc>::value>
        -: 1541:  {};
        -: 1542:
        -: 1543:
        -: 1544:
        -: 1545:template <class _Alloc>
        -: 1546:struct _LIBCPP_TEMPLATE_VIS allocator_traits
        -: 1547:{
        -: 1548:    typedef _Alloc                              allocator_type;
        -: 1549:    typedef typename allocator_type::value_type value_type;
        -: 1550:
        -: 1551:    typedef typename __pointer_type<value_type, allocator_type>::type pointer;
        -: 1552:    typedef typename __const_pointer<value_type, pointer, allocator_type>::type const_pointer;
        -: 1553:    typedef typename __void_pointer<pointer, allocator_type>::type void_pointer;
        -: 1554:    typedef typename __const_void_pointer<pointer, allocator_type>::type const_void_pointer;
        -: 1555:
        -: 1556:    typedef typename __alloc_traits_difference_type<allocator_type, pointer>::type difference_type;
        -: 1557:    typedef typename __size_type<allocator_type, difference_type>::type size_type;
        -: 1558:
        -: 1559:    typedef typename __propagate_on_container_copy_assignment<allocator_type>::type
        -: 1560:                     propagate_on_container_copy_assignment;
        -: 1561:    typedef typename __propagate_on_container_move_assignment<allocator_type>::type
        -: 1562:                     propagate_on_container_move_assignment;
        -: 1563:    typedef typename __propagate_on_container_swap<allocator_type>::type
        -: 1564:                     propagate_on_container_swap;
        -: 1565:    typedef typename __is_always_equal<allocator_type>::type
        -: 1566:                     is_always_equal;
        -: 1567:
        -: 1568:#ifndef _LIBCPP_CXX03_LANG
        -: 1569:    template <class _Tp> using rebind_alloc =
        -: 1570:                  typename __allocator_traits_rebind<allocator_type, _Tp>::type;
        -: 1571:    template <class _Tp> using rebind_traits = allocator_traits<rebind_alloc<_Tp> >;
        -: 1572:#else  // _LIBCPP_CXX03_LANG
        -: 1573:    template <class _Tp> struct rebind_alloc
        -: 1574:        {typedef typename __allocator_traits_rebind<allocator_type, _Tp>::type other;};
        -: 1575:    template <class _Tp> struct rebind_traits
        -: 1576:        {typedef allocator_traits<typename rebind_alloc<_Tp>::other> other;};
        -: 1577:#endif  // _LIBCPP_CXX03_LANG
        -: 1578:
        -: 1579:    _LIBCPP_NODISCARD_AFTER_CXX17 _LIBCPP_INLINE_VISIBILITY
    #####: 1580:    static pointer allocate(allocator_type& __a, size_type __n)
    $$$$$: 1580-block  0
    $$$$$: 1580-block  1
    #####: 1581:        {return __a.allocate(__n);}
    $$$$$: 1581-block  0
    $$$$$: 1581-block  1
        -: 1582:    _LIBCPP_NODISCARD_AFTER_CXX17 _LIBCPP_INLINE_VISIBILITY
        -: 1583:    static pointer allocate(allocator_type& __a, size_type __n, const_void_pointer __hint)
        -: 1584:        {return __allocate(__a, __n, __hint,
        -: 1585:            __has_allocate_hint<allocator_type, size_type, const_void_pointer>());}
        -: 1586:
        -: 1587:    _LIBCPP_INLINE_VISIBILITY
    #####: 1588:    static void deallocate(allocator_type& __a, pointer __p, size_type __n) _NOEXCEPT
    $$$$$: 1588-block  0
    $$$$$: 1588-block  1
    #####: 1589:        {__a.deallocate(__p, __n);}
    $$$$$: 1589-block  0
    $$$$$: 1589-block  1
        -: 1590:
        -: 1591:#ifndef _LIBCPP_HAS_NO_VARIADICS
        -: 1592:    template <class _Tp, class... _Args>
[...]
        -: 4900:    if (__r.__cntrl_)
        -: 4901:        __r.__ptr_ = __ptr_;
        -: 4902:    return __r;
        -: 4903:}
        -: 4904:
        -: 4905:#if _LIBCPP_STD_VER > 14
        -: 4906:template <class _Tp = void> struct owner_less;
        -: 4907:#else
        -: 4908:template <class _Tp> struct owner_less;
        -: 4909:#endif
        -: 4910:
        -: 4911:template <class _Tp>
        -: 4912:struct _LIBCPP_TEMPLATE_VIS owner_less<shared_ptr<_Tp> >
        -: 4913:    : binary_function<shared_ptr<_Tp>, shared_ptr<_Tp>, bool>
        -: 4914:{
        -: 4915:    typedef bool result_type;
        -: 4916:    _LIBCPP_INLINE_VISIBILITY
        -: 4917:    bool operator()(shared_ptr<_Tp> const& __x, shared_ptr<_Tp> const& __y) const _NOEXCEPT
        -: 4918:        {return __x.owner_before(__y);}
        -: 4919:    _LIBCPP_INLINE_VISIBILITY
        -: 4920:    bool operator()(shared_ptr<_Tp> const& __x,   weak_ptr<_Tp> const& __y) const _NOEXCEPT
        -: 4921:        {return __x.owner_before(__y);}
        -: 4922:    _LIBCPP_INLINE_VISIBILITY
        -: 4923:    bool operator()(  weak_ptr<_Tp> const& __x, shared_ptr<_Tp> const& __y) const _NOEXCEPT
        -: 4924:        {return __x.owner_before(__y);}
        -: 4925:};
        -: 4926:
        -: 4927:template <class _Tp>
        -: 4928:struct _LIBCPP_TEMPLATE_VIS owner_less<weak_ptr<_Tp> >
        -: 4929:    : binary_function<weak_ptr<_Tp>, weak_ptr<_Tp>, bool>
        -: 4930:{
        -: 4931:    typedef bool result_type;
        -: 4932:    _LIBCPP_INLINE_VISIBILITY
        -: 4933:    bool operator()(  weak_ptr<_Tp> const& __x,   weak_ptr<_Tp> const& __y) const _NOEXCEPT
        -: 4934:        {return __x.owner_before(__y);}
        -: 4935:    _LIBCPP_INLINE_VISIBILITY
        -: 4936:    bool operator()(shared_ptr<_Tp> const& __x,   weak_ptr<_Tp> const& __y) const _NOEXCEPT
        -: 4937:        {return __x.owner_before(__y);}
        -: 4938:    _LIBCPP_INLINE_VISIBILITY
        -: 4939:    bool operator()(  weak_ptr<_Tp> const& __x, shared_ptr<_Tp> const& __y) const _NOEXCEPT
        -: 4940:        {return __x.owner_before(__y);}
        -: 4941:};
        -: 4942:
        -: 4943:#if _LIBCPP_STD_VER > 14
        -: 4944:template <>
        -: 4945:struct _LIBCPP_TEMPLATE_VIS owner_less<void>
        -: 4946:{
        -: 4947:    template <class _Tp, class _Up>
        -: 4948:    _LIBCPP_INLINE_VISIBILITY
        -: 4949:    bool operator()( shared_ptr<_Tp> const& __x, shared_ptr<_Up> const& __y) const _NOEXCEPT
        -: 4950:        {return __x.owner_before(__y);}
        -: 4951:    template <class _Tp, class _Up>
        -: 4952:    _LIBCPP_INLINE_VISIBILITY
        -: 4953:    bool operator()( shared_ptr<_Tp> const& __x,   weak_ptr<_Up> const& __y) const _NOEXCEPT
        -: 4954:        {return __x.owner_before(__y);}
        -: 4955:    template <class _Tp, class _Up>
        -: 4956:    _LIBCPP_INLINE_VISIBILITY
        -: 4957:    bool operator()(   weak_ptr<_Tp> const& __x, shared_ptr<_Up> const& __y) const _NOEXCEPT
        -: 4958:        {return __x.owner_before(__y);}
        -: 4959:    template <class _Tp, class _Up>
        -: 4960:    _LIBCPP_INLINE_VISIBILITY
        -: 4961:    bool operator()(   weak_ptr<_Tp> const& __x,   weak_ptr<_Up> const& __y) const _NOEXCEPT
        -: 4962:        {return __x.owner_before(__y);}
        -: 4963:    typedef void is_transparent;
        -: 4964:};
        -: 4965:#endif
        -: 4966:
        -: 4967:template<class _Tp>
        -: 4968:class _LIBCPP_TEMPLATE_VIS enable_shared_from_this
        -: 4969:{
        -: 4970:    mutable weak_ptr<_Tp> __weak_this_;
        -: 4971:protected:
        -: 4972:    _LIBCPP_INLINE_VISIBILITY _LIBCPP_CONSTEXPR
        -: 4973:    enable_shared_from_this() _NOEXCEPT {}
        -: 4974:    _LIBCPP_INLINE_VISIBILITY
        -: 4975:    enable_shared_from_this(enable_shared_from_this const&) _NOEXCEPT {}
        -: 4976:    _LIBCPP_INLINE_VISIBILITY
        -: 4977:    enable_shared_from_this& operator=(enable_shared_from_this const&) _NOEXCEPT
        -: 4978:        {return *this;}
        -: 4979:    _LIBCPP_INLINE_VISIBILITY
        -: 4980:    ~enable_shared_from_this() {}
        -: 4981:public:
        -: 4982:    _LIBCPP_INLINE_VISIBILITY
        -: 4983:    shared_ptr<_Tp> shared_from_this()
        -: 4984:        {return shared_ptr<_Tp>(__weak_this_);}
        -: 4985:    _LIBCPP_INLINE_VISIBILITY
        -: 4986:    shared_ptr<_Tp const> shared_from_this() const
        -: 4987:        {return shared_ptr<const _Tp>(__weak_this_);}
        -: 4988:
        -: 4989:#if _LIBCPP_STD_VER > 14
        -: 4990:    _LIBCPP_INLINE_VISIBILITY
        -: 4991:    weak_ptr<_Tp> weak_from_this() _NOEXCEPT
        -: 4992:       { return __weak_this_; }
        -: 4993:
        -: 4994:    _LIBCPP_INLINE_VISIBILITY
        -: 4995:    weak_ptr<const _Tp> weak_from_this() const _NOEXCEPT
        -: 4996:        { return __weak_this_; }
        -: 4997:#endif // _LIBCPP_STD_VER > 14
        -: 4998:
        -: 4999:    template <class _Up> friend class shared_ptr;
        -: 5000:};
        -: 5001:
        -: 5002:template <class _Tp>
        -: 5003:struct _LIBCPP_TEMPLATE_VIS hash<shared_ptr<_Tp> >
        -: 5004:{
        -: 5005:    typedef shared_ptr<_Tp>      argument_type;
        -: 5006:    typedef size_t               result_type;
        -: 5007:
        -: 5008:    _LIBCPP_INLINE_VISIBILITY
        -: 5009:    result_type operator()(const argument_type& __ptr) const _NOEXCEPT
        -: 5010:    {
        -: 5011:        return hash<_Tp*>()(__ptr.get());
        -: 5012:    }
        -: 5013:};
        -: 5014:
        -: 5015:template<class _CharT, class _Traits, class _Yp>
        -: 5016:inline _LIBCPP_INLINE_VISIBILITY
        -: 5017:basic_ostream<_CharT, _Traits>&
        -: 5018:operator<<(basic_ostream<_CharT, _Traits>& __os, shared_ptr<_Yp> const& __p);
        -: 5019:
        -: 5020:
        -: 5021:#if !defined(_LIBCPP_HAS_NO_ATOMIC_HEADER)
        -: 5022:
        -: 5023:class _LIBCPP_TYPE_VIS __sp_mut
        -: 5024:{
        -: 5025:    void* __lx;
        -: 5026:public:
        -: 5027:    void lock() _NOEXCEPT;
        -: 5028:    void unlock() _NOEXCEPT;
        -: 5029:
        -: 5030:private:
        -: 5031:    _LIBCPP_CONSTEXPR __sp_mut(void*) _NOEXCEPT;
        -: 5032:    __sp_mut(const __sp_mut&);
        -: 5033:    __sp_mut& operator=(const __sp_mut&);
        -: 5034:
        -: 5035:    friend _LIBCPP_FUNC_VIS __sp_mut& __get_sp_mut(const void*);
        -: 5036:};
        -: 5037:
        -: 5038:_LIBCPP_FUNC_VIS _LIBCPP_AVAILABILITY_ATOMIC_SHARED_PTR
        -: 5039:__sp_mut& __get_sp_mut(const void*);
        -: 5040:
        -: 5041:template <class _Tp>
        -: 5042:inline _LIBCPP_INLINE_VISIBILITY
        -: 5043:bool
        -: 5044:atomic_is_lock_free(const shared_ptr<_Tp>*)
        -: 5045:{
        -: 5046:    return false;
        -: 5047:}
        -: 5048:
        -: 5049:template <class _Tp>
        -: 5050:_LIBCPP_AVAILABILITY_ATOMIC_SHARED_PTR
        -: 5051:shared_ptr<_Tp>
        -: 5052:atomic_load(const shared_ptr<_Tp>* __p)
        -: 5053:{
        -: 5054:    __sp_mut& __m = __get_sp_mut(__p);
        -: 5055:    __m.lock();
        -: 5056:    shared_ptr<_Tp> __q = *__p;
        -: 5057:    __m.unlock();
        -: 5058:    return __q;
        -: 5059:}
        -: 5060:
        -: 5061:template <class _Tp>
        -: 5062:inline _LIBCPP_INLINE_VISIBILITY
        -: 5063:_LIBCPP_AVAILABILITY_ATOMIC_SHARED_PTR
        -: 5064:shared_ptr<_Tp>
        -: 5065:atomic_load_explicit(const shared_ptr<_Tp>* __p, memory_order)
        -: 5066:{
        -: 5067:    return atomic_load(__p);
        -: 5068:}
        -: 5069:
        -: 5070:template <class _Tp>
        -: 5071:_LIBCPP_AVAILABILITY_ATOMIC_SHARED_PTR
        -: 5072:void
        -: 5073:atomic_store(shared_ptr<_Tp>* __p, shared_ptr<_Tp> __r)
        -: 5074:{
        -: 5075:    __sp_mut& __m = __get_sp_mut(__p);
        -: 5076:    __m.lock();
        -: 5077:    __p->swap(__r);
        -: 5078:    __m.unlock();
        -: 5079:}
        -: 5080:
        -: 5081:template <class _Tp>
        -: 5082:inline _LIBCPP_INLINE_VISIBILITY
        -: 5083:_LIBCPP_AVAILABILITY_ATOMIC_SHARED_PTR
        -: 5084:void
        -: 5085:atomic_store_explicit(shared_ptr<_Tp>* __p, shared_ptr<_Tp> __r, memory_order)
        -: 5086:{
        -: 5087:    atomic_store(__p, __r);
        -: 5088:}
        -: 5089:
        -: 5090:template <class _Tp>
        -: 5091:_LIBCPP_AVAILABILITY_ATOMIC_SHARED_PTR
        -: 5092:shared_ptr<_Tp>
        -: 5093:atomic_exchange(shared_ptr<_Tp>* __p, shared_ptr<_Tp> __r)
        -: 5094:{
        -: 5095:    __sp_mut& __m = __get_sp_mut(__p);
        -: 5096:    __m.lock();
        -: 5097:    __p->swap(__r);
        -: 5098:    __m.unlock();
        -: 5099:    return __r;
        -: 5100:}
        -: 5101:
        -: 5102:template <class _Tp>
        -: 5103:inline _LIBCPP_INLINE_VISIBILITY
        -: 5104:_LIBCPP_AVAILABILITY_ATOMIC_SHARED_PTR
        -: 5105:shared_ptr<_Tp>
        -: 5106:atomic_exchange_explicit(shared_ptr<_Tp>* __p, shared_ptr<_Tp> __r, memory_order)
        -: 5107:{
        -: 5108:    return atomic_exchange(__p, __r);
        -: 5109:}
        -: 5110:
        -: 5111:template <class _Tp>
        -: 5112:_LIBCPP_AVAILABILITY_ATOMIC_SHARED_PTR
        -: 5113:bool
        -: 5114:atomic_compare_exchange_strong(shared_ptr<_Tp>* __p, shared_ptr<_Tp>* __v, shared_ptr<_Tp> __w)
        -: 5115:{
        -: 5116:    shared_ptr<_Tp> __temp;
        -: 5117:    __sp_mut& __m = __get_sp_mut(__p);
        -: 5118:    __m.lock();
        -: 5119:    if (__p->__owner_equivalent(*__v))
        -: 5120:    {
        -: 5121:        _VSTD::swap(__temp, *__p);
        -: 5122:        *__p = __w;
        -: 5123:        __m.unlock();
        -: 5124:        return true;
        -: 5125:    }
        -: 5126:    _VSTD::swap(__temp, *__v);
        -: 5127:    *__v = *__p;
        -: 5128:    __m.unlock();
        -: 5129:    return false;
        -: 5130:}
        -: 5131:
        -: 5132:template <class _Tp>
        -: 5133:inline _LIBCPP_INLINE_VISIBILITY
        -: 5134:_LIBCPP_AVAILABILITY_ATOMIC_SHARED_PTR
        -: 5135:bool
        -: 5136:atomic_compare_exchange_weak(shared_ptr<_Tp>* __p, shared_ptr<_Tp>* __v, shared_ptr<_Tp> __w)
        -: 5137:{
        -: 5138:    return atomic_compare_exchange_strong(__p, __v, __w);
        -: 5139:}
        -: 5140:
        -: 5141:template <class _Tp>
        -: 5142:inline _LIBCPP_INLINE_VISIBILITY
        -: 5143:_LIBCPP_AVAILABILITY_ATOMIC_SHARED_PTR
        -: 5144:bool
        -: 5145:atomic_compare_exchange_strong_explicit(shared_ptr<_Tp>* __p, shared_ptr<_Tp>* __v,
        -: 5146:                                        shared_ptr<_Tp> __w, memory_order, memory_order)
        -: 5147:{
        -: 5148:    return atomic_compare_exchange_strong(__p, __v, __w);
        -: 5149:}
        -: 5150:
        -: 5151:template <class _Tp>
        -: 5152:inline _LIBCPP_INLINE_VISIBILITY
        -: 5153:_LIBCPP_AVAILABILITY_ATOMIC_SHARED_PTR
        -: 5154:bool
        -: 5155:atomic_compare_exchange_weak_explicit(shared_ptr<_Tp>* __p, shared_ptr<_Tp>* __v,
        -: 5156:                                      shared_ptr<_Tp> __w, memory_order, memory_order)
        -: 5157:{
        -: 5158:    return atomic_compare_exchange_weak(__p, __v, __w);
        -: 5159:}
        -: 5160:
        -: 5161:#endif  // !defined(_LIBCPP_HAS_NO_ATOMIC_HEADER)
        -: 5162:
        -: 5163://enum class
        -: 5164:#if defined(_LIBCPP_ABI_POINTER_SAFETY_ENUM_TYPE)
        -: 5165:# ifndef _LIBCPP_CXX03_LANG
        -: 5166:enum class pointer_safety : unsigned char {
        -: 5167:  relaxed,
        -: 5168:  preferred,
        -: 5169:  strict
        -: 5170:};
        -: 5171:# endif
        -: 5172:#else
        -: 5173:struct _LIBCPP_TYPE_VIS pointer_safety
        -: 5174:{
        -: 5175:    enum __lx
        -: 5176:    {
        -: 5177:        relaxed,
        -: 5178:        preferred,
        -: 5179:        strict
        -: 5180:    };
        -: 5181:
        -: 5182:    __lx __v_;
        -: 5183:
        -: 5184:    _LIBCPP_INLINE_VISIBILITY
        -: 5185:    pointer_safety() : __v_() {}
        -: 5186:
        -: 5187:    _LIBCPP_INLINE_VISIBILITY
        -: 5188:    pointer_safety(__lx __v) : __v_(__v) {}
        -: 5189:    _LIBCPP_INLINE_VISIBILITY
        -: 5190:    operator int() const {return __v_;}
        -: 5191:};
        -: 5192:#endif
        -: 5193:
        -: 5194:#if !defined(_LIBCPP_ABI_POINTER_SAFETY_ENUM_TYPE) && \
        -: 5195:    defined(_LIBCPP_BUILDING_LIBRARY)
        -: 5196:_LIBCPP_FUNC_VIS pointer_safety get_pointer_safety() _NOEXCEPT;
        -: 5197:#else
        -: 5198:// This function is only offered in C++03 under ABI v1.
        -: 5199:# if !defined(_LIBCPP_ABI_POINTER_SAFETY_ENUM_TYPE) || !defined(_LIBCPP_CXX03_LANG)
        -: 5200:inline _LIBCPP_INLINE_VISIBILITY
        -: 5201:pointer_safety get_pointer_safety() _NOEXCEPT {
        -: 5202:  return pointer_safety::relaxed;
        -: 5203:}
        -: 5204:# endif
        -: 5205:#endif
        -: 5206:
        -: 5207:
        -: 5208:_LIBCPP_FUNC_VIS void declare_reachable(void* __p);
        -: 5209:_LIBCPP_FUNC_VIS void declare_no_pointers(char* __p, size_t __n);
        -: 5210:_LIBCPP_FUNC_VIS void undeclare_no_pointers(char* __p, size_t __n);
        -: 5211:_LIBCPP_FUNC_VIS void* __undeclare_reachable(void* __p);
        -: 5212:
        -: 5213:template <class _Tp>
        -: 5214:inline _LIBCPP_INLINE_VISIBILITY
        -: 5215:_Tp*
        -: 5216:undeclare_reachable(_Tp* __p)
        -: 5217:{
        -: 5218:    return static_cast<_Tp*>(__undeclare_reachable(__p));
        -: 5219:}
        -: 5220:
        -: 5221:_LIBCPP_FUNC_VIS void* align(size_t __align, size_t __sz, void*& __ptr, size_t& __space);
        -: 5222:
        -: 5223:// --- Helper for container swap --
        -: 5224:template <typename _Alloc>
        -: 5225:inline _LIBCPP_INLINE_VISIBILITY
        -: 5226:void __swap_allocator(_Alloc & __a1, _Alloc & __a2)
        -: 5227:#if _LIBCPP_STD_VER >= 14
        -: 5228:    _NOEXCEPT
        -: 5229:#else
        -: 5230:    _NOEXCEPT_(__is_nothrow_swappable<_Alloc>::value)
        -: 5231:#endif
        -: 5232:{
        -: 5233:    __swap_allocator(__a1, __a2,
        -: 5234:      integral_constant<bool, _VSTD::allocator_traits<_Alloc>::propagate_on_container_swap::value>());
        -: 5235:}
        -: 5236:
        -: 5237:template <typename _Alloc>
        -: 5238:_LIBCPP_INLINE_VISIBILITY
        -: 5239:void __swap_allocator(_Alloc & __a1, _Alloc & __a2, true_type)
        -: 5240:#if _LIBCPP_STD_VER >= 14
        -: 5241:    _NOEXCEPT
        -: 5242:#else
        -: 5243:    _NOEXCEPT_(__is_nothrow_swappable<_Alloc>::value)
        -: 5244:#endif
        -: 5245:{
        -: 5246:    using _VSTD::swap;
        -: 5247:    swap(__a1, __a2);
        -: 5248:}
        -: 5249:
        -: 5250:template <typename _Alloc>
        -: 5251:inline _LIBCPP_INLINE_VISIBILITY
        -: 5252:void __swap_allocator(_Alloc &, _Alloc &, false_type) _NOEXCEPT {}
        -: 5253:
        -: 5254:template <typename _Alloc, typename _Traits=allocator_traits<_Alloc> >
        -: 5255:struct __noexcept_move_assign_container : public integral_constant<bool,
        -: 5256:    _Traits::propagate_on_container_move_assignment::value
        -: 5257:#if _LIBCPP_STD_VER > 14
        -: 5258:        || _Traits::is_always_equal::value
        -: 5259:#else
        -: 5260:        && is_nothrow_move_assignable<_Alloc>::value
        -: 5261:#endif
        -: 5262:    > {};
        -: 5263:
        -: 5264:
        -: 5265:#ifndef _LIBCPP_HAS_NO_VARIADICS
        -: 5266:template <class _Tp, class _Alloc>
        -: 5267:struct __temp_value {
        -: 5268:    typedef allocator_traits<_Alloc> _Traits;
        -: 5269:
        -: 5270:    typename aligned_storage<sizeof(_Tp), _LIBCPP_ALIGNOF(_Tp)>::type __v;
        -: 5271:    _Alloc &__a;
        -: 5272:
        -: 5273:    _Tp *__addr() { return reinterpret_cast<_Tp *>(addressof(__v)); }
        -: 5274:    _Tp &   get() { return *__addr(); }
        -: 5275:
        -: 5276:    template<class... _Args>
        -: 5277:    _LIBCPP_NO_CFI
        -: 5278:    __temp_value(_Alloc &__alloc, _Args&& ... __args) : __a(__alloc) {
        -: 5279:      _Traits::construct(__a, reinterpret_cast<_Tp*>(addressof(__v)),
        -: 5280:                         _VSTD::forward<_Args>(__args)...);
        -: 5281:    }
        -: 5282:
        -: 5283:    ~__temp_value() { _Traits::destroy(__a, __addr()); }
        -: 5284:    };
        -: 5285:#endif
        -: 5286:
        -: 5287:template<typename _Alloc, typename = void, typename = void>
        -: 5288:struct __is_allocator : false_type {};
        -: 5289:
        -: 5290:template<typename _Alloc>
        -: 5291:struct __is_allocator<_Alloc,
        -: 5292:       typename __void_t<typename _Alloc::value_type>::type,
        -: 5293:       typename __void_t<decltype(_VSTD::declval<_Alloc&>().allocate(size_t(0)))>::type
        -: 5294:     >
        -: 5295:   : true_type {};
        -: 5296:
        -: 5297:// __builtin_new_allocator -- A non-templated helper for allocating and
        -: 5298:// deallocating memory using __builtin_operator_new and
        -: 5299:// __builtin_operator_delete. It should be used in preference to
        -: 5300:// `std::allocator<T>` to avoid additional instantiations.
        -: 5301:struct __builtin_new_allocator {
        -: 5302:  struct __builtin_new_deleter {
        -: 5303:    typedef void* pointer_type;
        -: 5304:
        -: 5305:    _LIBCPP_CONSTEXPR explicit __builtin_new_deleter(size_t __size, size_t __align)
        -: 5306:        : __size_(__size), __align_(__align) {}
        -: 5307:
        -: 5308:    void operator()(void* p) const _NOEXCEPT {
        -: 5309:        std::__libcpp_deallocate(p, __size_, __align_);
        -: 5310:    }
        -: 5311:
        -: 5312:   private:
        -: 5313:    size_t __size_;
        -: 5314:    size_t __align_;
        -: 5315:  };
        -: 5316:
        -: 5317:  typedef unique_ptr<void, __builtin_new_deleter> __holder_t;
        -: 5318:
        -: 5319:  static __holder_t __allocate_bytes(size_t __s, size_t __align) {
        -: 5320:      return __holder_t(std::__libcpp_allocate(__s, __align),
        -: 5321:                     __builtin_new_deleter(__s, __align));
        -: 5322:  }
        -: 5323:
        -: 5324:  static void __deallocate_bytes(void* __p, size_t __s,
        -: 5325:                                 size_t __align) _NOEXCEPT {
        -: 5326:      std::__libcpp_deallocate(__p, __s, __align);
        -: 5327:  }
        -: 5328:
        -: 5329:  template <class _Tp>
        -: 5330:  _LIBCPP_NODEBUG _LIBCPP_ALWAYS_INLINE
        -: 5331:  static __holder_t __allocate_type(size_t __n) {
        -: 5332:      return __allocate_bytes(__n * sizeof(_Tp), _LIBCPP_ALIGNOF(_Tp));
        -: 5333:  }
        -: 5334:
        -: 5335:  template <class _Tp>
        -: 5336:  _LIBCPP_NODEBUG _LIBCPP_ALWAYS_INLINE
        -: 5337:  static void __deallocate_type(void* __p, size_t __n) _NOEXCEPT {
        -: 5338:      __deallocate_bytes(__p, __n * sizeof(_Tp), _LIBCPP_ALIGNOF(_Tp));
        -: 5339:  }
        -: 5340:};
        -: 5341:
        -: 5342:
        -: 5343:_LIBCPP_END_NAMESPACE_STD
        -: 5344:
        -: 5345:_LIBCPP_POP_MACROS
        -: 5346:
        -: 5347:#if defined(_LIBCPP_HAS_PARALLEL_ALGORITHMS) && _LIBCPP_STD_VER >= 17
        -: 5348:#   include <__pstl_memory>
        -: 5349:#endif
        -: 5350:
        -: 5351:#endif  // _LIBCPP_MEMORY
