        -:    0:Source:C:/Users/ramir/Desktop/TPI FINALIZADO/tpi_final/tests/EJ04_evolucionDePosicionTEST.cpp
        -:    0:Graph:C:\Users\ramir\Desktop\TPI FINALIZADO\tpi_final\cmake-build-debug\CMakeFiles\juegoDeLaVida.dir\tests\EJ04_evolucionDePosicionTEST.gcno
        -:    0:Data:C:\Users\ramir\Desktop\TPI FINALIZADO\tpi_final\cmake-build-debug\CMakeFiles\juegoDeLaVida.dir\tests\EJ04_evolucionDePosicionTEST.gcda
        -:    0:Runs:1
        -:    0:Programs:1
        -:    1:#include "../ejercicios.h"
        -:    2:#include "gtest/gtest.h"
        -:    3:
        -:    4:using namespace std;
        -:    5:
        2:    6:TEST(evolucionDePosicionTEST, toroideDiagonalTresPorTres){
        7:    7:    toroide t = { {true, false, false}, {false, true, false}, {false, false, true} };
       1*:    8:    EXPECT_TRUE(evolucionDePosicion(t, make_pair(1,1)));
        1:    9:}
------------------
_ZN55evolucionDePosicionTEST_toroideDiagonalTresPorTres_Test8TestBodyEv:
        1:    6:TEST(evolucionDePosicionTEST, toroideDiagonalTresPorTres){
        7:    7:    toroide t = { {true, false, false}, {false, true, false}, {false, false, true} };
        1:    7-block  0
        1:    7-block  1
        1:    7-block  2
        1:    7-block  3
        3:    7-block  4
        1:    7-block  5
    $$$$$:    7-block  6
    $$$$$:    7-block  7
    $$$$$:    7-block  8
    $$$$$:    7-block  9
    $$$$$:    7-block 10
    $$$$$:    7-block 11
    $$$$$:    7-block 12
    $$$$$:    7-block 13
    $$$$$:    7-block 14
    $$$$$:    7-block 15
       1*:    8:    EXPECT_TRUE(evolucionDePosicion(t, make_pair(1,1)));
        1:    8-block  0
        1:    8-block  1
        1:    8-block  2
    %%%%%:    8-block  3
    %%%%%:    8-block  4
    %%%%%:    8-block  5
    %%%%%:    8-block  6
    %%%%%:    8-block  7
        1:    8-block  8
    $$$$$:    8-block  9
    $$$$$:    8-block 10
    $$$$$:    8-block 11
    $$$$$:    8-block 12
    $$$$$:    8-block 13
    $$$$$:    8-block 14
    $$$$$:    8-block 15
    $$$$$:    8-block 16
    $$$$$:    8-block 17
    $$$$$:    8-block 18
        1:    9:}
------------------
_ZN55evolucionDePosicionTEST_toroideDiagonalTresPorTres_TestC1Ev:
        1:    6:TEST(evolucionDePosicionTEST, toroideDiagonalTresPorTres){
        1:    6-block  0
------------------
        -:   10:
        2:   11:TEST(evolucionDePosicionTEST, NoRevivePorCincoVecinosVivos){
        7:   12:    toroide t = { {false, true, true}, {false, true, false}, {false, true, true}};
       1*:   13:    EXPECT_FALSE(evolucionDePosicion(t, make_pair(1,0)));
        1:   14:}
------------------
_ZN57evolucionDePosicionTEST_NoRevivePorCincoVecinosVivos_Test8TestBodyEv:
        1:   11:TEST(evolucionDePosicionTEST, NoRevivePorCincoVecinosVivos){
        7:   12:    toroide t = { {false, true, true}, {false, true, false}, {false, true, true}};
        1:   12-block  0
        1:   12-block  1
        1:   12-block  2
        1:   12-block  3
        3:   12-block  4
        1:   12-block  5
    $$$$$:   12-block  6
    $$$$$:   12-block  7
    $$$$$:   12-block  8
    $$$$$:   12-block  9
    $$$$$:   12-block 10
    $$$$$:   12-block 11
    $$$$$:   12-block 12
    $$$$$:   12-block 13
    $$$$$:   12-block 14
    $$$$$:   12-block 15
       1*:   13:    EXPECT_FALSE(evolucionDePosicion(t, make_pair(1,0)));
        1:   13-block  0
        1:   13-block  1
        1:   13-block  2
    %%%%%:   13-block  3
    %%%%%:   13-block  4
    %%%%%:   13-block  5
    %%%%%:   13-block  6
    %%%%%:   13-block  7
        1:   13-block  8
    $$$$$:   13-block  9
    $$$$$:   13-block 10
    $$$$$:   13-block 11
    $$$$$:   13-block 12
    $$$$$:   13-block 13
    $$$$$:   13-block 14
    $$$$$:   13-block 15
    $$$$$:   13-block 16
    $$$$$:   13-block 17
    $$$$$:   13-block 18
        1:   14:}
------------------
_ZN57evolucionDePosicionTEST_NoRevivePorCincoVecinosVivos_TestC1Ev:
        1:   11:TEST(evolucionDePosicionTEST, NoRevivePorCincoVecinosVivos){
        1:   11-block  0
------------------
        -:   15:
        2:   16:TEST(evolucionDePosicionTEST, PorDerecha){
        7:   17:    toroide t = { {false, true, true}, {false, true, false}, {false, true, true}};
       1*:   18:    EXPECT_FALSE(evolucionDePosicion(t, make_pair(1,2)));
        1:   19:}
------------------
_ZN39evolucionDePosicionTEST_PorDerecha_Test8TestBodyEv:
        1:   16:TEST(evolucionDePosicionTEST, PorDerecha){
        7:   17:    toroide t = { {false, true, true}, {false, true, false}, {false, true, true}};
        1:   17-block  0
        1:   17-block  1
        1:   17-block  2
        1:   17-block  3
        3:   17-block  4
        1:   17-block  5
    $$$$$:   17-block  6
    $$$$$:   17-block  7
    $$$$$:   17-block  8
    $$$$$:   17-block  9
    $$$$$:   17-block 10
    $$$$$:   17-block 11
    $$$$$:   17-block 12
    $$$$$:   17-block 13
    $$$$$:   17-block 14
    $$$$$:   17-block 15
       1*:   18:    EXPECT_FALSE(evolucionDePosicion(t, make_pair(1,2)));
        1:   18-block  0
        1:   18-block  1
        1:   18-block  2
    %%%%%:   18-block  3
    %%%%%:   18-block  4
    %%%%%:   18-block  5
    %%%%%:   18-block  6
    %%%%%:   18-block  7
        1:   18-block  8
    $$$$$:   18-block  9
    $$$$$:   18-block 10
    $$$$$:   18-block 11
    $$$$$:   18-block 12
    $$$$$:   18-block 13
    $$$$$:   18-block 14
    $$$$$:   18-block 15
    $$$$$:   18-block 16
    $$$$$:   18-block 17
    $$$$$:   18-block 18
        1:   19:}
------------------
_ZN39evolucionDePosicionTEST_PorDerecha_TestC1Ev:
        1:   16:TEST(evolucionDePosicionTEST, PorDerecha){
        1:   16-block  0
------------------
        -:   20:
        2:   21:TEST(evolucionDePosicionTEST, ToroideMuerto){
        7:   22:    toroide t = { {false, false, false}, {false, false, false}, {false, false, false}};
       1*:   23:    EXPECT_FALSE(evolucionDePosicion(t, make_pair(1,2)));
        1:   24:}
------------------
_ZN42evolucionDePosicionTEST_ToroideMuerto_Test8TestBodyEv:
        1:   21:TEST(evolucionDePosicionTEST, ToroideMuerto){
        7:   22:    toroide t = { {false, false, false}, {false, false, false}, {false, false, false}};
        1:   22-block  0
        1:   22-block  1
        1:   22-block  2
        1:   22-block  3
        3:   22-block  4
        1:   22-block  5
    $$$$$:   22-block  6
    $$$$$:   22-block  7
    $$$$$:   22-block  8
    $$$$$:   22-block  9
    $$$$$:   22-block 10
    $$$$$:   22-block 11
    $$$$$:   22-block 12
    $$$$$:   22-block 13
    $$$$$:   22-block 14
    $$$$$:   22-block 15
       1*:   23:    EXPECT_FALSE(evolucionDePosicion(t, make_pair(1,2)));
        1:   23-block  0
        1:   23-block  1
        1:   23-block  2
    %%%%%:   23-block  3
    %%%%%:   23-block  4
    %%%%%:   23-block  5
    %%%%%:   23-block  6
    %%%%%:   23-block  7
        1:   23-block  8
    $$$$$:   23-block  9
    $$$$$:   23-block 10
    $$$$$:   23-block 11
    $$$$$:   23-block 12
    $$$$$:   23-block 13
    $$$$$:   23-block 14
    $$$$$:   23-block 15
    $$$$$:   23-block 16
    $$$$$:   23-block 17
    $$$$$:   23-block 18
        1:   24:}
------------------
_ZN42evolucionDePosicionTEST_ToroideMuerto_TestC1Ev:
        1:   21:TEST(evolucionDePosicionTEST, ToroideMuerto){
        1:   21-block  0
------------------
        -:   25:
        2:   26:TEST(evolucionDePosicionTEST, posFalsoVecinos3){
        7:   27:    toroide t = { {false, true, false}, {false, false, true}, {false, false, true}};
       1*:   28:    EXPECT_TRUE(evolucionDePosicion(t, make_pair(1,1)));
        1:   29:}
------------------
_ZN45evolucionDePosicionTEST_posFalsoVecinos3_Test8TestBodyEv:
        1:   26:TEST(evolucionDePosicionTEST, posFalsoVecinos3){
        7:   27:    toroide t = { {false, true, false}, {false, false, true}, {false, false, true}};
        1:   27-block  0
        1:   27-block  1
        1:   27-block  2
        1:   27-block  3
        3:   27-block  4
        1:   27-block  5
    $$$$$:   27-block  6
    $$$$$:   27-block  7
    $$$$$:   27-block  8
    $$$$$:   27-block  9
    $$$$$:   27-block 10
    $$$$$:   27-block 11
    $$$$$:   27-block 12
    $$$$$:   27-block 13
    $$$$$:   27-block 14
    $$$$$:   27-block 15
       1*:   28:    EXPECT_TRUE(evolucionDePosicion(t, make_pair(1,1)));
        1:   28-block  0
        1:   28-block  1
        1:   28-block  2
    %%%%%:   28-block  3
    %%%%%:   28-block  4
    %%%%%:   28-block  5
    %%%%%:   28-block  6
    %%%%%:   28-block  7
        1:   28-block  8
    $$$$$:   28-block  9
    $$$$$:   28-block 10
    $$$$$:   28-block 11
    $$$$$:   28-block 12
    $$$$$:   28-block 13
    $$$$$:   28-block 14
    $$$$$:   28-block 15
    $$$$$:   28-block 16
    $$$$$:   28-block 17
    $$$$$:   28-block 18
        1:   29:}
------------------
_ZN45evolucionDePosicionTEST_posFalsoVecinos3_TestC1Ev:
        1:   26:TEST(evolucionDePosicionTEST, posFalsoVecinos3){
        1:   26-block  0
------------------
        -:   30:
        2:   31:TEST(evolucionDePosicionTEST, posFalsoVecinos4){
        7:   32:    toroide t = { {false, true, false}, {false, false, true}, {false, true, true}};
       1*:   33:    EXPECT_FALSE(evolucionDePosicion(t, make_pair(1,1)));
        1:   34:}
------------------
_ZN45evolucionDePosicionTEST_posFalsoVecinos4_Test8TestBodyEv:
        1:   31:TEST(evolucionDePosicionTEST, posFalsoVecinos4){
        7:   32:    toroide t = { {false, true, false}, {false, false, true}, {false, true, true}};
        1:   32-block  0
        1:   32-block  1
        1:   32-block  2
        1:   32-block  3
        3:   32-block  4
        1:   32-block  5
    $$$$$:   32-block  6
    $$$$$:   32-block  7
    $$$$$:   32-block  8
    $$$$$:   32-block  9
    $$$$$:   32-block 10
    $$$$$:   32-block 11
    $$$$$:   32-block 12
    $$$$$:   32-block 13
    $$$$$:   32-block 14
    $$$$$:   32-block 15
       1*:   33:    EXPECT_FALSE(evolucionDePosicion(t, make_pair(1,1)));
        1:   33-block  0
        1:   33-block  1
        1:   33-block  2
    %%%%%:   33-block  3
    %%%%%:   33-block  4
    %%%%%:   33-block  5
    %%%%%:   33-block  6
    %%%%%:   33-block  7
        1:   33-block  8
    $$$$$:   33-block  9
    $$$$$:   33-block 10
    $$$$$:   33-block 11
    $$$$$:   33-block 12
    $$$$$:   33-block 13
    $$$$$:   33-block 14
    $$$$$:   33-block 15
    $$$$$:   33-block 16
    $$$$$:   33-block 17
    $$$$$:   33-block 18
        1:   34:}
------------------
_ZN45evolucionDePosicionTEST_posFalsoVecinos4_TestC1Ev:
        1:   31:TEST(evolucionDePosicionTEST, posFalsoVecinos4){
        1:   31-block  0
------------------
        -:   35:
        2:   36:TEST(evolucionDePosicionTEST, posFalsoVecinos2){
        7:   37:    toroide t = { {false, false, false}, {false, false, true}, {false, true, false}};
       1*:   38:    EXPECT_FALSE(evolucionDePosicion(t, make_pair(1,1)));
        1:   39:}
------------------
_ZN45evolucionDePosicionTEST_posFalsoVecinos2_Test8TestBodyEv:
        1:   36:TEST(evolucionDePosicionTEST, posFalsoVecinos2){
        7:   37:    toroide t = { {false, false, false}, {false, false, true}, {false, true, false}};
        1:   37-block  0
        1:   37-block  1
        1:   37-block  2
        1:   37-block  3
        3:   37-block  4
        1:   37-block  5
    $$$$$:   37-block  6
    $$$$$:   37-block  7
    $$$$$:   37-block  8
    $$$$$:   37-block  9
    $$$$$:   37-block 10
    $$$$$:   37-block 11
    $$$$$:   37-block 12
    $$$$$:   37-block 13
    $$$$$:   37-block 14
    $$$$$:   37-block 15
       1*:   38:    EXPECT_FALSE(evolucionDePosicion(t, make_pair(1,1)));
        1:   38-block  0
        1:   38-block  1
        1:   38-block  2
    %%%%%:   38-block  3
    %%%%%:   38-block  4
    %%%%%:   38-block  5
    %%%%%:   38-block  6
    %%%%%:   38-block  7
        1:   38-block  8
    $$$$$:   38-block  9
    $$$$$:   38-block 10
    $$$$$:   38-block 11
    $$$$$:   38-block 12
    $$$$$:   38-block 13
    $$$$$:   38-block 14
    $$$$$:   38-block 15
    $$$$$:   38-block 16
    $$$$$:   38-block 17
    $$$$$:   38-block 18
        1:   39:}
------------------
_ZN45evolucionDePosicionTEST_posFalsoVecinos2_TestC1Ev:
        1:   36:TEST(evolucionDePosicionTEST, posFalsoVecinos2){
        1:   36-block  0
------------------
        -:   40:
        2:   41:TEST(evolucionDePosicionTEST, posVerdaderoVecinos1){
        7:   42:    toroide t = { {false, true, false}, {false, true, false}, {false, false, false}};
       1*:   43:    EXPECT_FALSE(evolucionDePosicion(t, make_pair(1,1)));
        1:   44:}
------------------
_ZN49evolucionDePosicionTEST_posVerdaderoVecinos1_Test8TestBodyEv:
        1:   41:TEST(evolucionDePosicionTEST, posVerdaderoVecinos1){
        7:   42:    toroide t = { {false, true, false}, {false, true, false}, {false, false, false}};
        1:   42-block  0
        1:   42-block  1
        1:   42-block  2
        1:   42-block  3
        3:   42-block  4
        1:   42-block  5
    $$$$$:   42-block  6
    $$$$$:   42-block  7
    $$$$$:   42-block  8
    $$$$$:   42-block  9
    $$$$$:   42-block 10
    $$$$$:   42-block 11
    $$$$$:   42-block 12
    $$$$$:   42-block 13
    $$$$$:   42-block 14
    $$$$$:   42-block 15
       1*:   43:    EXPECT_FALSE(evolucionDePosicion(t, make_pair(1,1)));
        1:   43-block  0
        1:   43-block  1
        1:   43-block  2
    %%%%%:   43-block  3
    %%%%%:   43-block  4
    %%%%%:   43-block  5
    %%%%%:   43-block  6
    %%%%%:   43-block  7
        1:   43-block  8
    $$$$$:   43-block  9
    $$$$$:   43-block 10
    $$$$$:   43-block 11
    $$$$$:   43-block 12
    $$$$$:   43-block 13
    $$$$$:   43-block 14
    $$$$$:   43-block 15
    $$$$$:   43-block 16
    $$$$$:   43-block 17
    $$$$$:   43-block 18
        1:   44:}
------------------
_ZN49evolucionDePosicionTEST_posVerdaderoVecinos1_TestC1Ev:
        1:   41:TEST(evolucionDePosicionTEST, posVerdaderoVecinos1){
        1:   41-block  0
------------------
