        -:    0:Source:/Users/gianbattolla/Documents/Año 2020 - Cs. de la computación/Algoritmos y Estructuras de Datos 1/Trabajo Practico de Implementación - Juego de la Vida-20201031/tpi_final/tests/EJ05_evolucionToroideTEST.cpp
        -:    0:Graph:/Users/gianbattolla/Documents/Año 2020 - Cs. de la computación/Algoritmos y Estructuras de Datos 1/Trabajo Practico de Implementación - Juego de la Vida-20201031/tpi_final/cmake-build-debug/CMakeFiles/juegoDeLaVida.dir/tests/EJ05_evolucionToroideTEST.gcno
        -:    0:Data:/Users/gianbattolla/Documents/Año 2020 - Cs. de la computación/Algoritmos y Estructuras de Datos 1/Trabajo Practico de Implementación - Juego de la Vida-20201031/tpi_final/cmake-build-debug/CMakeFiles/juegoDeLaVida.dir/tests/EJ05_evolucionToroideTEST.gcda
        -:    0:Runs:1
        -:    0:Programs:1
        -:    1:#include "../ejercicios.h"
        -:    2:#include "gtest/gtest.h"
        -:    3:#include <algorithm>
        -:    4:
        -:    5:using namespace std;
        -:    6:
        7:    7:TEST(evolucionToroideTEST, toroideDiagonalTresPorTresUnPaso){
        1:    7-block  0
        1:    7-block  1
        1:    7-block  2
        1:    7-block  3
        1:    7-block  4
        1:    7-block  5
        1:    7-block  6
    $$$$$:    7-block  7
    $$$$$:    7-block  8
    $$$$$:    7-block  9
    $$$$$:    7-block 10
    $$$$$:    7-block 11
    $$$$$:    7-block 12
        1:    7-block 13
        1:    7-block 14
        1:    7-block 15
        1:    7-block 16
        1:    7-block 17
        1:    7-block 18
        1:    7-block 19
        1:    7-block 20
        3:    8:    toroide t = { {true, false, false}, {false, true, false}, {false, false, true} };
        1:    8-block  0
        1:    8-block  1
        1:    8-block  2
        1:    8-block  3
        1:    8-block  4
        3:    8-block  5
    $$$$$:    8-block  6
    $$$$$:    8-block  7
    $$$$$:    8-block  8
    $$$$$:    8-block  9
    $$$$$:    8-block 10
    $$$$$:    8-block 11
    $$$$$:    8-block 12
        -:    9:    //1*0 0 1*0
        -:   10:    //0 1 0 0 1
        -:   11:    //0 0 1 0 0
        -:   12:    //1 0 0 1 0
        -:   13:    //0*1 0 0*1
        3:   14:    toroide evo_t = { {true, true, true}, {true, true, true}, {true, true, true} };
        1:   14-block  0
        1:   14-block  1
        1:   14-block  2
        1:   14-block  3
        1:   14-block  4
        3:   14-block  5
    $$$$$:   14-block  6
    $$$$$:   14-block  7
    $$$$$:   14-block  8
    $$$$$:   14-block  9
    $$$$$:   14-block 10
    $$$$$:   14-block 11
        -:   15:    //  1 1 1
        -:   16:    //  1 1 1
        -:   17:    //  1 1 1
        1:   18:    evolucionToroide(t);
        1:   18-block  0
        1:   19:    EXPECT_EQ(t, evo_t);
        1:   19-block  0
        1:   19-block  1
        1:   19-block  2
        1:   19-block  3
    $$$$$:   19-block  4
    $$$$$:   19-block  5
    $$$$$:   19-block  6
    $$$$$:   19-block  7
    $$$$$:   19-block  8
    $$$$$:   19-block  9
    $$$$$:   19-block 10
    $$$$$:   19-block 11
        1:   20:}
    $$$$$:   20-block  0
    $$$$$:   20-block  1
    $$$$$:   20-block  2
        1:   20-block  3
    $$$$$:   20-block  4
    $$$$$:   20-block  5
        -:   21:
        7:   22:TEST(evolucionToroideTEST, toroideTRUE){
        1:   22-block  0
        1:   22-block  1
        1:   22-block  2
        1:   22-block  3
        1:   22-block  4
        1:   22-block  5
        1:   22-block  6
    $$$$$:   22-block  7
    $$$$$:   22-block  8
    $$$$$:   22-block  9
    $$$$$:   22-block 10
    $$$$$:   22-block 11
    $$$$$:   22-block 12
        1:   22-block 13
        1:   22-block 14
        1:   22-block 15
        1:   22-block 16
        1:   22-block 17
        1:   22-block 18
        1:   22-block 19
        1:   22-block 20
        3:   23:    toroide t = { {true, true, true}, {true, true, true}, {true, true, true} };
        1:   23-block  0
        1:   23-block  1
        1:   23-block  2
        1:   23-block  3
        1:   23-block  4
        3:   23-block  5
    $$$$$:   23-block  6
    $$$$$:   23-block  7
    $$$$$:   23-block  8
    $$$$$:   23-block  9
    $$$$$:   23-block 10
    $$$$$:   23-block 11
    $$$$$:   23-block 12
        -:   24:    //1*0 0 1*0
        -:   25:    //0 1 0 0 1
        -:   26:    //0 0 1 0 0
        -:   27:    //1 0 0 1 0
        -:   28:    //0*1 0 0*1
        3:   29:    toroide evo_t = { {false, false, false}, {false, false, false}, {false, false, false} };
        1:   29-block  0
        1:   29-block  1
        1:   29-block  2
        1:   29-block  3
        1:   29-block  4
        3:   29-block  5
    $$$$$:   29-block  6
    $$$$$:   29-block  7
    $$$$$:   29-block  8
    $$$$$:   29-block  9
    $$$$$:   29-block 10
    $$$$$:   29-block 11
        -:   30:    //  1 1 1
        -:   31:    //  1 1 1
        -:   32:    //  1 1 1
        1:   33:    evolucionToroide(t);
        1:   33-block  0
        1:   34:    EXPECT_EQ(t, evo_t);
        1:   34-block  0
        1:   34-block  1
        1:   34-block  2
        1:   34-block  3
    $$$$$:   34-block  4
    $$$$$:   34-block  5
    $$$$$:   34-block  6
    $$$$$:   34-block  7
    $$$$$:   34-block  8
    $$$$$:   34-block  9
    $$$$$:   34-block 10
    $$$$$:   34-block 11
        1:   35:}
    $$$$$:   35-block  0
    $$$$$:   35-block  1
    $$$$$:   35-block  2
        1:   35-block  3
    $$$$$:   35-block  4
    $$$$$:   35-block  5
        -:   36:
        7:   37:TEST(evolucionToroideTEST, toroideMUERTO){
        1:   37-block  0
        1:   37-block  1
        1:   37-block  2
        1:   37-block  3
        1:   37-block  4
        1:   37-block  5
        1:   37-block  6
    $$$$$:   37-block  7
    $$$$$:   37-block  8
    $$$$$:   37-block  9
    $$$$$:   37-block 10
    $$$$$:   37-block 11
    $$$$$:   37-block 12
        1:   37-block 13
        1:   37-block 14
        1:   37-block 15
        1:   37-block 16
        1:   37-block 17
        1:   37-block 18
        1:   37-block 19
        1:   37-block 20
        3:   38:    toroide t = { {false, false, false}, {false, false, false}, {false, false, false}};
        1:   38-block  0
        1:   38-block  1
        1:   38-block  2
        1:   38-block  3
        1:   38-block  4
        3:   38-block  5
    $$$$$:   38-block  6
    $$$$$:   38-block  7
    $$$$$:   38-block  8
    $$$$$:   38-block  9
    $$$$$:   38-block 10
    $$$$$:   38-block 11
    $$$$$:   38-block 12
        -:   39:    //1*0 0 1*0
        -:   40:    //0 1 0 0 1
        -:   41:    //0 0 1 0 0
        -:   42:    //1 0 0 1 0
        -:   43:    //0*1 0 0*1
        3:   44:    toroide evo_t = { {false, false, false}, {false, false, false}, {false, false, false} };
        1:   44-block  0
        1:   44-block  1
        1:   44-block  2
        1:   44-block  3
        1:   44-block  4
        3:   44-block  5
    $$$$$:   44-block  6
    $$$$$:   44-block  7
    $$$$$:   44-block  8
    $$$$$:   44-block  9
    $$$$$:   44-block 10
    $$$$$:   44-block 11
        -:   45:    //  1 1 1
        -:   46:    //  1 1 1
        -:   47:    //  1 1 1
        1:   48:    evolucionToroide(t);
        1:   48-block  0
        1:   49:    EXPECT_EQ(t, evo_t);
        1:   49-block  0
        1:   49-block  1
        1:   49-block  2
        1:   49-block  3
    $$$$$:   49-block  4
    $$$$$:   49-block  5
    $$$$$:   49-block  6
    $$$$$:   49-block  7
    $$$$$:   49-block  8
    $$$$$:   49-block  9
    $$$$$:   49-block 10
    $$$$$:   49-block 11
        1:   50:}
    $$$$$:   50-block  0
    $$$$$:   50-block  1
    $$$$$:   50-block  2
        1:   50-block  3
    $$$$$:   50-block  4
    $$$$$:   50-block  5
        -:   51:
        7:   52:TEST(evolucionToroideTEST, toroideNORMAL){
        1:   52-block  0
        1:   52-block  1
        1:   52-block  2
        1:   52-block  3
        1:   52-block  4
        1:   52-block  5
        1:   52-block  6
    $$$$$:   52-block  7
    $$$$$:   52-block  8
    $$$$$:   52-block  9
    $$$$$:   52-block 10
    $$$$$:   52-block 11
    $$$$$:   52-block 12
        1:   52-block 13
        1:   52-block 14
        1:   52-block 15
        1:   52-block 16
        1:   52-block 17
        1:   52-block 18
        1:   52-block 19
        1:   52-block 20
        4:   53:    toroide t = {{true, false, false, true},
        1:   53-block  0
        1:   53-block  1
        1:   53-block  2
        4:   53-block  3
    $$$$$:   53-block  4
    $$$$$:   53-block  5
    $$$$$:   53-block  6
    $$$$$:   53-block  7
    $$$$$:   53-block  8
    $$$$$:   53-block  9
    $$$$$:   53-block 10
        1:   54:                 {false, false, false, true},
        1:   54-block  0
        1:   55:                 {true, true, true, false},
        1:   55-block  0
        1:   56:                 {false, false, false, false}};
        1:   56-block  0
        -:   57:
        4:   58:    toroide evo_t = { {true, false, false, true},
        1:   58-block  0
        1:   58-block  1
        1:   58-block  2
        4:   58-block  3
    $$$$$:   58-block  4
    $$$$$:   58-block  5
    $$$$$:   58-block  6
    $$$$$:   58-block  7
    $$$$$:   58-block  8
    $$$$$:   58-block  9
        1:   59:                      {false, false, false, false},
        1:   59-block  0
        1:   60:                      {true, true, true, true},
        1:   60-block  0
        1:   61:                      {false, false, true, false} };
        1:   61-block  0
        1:   62:    evolucionToroide(t);
        1:   62-block  0
        1:   63:    EXPECT_EQ(t, evo_t);
        1:   63-block  0
        1:   63-block  1
        1:   63-block  2
        1:   63-block  3
    $$$$$:   63-block  4
    $$$$$:   63-block  5
    $$$$$:   63-block  6
    $$$$$:   63-block  7
    $$$$$:   63-block  8
    $$$$$:   63-block  9
    $$$$$:   63-block 10
    $$$$$:   63-block 11
        1:   64:}
    $$$$$:   64-block  0
    $$$$$:   64-block  1
    $$$$$:   64-block  2
        1:   64-block  3
    $$$$$:   64-block  4
    $$$$$:   64-block  5
