        -:    0:Source:C:/Users/ramir/Desktop/TPI FINALIZADO/tpi_final/tests/EJ05_evolucionToroideTEST.cpp
        -:    0:Graph:C:\Users\ramir\Desktop\TPI FINALIZADO\tpi_final\cmake-build-debug\CMakeFiles\juegoDeLaVida.dir\tests\EJ05_evolucionToroideTEST.gcno
        -:    0:Data:C:\Users\ramir\Desktop\TPI FINALIZADO\tpi_final\cmake-build-debug\CMakeFiles\juegoDeLaVida.dir\tests\EJ05_evolucionToroideTEST.gcda
        -:    0:Runs:1
        -:    0:Programs:1
        -:    1:#include "../ejercicios.h"
        -:    2:#include "gtest/gtest.h"
        -:    3:#include <algorithm>
        -:    4:
        -:    5:using namespace std;
        -:    6:
        2:    7:TEST(evolucionToroideTEST, toroideDiagonalTresPorTresUnPaso){
        7:    8:    toroide t = { {true, false, false}, {false, true, false}, {false, false, true} };
        -:    9:    //1*0 0 1*0
        -:   10:    //0 1 0 0 1
        -:   11:    //0 0 1 0 0
        -:   12:    //1 0 0 1 0
        -:   13:    //0*1 0 0*1
        7:   14:    toroide evo_t = { {true, true, true}, {true, true, true}, {true, true, true} };
        -:   15:    //  1 1 1
        -:   16:    //  1 1 1
        -:   17:    //  1 1 1
        1:   18:    evolucionToroide(t);
       1*:   19:    EXPECT_EQ(t, evo_t);
        1:   20:}
------------------
_ZN58evolucionToroideTEST_toroideDiagonalTresPorTresUnPaso_Test8TestBodyEv:
        1:    7:TEST(evolucionToroideTEST, toroideDiagonalTresPorTresUnPaso){
        7:    8:    toroide t = { {true, false, false}, {false, true, false}, {false, false, true} };
        1:    8-block  0
        1:    8-block  1
        1:    8-block  2
        1:    8-block  3
        3:    8-block  4
        1:    8-block  5
    $$$$$:    8-block  6
    $$$$$:    8-block  7
    $$$$$:    8-block  8
    $$$$$:    8-block  9
    $$$$$:    8-block 10
    $$$$$:    8-block 11
    $$$$$:    8-block 12
    $$$$$:    8-block 13
    $$$$$:    8-block 14
    $$$$$:    8-block 15
        -:    9:    //1*0 0 1*0
        -:   10:    //0 1 0 0 1
        -:   11:    //0 0 1 0 0
        -:   12:    //1 0 0 1 0
        -:   13:    //0*1 0 0*1
        7:   14:    toroide evo_t = { {true, true, true}, {true, true, true}, {true, true, true} };
        1:   14-block  0
        1:   14-block  1
        1:   14-block  2
        3:   14-block  3
        1:   14-block  4
    $$$$$:   14-block  5
    $$$$$:   14-block  6
    $$$$$:   14-block  7
    $$$$$:   14-block  8
    $$$$$:   14-block  9
    $$$$$:   14-block 10
    $$$$$:   14-block 11
    $$$$$:   14-block 12
    $$$$$:   14-block 13
    $$$$$:   14-block 14
        -:   15:    //  1 1 1
        -:   16:    //  1 1 1
        -:   17:    //  1 1 1
        1:   18:    evolucionToroide(t);
       1*:   19:    EXPECT_EQ(t, evo_t);
        1:   19-block  0
        1:   19-block  1
    %%%%%:   19-block  2
    %%%%%:   19-block  3
    %%%%%:   19-block  4
    %%%%%:   19-block  5
    %%%%%:   19-block  6
        1:   19-block  7
    $$$$$:   19-block  8
    $$$$$:   19-block  9
    $$$$$:   19-block 10
    $$$$$:   19-block 11
    $$$$$:   19-block 12
        1:   20:}
------------------
_ZN58evolucionToroideTEST_toroideDiagonalTresPorTresUnPaso_TestC1Ev:
        1:    7:TEST(evolucionToroideTEST, toroideDiagonalTresPorTresUnPaso){
        1:    7-block  0
------------------
        -:   21:
        2:   22:TEST(evolucionToroideTEST, toroideTRUE){
        7:   23:    toroide t = { {true, true, true}, {true, true, true}, {true, true, true} };
        -:   24:    //1*0 0 1*0
        -:   25:    //0 1 0 0 1
        -:   26:    //0 0 1 0 0
        -:   27:    //1 0 0 1 0
        -:   28:    //0*1 0 0*1
        7:   29:    toroide evo_t = { {false, false, false}, {false, false, false}, {false, false, false} };
        -:   30:    //  1 1 1
        -:   31:    //  1 1 1
        -:   32:    //  1 1 1
        1:   33:    evolucionToroide(t);
       1*:   34:    EXPECT_EQ(t, evo_t);
        1:   35:}
------------------
_ZN37evolucionToroideTEST_toroideTRUE_Test8TestBodyEv:
        1:   22:TEST(evolucionToroideTEST, toroideTRUE){
        7:   23:    toroide t = { {true, true, true}, {true, true, true}, {true, true, true} };
        1:   23-block  0
        1:   23-block  1
        1:   23-block  2
        1:   23-block  3
        3:   23-block  4
        1:   23-block  5
    $$$$$:   23-block  6
    $$$$$:   23-block  7
    $$$$$:   23-block  8
    $$$$$:   23-block  9
    $$$$$:   23-block 10
    $$$$$:   23-block 11
    $$$$$:   23-block 12
    $$$$$:   23-block 13
    $$$$$:   23-block 14
    $$$$$:   23-block 15
        -:   24:    //1*0 0 1*0
        -:   25:    //0 1 0 0 1
        -:   26:    //0 0 1 0 0
        -:   27:    //1 0 0 1 0
        -:   28:    //0*1 0 0*1
        7:   29:    toroide evo_t = { {false, false, false}, {false, false, false}, {false, false, false} };
        1:   29-block  0
        1:   29-block  1
        1:   29-block  2
        3:   29-block  3
        1:   29-block  4
    $$$$$:   29-block  5
    $$$$$:   29-block  6
    $$$$$:   29-block  7
    $$$$$:   29-block  8
    $$$$$:   29-block  9
    $$$$$:   29-block 10
    $$$$$:   29-block 11
    $$$$$:   29-block 12
    $$$$$:   29-block 13
    $$$$$:   29-block 14
        -:   30:    //  1 1 1
        -:   31:    //  1 1 1
        -:   32:    //  1 1 1
        1:   33:    evolucionToroide(t);
       1*:   34:    EXPECT_EQ(t, evo_t);
        1:   34-block  0
        1:   34-block  1
    %%%%%:   34-block  2
    %%%%%:   34-block  3
    %%%%%:   34-block  4
    %%%%%:   34-block  5
    %%%%%:   34-block  6
        1:   34-block  7
    $$$$$:   34-block  8
    $$$$$:   34-block  9
    $$$$$:   34-block 10
    $$$$$:   34-block 11
    $$$$$:   34-block 12
        1:   35:}
------------------
_ZN37evolucionToroideTEST_toroideTRUE_TestC1Ev:
        1:   22:TEST(evolucionToroideTEST, toroideTRUE){
        1:   22-block  0
------------------
        -:   36:
        2:   37:TEST(evolucionToroideTEST, toroideMUERTO){
        7:   38:    toroide t = { {false, false, false}, {false, false, false}, {false, false, false}};
        -:   39:    //1*0 0 1*0
        -:   40:    //0 1 0 0 1
        -:   41:    //0 0 1 0 0
        -:   42:    //1 0 0 1 0
        -:   43:    //0*1 0 0*1
        7:   44:    toroide evo_t = { {false, false, false}, {false, false, false}, {false, false, false} };
        -:   45:    //  1 1 1
        -:   46:    //  1 1 1
        -:   47:    //  1 1 1
        1:   48:    evolucionToroide(t);
       1*:   49:    EXPECT_EQ(t, evo_t);
        1:   50:}
------------------
_ZN39evolucionToroideTEST_toroideMUERTO_Test8TestBodyEv:
        1:   37:TEST(evolucionToroideTEST, toroideMUERTO){
        7:   38:    toroide t = { {false, false, false}, {false, false, false}, {false, false, false}};
        1:   38-block  0
        1:   38-block  1
        1:   38-block  2
        1:   38-block  3
        3:   38-block  4
        1:   38-block  5
    $$$$$:   38-block  6
    $$$$$:   38-block  7
    $$$$$:   38-block  8
    $$$$$:   38-block  9
    $$$$$:   38-block 10
    $$$$$:   38-block 11
    $$$$$:   38-block 12
    $$$$$:   38-block 13
    $$$$$:   38-block 14
    $$$$$:   38-block 15
        -:   39:    //1*0 0 1*0
        -:   40:    //0 1 0 0 1
        -:   41:    //0 0 1 0 0
        -:   42:    //1 0 0 1 0
        -:   43:    //0*1 0 0*1
        7:   44:    toroide evo_t = { {false, false, false}, {false, false, false}, {false, false, false} };
        1:   44-block  0
        1:   44-block  1
        1:   44-block  2
        3:   44-block  3
        1:   44-block  4
    $$$$$:   44-block  5
    $$$$$:   44-block  6
    $$$$$:   44-block  7
    $$$$$:   44-block  8
    $$$$$:   44-block  9
    $$$$$:   44-block 10
    $$$$$:   44-block 11
    $$$$$:   44-block 12
    $$$$$:   44-block 13
    $$$$$:   44-block 14
        -:   45:    //  1 1 1
        -:   46:    //  1 1 1
        -:   47:    //  1 1 1
        1:   48:    evolucionToroide(t);
       1*:   49:    EXPECT_EQ(t, evo_t);
        1:   49-block  0
        1:   49-block  1
    %%%%%:   49-block  2
    %%%%%:   49-block  3
    %%%%%:   49-block  4
    %%%%%:   49-block  5
    %%%%%:   49-block  6
        1:   49-block  7
    $$$$$:   49-block  8
    $$$$$:   49-block  9
    $$$$$:   49-block 10
    $$$$$:   49-block 11
    $$$$$:   49-block 12
        1:   50:}
------------------
_ZN39evolucionToroideTEST_toroideMUERTO_TestC1Ev:
        1:   37:TEST(evolucionToroideTEST, toroideMUERTO){
        1:   37-block  0
------------------
        -:   51:
        2:   52:TEST(evolucionToroideTEST, toroideNORMAL){
        -:   53:    toroide t = {{true, false, false, true}, {false, false, false, true}, {true,true, true, false}, {false,false, false,
        8:   54:                                                                                                      false}};
        -:   55:
        -:   56:    toroide evo_t = { {true, false, false, true}, {false, false, false, false}, {true,true, true, true}, {false,false, true,
        8:   57:                                           false} };
        1:   58:    evolucionToroide(t);
       1*:   59:    EXPECT_EQ(t, evo_t);
        1:   60:}
------------------
_ZN39evolucionToroideTEST_toroideNORMAL_Test8TestBodyEv:
        1:   52:TEST(evolucionToroideTEST, toroideNORMAL){
        -:   53:    toroide t = {{true, false, false, true}, {false, false, false, true}, {true,true, true, false}, {false,false, false,
        8:   54:                                                                                                      false}};
        1:   54-block  0
        1:   54-block  1
        1:   54-block  2
        1:   54-block  3
        1:   54-block  4
        4:   54-block  5
        1:   54-block  6
    $$$$$:   54-block  7
    $$$$$:   54-block  8
    $$$$$:   54-block  9
    $$$$$:   54-block 10
    $$$$$:   54-block 11
    $$$$$:   54-block 12
    $$$$$:   54-block 13
    $$$$$:   54-block 14
    $$$$$:   54-block 15
    $$$$$:   54-block 16
    $$$$$:   54-block 17
    $$$$$:   54-block 18
        -:   55:
        -:   56:    toroide evo_t = { {true, false, false, true}, {false, false, false, false}, {true,true, true, true}, {false,false, true,
        8:   57:                                           false} };
        1:   57-block  0
        1:   57-block  1
        1:   57-block  2
        1:   57-block  3
        4:   57-block  4
        1:   57-block  5
    $$$$$:   57-block  6
    $$$$$:   57-block  7
    $$$$$:   57-block  8
    $$$$$:   57-block  9
    $$$$$:   57-block 10
    $$$$$:   57-block 11
    $$$$$:   57-block 12
    $$$$$:   57-block 13
    $$$$$:   57-block 14
    $$$$$:   57-block 15
    $$$$$:   57-block 16
    $$$$$:   57-block 17
        1:   58:    evolucionToroide(t);
       1*:   59:    EXPECT_EQ(t, evo_t);
        1:   59-block  0
        1:   59-block  1
    %%%%%:   59-block  2
    %%%%%:   59-block  3
    %%%%%:   59-block  4
    %%%%%:   59-block  5
    %%%%%:   59-block  6
        1:   59-block  7
    $$$$$:   59-block  8
    $$$$$:   59-block  9
    $$$$$:   59-block 10
    $$$$$:   59-block 11
    $$$$$:   59-block 12
        1:   60:}
------------------
_ZN39evolucionToroideTEST_toroideNORMAL_TestC1Ev:
        1:   52:TEST(evolucionToroideTEST, toroideNORMAL){
        1:   52-block  0
------------------
