        -:    0:Source:/Users/gianbattolla/Documents/Año 2020 - Cs. de la computación/Algoritmos y Estructuras de Datos 1/Trabajo Practico de Implementación - Juego de la Vida-20201031/tpi_final/tests/EJ06_evolucionMultipleTEST.cpp
        -:    0:Graph:/Users/gianbattolla/Documents/Año 2020 - Cs. de la computación/Algoritmos y Estructuras de Datos 1/Trabajo Practico de Implementación - Juego de la Vida-20201031/tpi_final/cmake-build-debug/CMakeFiles/juegoDeLaVida.dir/tests/EJ06_evolucionMultipleTEST.gcno
        -:    0:Data:/Users/gianbattolla/Documents/Año 2020 - Cs. de la computación/Algoritmos y Estructuras de Datos 1/Trabajo Practico de Implementación - Juego de la Vida-20201031/tpi_final/cmake-build-debug/CMakeFiles/juegoDeLaVida.dir/tests/EJ06_evolucionMultipleTEST.gcda
        -:    0:Runs:1
        -:    0:Programs:1
        -:    1:#include "../ejercicios.h"
        -:    2:#include "gtest/gtest.h"
        -:    3:#include <algorithm>
        -:    4:
        -:    5:using namespace std;
        -:    6:
        7:    7:TEST(evolucionMultipleTEST, toroideDiagonalTresPorTresUnPaso){
        1:    7-block  0
        1:    7-block  1
        1:    7-block  2
        1:    7-block  3
        1:    7-block  4
        1:    7-block  5
        1:    7-block  6
    $$$$$:    7-block  7
    $$$$$:    7-block  8
    $$$$$:    7-block  9
    $$$$$:    7-block 10
    $$$$$:    7-block 11
    $$$$$:    7-block 12
        1:    7-block 13
        1:    7-block 14
        1:    7-block 15
        1:    7-block 16
        1:    7-block 17
        1:    7-block 18
        1:    7-block 19
        1:    7-block 20
        3:    8:    toroide t = { {true, false, false}, {false, true, false}, {false, false, true} };
        1:    8-block  0
        1:    8-block  1
        1:    8-block  2
        1:    8-block  3
        1:    8-block  4
        3:    8-block  5
    $$$$$:    8-block  6
    $$$$$:    8-block  7
    $$$$$:    8-block  8
    $$$$$:    8-block  9
    $$$$$:    8-block 10
    $$$$$:    8-block 11
    $$$$$:    8-block 12
        -:    9:    //1*0 0 1*0
        -:   10:    //0 1 0 0 1
        -:   11:    //0 0 1 0 0
        -:   12:    //1 0 0 1 0
        -:   13:    //0*1 0 0*1
        3:   14:    toroide evo_t = { {true, true, true}, {true, true, true}, {true, true, true} };
        1:   14-block  0
        1:   14-block  1
        1:   14-block  2
        1:   14-block  3
        1:   14-block  4
        3:   14-block  5
    $$$$$:   14-block  6
    $$$$$:   14-block  7
    $$$$$:   14-block  8
    $$$$$:   14-block  9
    $$$$$:   14-block 10
    $$$$$:   14-block 11
        -:   15:    //  1 1 1
        -:   16:    //  1 1 1
        -:   17:    //  1 1 1
        1:   18:    toroide res = evolucionMultiple(t, 1);
        1:   18-block  0
        1:   19:    EXPECT_EQ(res, evo_t);
        1:   19-block  0
        1:   19-block  1
        1:   19-block  2
        1:   19-block  3
    $$$$$:   19-block  4
    $$$$$:   19-block  5
    $$$$$:   19-block  6
    $$$$$:   19-block  7
    $$$$$:   19-block  8
    $$$$$:   19-block  9
    $$$$$:   19-block 10
    $$$$$:   19-block 11
        1:   20:}
    $$$$$:   20-block  0
    $$$$$:   20-block  1
    $$$$$:   20-block  2
    $$$$$:   20-block  3
        1:   20-block  4
    $$$$$:   20-block  5
    $$$$$:   20-block  6
    $$$$$:   20-block  7
