        -:    0:Source:C:/Users/ramir/Desktop/TPI FINALIZADO/tpi_final/tests/EJ06_evolucionMultipleTEST.cpp
        -:    0:Graph:C:\Users\ramir\Desktop\TPI FINALIZADO\tpi_final\cmake-build-debug\CMakeFiles\juegoDeLaVida.dir\tests\EJ06_evolucionMultipleTEST.gcno
        -:    0:Data:C:\Users\ramir\Desktop\TPI FINALIZADO\tpi_final\cmake-build-debug\CMakeFiles\juegoDeLaVida.dir\tests\EJ06_evolucionMultipleTEST.gcda
        -:    0:Runs:1
        -:    0:Programs:1
        -:    1:#include "../ejercicios.h"
        -:    2:#include "gtest/gtest.h"
        -:    3:#include <algorithm>
        -:    4:
        -:    5:using namespace std;
        -:    6:
        2:    7:TEST(evolucionMultipleTEST, toroideDiagonalTresPorTresUnPaso){
        7:    8:    toroide t = { {true, false, false}, {false, true, false}, {false, false, true} };
        -:    9:    //1*0 0 1*0
        -:   10:    //0 1 0 0 1
        -:   11:    //0 0 1 0 0
        -:   12:    //1 0 0 1 0
        -:   13:    //0*1 0 0*1
        7:   14:    toroide evo_t = { {true, true, true}, {true, true, true}, {true, true, true} };
        -:   15:    //  1 1 1
        -:   16:    //  1 1 1
        -:   17:    //  1 1 1
        2:   18:    toroide res = evolucionMultiple(t, 1);
       1*:   19:    EXPECT_EQ(res, evo_t);
        1:   20:}
------------------
_ZN59evolucionMultipleTEST_toroideDiagonalTresPorTresUnPaso_Test8TestBodyEv:
        1:    7:TEST(evolucionMultipleTEST, toroideDiagonalTresPorTresUnPaso){
        7:    8:    toroide t = { {true, false, false}, {false, true, false}, {false, false, true} };
        1:    8-block  0
        1:    8-block  1
        1:    8-block  2
        1:    8-block  3
        3:    8-block  4
        1:    8-block  5
    $$$$$:    8-block  6
    $$$$$:    8-block  7
    $$$$$:    8-block  8
    $$$$$:    8-block  9
    $$$$$:    8-block 10
    $$$$$:    8-block 11
    $$$$$:    8-block 12
    $$$$$:    8-block 13
    $$$$$:    8-block 14
    $$$$$:    8-block 15
        -:    9:    //1*0 0 1*0
        -:   10:    //0 1 0 0 1
        -:   11:    //0 0 1 0 0
        -:   12:    //1 0 0 1 0
        -:   13:    //0*1 0 0*1
        7:   14:    toroide evo_t = { {true, true, true}, {true, true, true}, {true, true, true} };
        1:   14-block  0
        1:   14-block  1
        1:   14-block  2
        3:   14-block  3
        1:   14-block  4
    $$$$$:   14-block  5
    $$$$$:   14-block  6
    $$$$$:   14-block  7
    $$$$$:   14-block  8
    $$$$$:   14-block  9
    $$$$$:   14-block 10
    $$$$$:   14-block 11
    $$$$$:   14-block 12
    $$$$$:   14-block 13
    $$$$$:   14-block 14
        -:   15:    //  1 1 1
        -:   16:    //  1 1 1
        -:   17:    //  1 1 1
        2:   18:    toroide res = evolucionMultiple(t, 1);
    $$$$$:   18-block  0
       1*:   19:    EXPECT_EQ(res, evo_t);
        1:   19-block  0
        1:   19-block  1
    %%%%%:   19-block  2
    %%%%%:   19-block  3
    %%%%%:   19-block  4
    %%%%%:   19-block  5
    %%%%%:   19-block  6
        1:   19-block  7
    $$$$$:   19-block  8
    $$$$$:   19-block  9
    $$$$$:   19-block 10
    $$$$$:   19-block 11
    $$$$$:   19-block 12
        1:   20:}
------------------
_ZN59evolucionMultipleTEST_toroideDiagonalTresPorTresUnPaso_TestC1Ev:
        1:    7:TEST(evolucionMultipleTEST, toroideDiagonalTresPorTresUnPaso){
        1:    7-block  0
------------------
        -:   21:
        2:   22:TEST(evolucionMultipleTEST, toroideMUERTO){
        7:   23:    toroide t = { {false, false, false}, {false, false, false}, {false, false, false}};
        -:   24:
        7:   25:    toroide evo_t = { {false, false, false}, {false, false, false}, {false, false, false} };
        -:   26:
        2:   27:    toroide res = evolucionMultiple(t, 5);
       1*:   28:    EXPECT_EQ(res, evo_t);
        1:   29:}
------------------
_ZN40evolucionMultipleTEST_toroideMUERTO_Test8TestBodyEv:
        1:   22:TEST(evolucionMultipleTEST, toroideMUERTO){
        7:   23:    toroide t = { {false, false, false}, {false, false, false}, {false, false, false}};
        1:   23-block  0
        1:   23-block  1
        1:   23-block  2
        1:   23-block  3
        3:   23-block  4
        1:   23-block  5
    $$$$$:   23-block  6
    $$$$$:   23-block  7
    $$$$$:   23-block  8
    $$$$$:   23-block  9
    $$$$$:   23-block 10
    $$$$$:   23-block 11
    $$$$$:   23-block 12
    $$$$$:   23-block 13
    $$$$$:   23-block 14
    $$$$$:   23-block 15
        -:   24:
        7:   25:    toroide evo_t = { {false, false, false}, {false, false, false}, {false, false, false} };
        1:   25-block  0
        1:   25-block  1
        1:   25-block  2
        3:   25-block  3
        1:   25-block  4
    $$$$$:   25-block  5
    $$$$$:   25-block  6
    $$$$$:   25-block  7
    $$$$$:   25-block  8
    $$$$$:   25-block  9
    $$$$$:   25-block 10
    $$$$$:   25-block 11
    $$$$$:   25-block 12
    $$$$$:   25-block 13
    $$$$$:   25-block 14
        -:   26:
        2:   27:    toroide res = evolucionMultiple(t, 5);
    $$$$$:   27-block  0
       1*:   28:    EXPECT_EQ(res, evo_t);
        1:   28-block  0
        1:   28-block  1
    %%%%%:   28-block  2
    %%%%%:   28-block  3
    %%%%%:   28-block  4
    %%%%%:   28-block  5
    %%%%%:   28-block  6
        1:   28-block  7
    $$$$$:   28-block  8
    $$$$$:   28-block  9
    $$$$$:   28-block 10
    $$$$$:   28-block 11
    $$$$$:   28-block 12
        1:   29:}
------------------
_ZN40evolucionMultipleTEST_toroideMUERTO_TestC1Ev:
        1:   22:TEST(evolucionMultipleTEST, toroideMUERTO){
        1:   22-block  0
------------------
        -:   30:
        2:   31:TEST(evolucionMultipleTEST, seMuere){
        7:   32:    toroide t = { {false, false, false}, {false, true, false}, {false, false, false}};
        -:   33:
        7:   34:    toroide evo_t = { {false, false, false}, {false, false, false}, {false, false, false} };
        -:   35:
        2:   36:    toroide res = evolucionMultiple(t, 3);
       1*:   37:    EXPECT_EQ(res, evo_t);
        1:   38:}
------------------
_ZN34evolucionMultipleTEST_seMuere_Test8TestBodyEv:
        1:   31:TEST(evolucionMultipleTEST, seMuere){
        7:   32:    toroide t = { {false, false, false}, {false, true, false}, {false, false, false}};
        1:   32-block  0
        1:   32-block  1
        1:   32-block  2
        1:   32-block  3
        3:   32-block  4
        1:   32-block  5
    $$$$$:   32-block  6
    $$$$$:   32-block  7
    $$$$$:   32-block  8
    $$$$$:   32-block  9
    $$$$$:   32-block 10
    $$$$$:   32-block 11
    $$$$$:   32-block 12
    $$$$$:   32-block 13
    $$$$$:   32-block 14
    $$$$$:   32-block 15
        -:   33:
        7:   34:    toroide evo_t = { {false, false, false}, {false, false, false}, {false, false, false} };
        1:   34-block  0
        1:   34-block  1
        1:   34-block  2
        3:   34-block  3
        1:   34-block  4
    $$$$$:   34-block  5
    $$$$$:   34-block  6
    $$$$$:   34-block  7
    $$$$$:   34-block  8
    $$$$$:   34-block  9
    $$$$$:   34-block 10
    $$$$$:   34-block 11
    $$$$$:   34-block 12
    $$$$$:   34-block 13
    $$$$$:   34-block 14
        -:   35:
        2:   36:    toroide res = evolucionMultiple(t, 3);
    $$$$$:   36-block  0
       1*:   37:    EXPECT_EQ(res, evo_t);
        1:   37-block  0
        1:   37-block  1
    %%%%%:   37-block  2
    %%%%%:   37-block  3
    %%%%%:   37-block  4
    %%%%%:   37-block  5
    %%%%%:   37-block  6
        1:   37-block  7
    $$$$$:   37-block  8
    $$$$$:   37-block  9
    $$$$$:   37-block 10
    $$$$$:   37-block 11
    $$$$$:   37-block 12
        1:   38:}
------------------
_ZN34evolucionMultipleTEST_seMuere_TestC1Ev:
        1:   31:TEST(evolucionMultipleTEST, seMuere){
        1:   31-block  0
------------------
