        -:    0:Source:/Users/gianbattolla/Documents/Año 2020 - Cs. de la computación/Algoritmos y Estructuras de Datos 1/Trabajo Practico de Implementación - Juego de la Vida-20201031/tpi_final/tests/EJ07_esPeriodicoTEST.cpp
        -:    0:Graph:/Users/gianbattolla/Documents/Año 2020 - Cs. de la computación/Algoritmos y Estructuras de Datos 1/Trabajo Practico de Implementación - Juego de la Vida-20201031/tpi_final/cmake-build-debug/CMakeFiles/juegoDeLaVida.dir/tests/EJ07_esPeriodicoTEST.gcno
        -:    0:Data:/Users/gianbattolla/Documents/Año 2020 - Cs. de la computación/Algoritmos y Estructuras de Datos 1/Trabajo Practico de Implementación - Juego de la Vida-20201031/tpi_final/cmake-build-debug/CMakeFiles/juegoDeLaVida.dir/tests/EJ07_esPeriodicoTEST.gcda
        -:    0:Runs:1
        -:    0:Programs:1
        -:    1:#include "../ejercicios.h"
        -:    2:#include "gtest/gtest.h"
        -:    3:#include <algorithm>
        -:    4:
        -:    5:using namespace std;
        -:    6:
        7:    7:TEST(esPeriodicoTEST, toroideHorizontalPeriodico2){
        1:    7-block  0
        1:    7-block  1
        1:    7-block  2
        1:    7-block  3
        1:    7-block  4
        1:    7-block  5
        1:    7-block  6
    $$$$$:    7-block  7
    $$$$$:    7-block  8
    $$$$$:    7-block  9
    $$$$$:    7-block 10
    $$$$$:    7-block 11
    $$$$$:    7-block 12
        1:    7-block 13
        1:    7-block 14
        1:    7-block 15
        1:    7-block 16
        1:    7-block 17
        1:    7-block 18
        1:    7-block 19
        1:    7-block 20
        5:    8:    toroide t = { 
        1:    8-block  0
        1:    8-block  1
        5:    8-block  2
    $$$$$:    8-block  3
    $$$$$:    8-block  4
    $$$$$:    8-block  5
    $$$$$:    8-block  6
    $$$$$:    8-block  7
    $$$$$:    8-block  8
    $$$$$:    8-block  9
        1:    9:                  {false, false, false, false, false}, 
        1:    9-block  0
        1:   10:                  {false, false, false, false, false}, 
        1:   10-block  0
        1:   11:                  {false, true, true, true, false},
        1:   11-block  0
        1:   12:                  {false, false, false, false, false}, 
        1:   12-block  0
        1:   13:                  {false, false,false, false, false} };
        1:   13-block  0
        -:   14:    int p;
        1:   15:    bool res = esPeriodico(t, p);
        1:   15-block  0
        1:   16:    EXPECT_TRUE(res);
        1:   16-block  0
        1:   16-block  1
        1:   16-block  2
        1:   16-block  3
    $$$$$:   16-block  4
    $$$$$:   16-block  5
    $$$$$:   16-block  6
    $$$$$:   16-block  7
    $$$$$:   16-block  8
    $$$$$:   16-block  9
    $$$$$:   16-block 10
    $$$$$:   16-block 11
    $$$$$:   16-block 12
        1:   17:    EXPECT_EQ(p, 2);
        1:   17-block  0
        1:   17-block  1
        1:   17-block  2
        1:   17-block  3
    $$$$$:   17-block  4
    $$$$$:   17-block  5
    $$$$$:   17-block  6
    $$$$$:   17-block  7
    $$$$$:   17-block  8
    $$$$$:   17-block  9
    $$$$$:   17-block 10
    $$$$$:   17-block 11
        1:   18:}
    $$$$$:   18-block  0
    $$$$$:   18-block  1
    $$$$$:   18-block  2
    $$$$$:   18-block  3
    $$$$$:   18-block  4
    $$$$$:   18-block  5
        1:   18-block  6
    $$$$$:   18-block  7
