        -:    0:Source:C:/Users/ramir/Desktop/TPI FINALIZADO/tpi_final/tests/EJ07_esPeriodicoTEST.cpp
        -:    0:Graph:C:\Users\ramir\Desktop\TPI FINALIZADO\tpi_final\cmake-build-debug\CMakeFiles\juegoDeLaVida.dir\tests\EJ07_esPeriodicoTEST.gcno
        -:    0:Data:C:\Users\ramir\Desktop\TPI FINALIZADO\tpi_final\cmake-build-debug\CMakeFiles\juegoDeLaVida.dir\tests\EJ07_esPeriodicoTEST.gcda
        -:    0:Runs:1
        -:    0:Programs:1
        -:    1:#include "../ejercicios.h"
        -:    2:#include "gtest/gtest.h"
        -:    3:#include <algorithm>
        -:    4:
        -:    5:using namespace std;
        -:    6:
        2:    7:TEST(esPeriodicoTEST, toroideHorizontalPeriodico2){
        -:    8:    toroide t = { 
        -:    9:                  {false, false, false, false, false}, 
        -:   10:                  {false, false, false, false, false}, 
        -:   11:                  {false, true, true, true, false},
        -:   12:                  {false, false, false, false, false}, 
        9:   13:                  {false, false,false, false, false} };
        -:   14:    int p;
        1:   15:    bool res = esPeriodico(t, p);
       1*:   16:    EXPECT_TRUE(res);
       1*:   17:    EXPECT_EQ(p, 2);
        1:   18:}
------------------
_ZN48esPeriodicoTEST_toroideHorizontalPeriodico2_Test8TestBodyEv:
        1:    7:TEST(esPeriodicoTEST, toroideHorizontalPeriodico2){
        -:    8:    toroide t = { 
        -:    9:                  {false, false, false, false, false}, 
        -:   10:                  {false, false, false, false, false}, 
        -:   11:                  {false, true, true, true, false},
        -:   12:                  {false, false, false, false, false}, 
        9:   13:                  {false, false,false, false, false} };
        1:   13-block  0
        1:   13-block  1
        1:   13-block  2
        1:   13-block  3
        1:   13-block  4
        1:   13-block  5
        5:   13-block  6
        1:   13-block  7
    $$$$$:   13-block  8
    $$$$$:   13-block  9
    $$$$$:   13-block 10
    $$$$$:   13-block 11
    $$$$$:   13-block 12
    $$$$$:   13-block 13
    $$$$$:   13-block 14
    $$$$$:   13-block 15
    $$$$$:   13-block 16
    $$$$$:   13-block 17
    $$$$$:   13-block 18
    $$$$$:   13-block 19
    $$$$$:   13-block 20
    $$$$$:   13-block 21
        -:   14:    int p;
        1:   15:    bool res = esPeriodico(t, p);
       1*:   16:    EXPECT_TRUE(res);
        1:   16-block  0
        1:   16-block  1
    %%%%%:   16-block  2
    %%%%%:   16-block  3
    %%%%%:   16-block  4
    %%%%%:   16-block  5
    %%%%%:   16-block  6
        1:   16-block  7
    $$$$$:   16-block  8
    $$$$$:   16-block  9
    $$$$$:   16-block 10
    $$$$$:   16-block 11
    $$$$$:   16-block 12
    $$$$$:   16-block 13
    $$$$$:   16-block 14
       1*:   17:    EXPECT_EQ(p, 2);
        1:   17-block  0
    %%%%%:   17-block  1
    %%%%%:   17-block  2
    %%%%%:   17-block  3
    %%%%%:   17-block  4
    %%%%%:   17-block  5
        1:   17-block  6
    $$$$$:   17-block  7
    $$$$$:   17-block  8
    $$$$$:   17-block  9
    $$$$$:   17-block 10
    $$$$$:   17-block 11
    $$$$$:   17-block 12
        1:   18:}
------------------
_ZN48esPeriodicoTEST_toroideHorizontalPeriodico2_TestC1Ev:
        1:    7:TEST(esPeriodicoTEST, toroideHorizontalPeriodico2){
        1:    7-block  0
------------------
        -:   19:
        2:   20:TEST(esPeriodicoTEST, cuadrado ){
        -:   21:    toroide t = {
        -:   22:            {false, false, false, false, false},
        -:   23:            {false, false, true, true, false},
        -:   24:            {false, false,   true, true, false},
        -:   25:            {false, false, false, false, false},
        9:   26:            {false, false,false, false, false} };
        -:   27:    int p;
        1:   28:    bool res = esPeriodico(t, p);
       1*:   29:    EXPECT_TRUE(res);
       1*:   30:    EXPECT_EQ(p, 1);
        1:   31:}
------------------
_ZN29esPeriodicoTEST_cuadrado_Test8TestBodyEv:
        1:   20:TEST(esPeriodicoTEST, cuadrado ){
        -:   21:    toroide t = {
        -:   22:            {false, false, false, false, false},
        -:   23:            {false, false, true, true, false},
        -:   24:            {false, false,   true, true, false},
        -:   25:            {false, false, false, false, false},
        9:   26:            {false, false,false, false, false} };
        1:   26-block  0
        1:   26-block  1
        1:   26-block  2
        1:   26-block  3
        1:   26-block  4
        1:   26-block  5
        5:   26-block  6
        1:   26-block  7
    $$$$$:   26-block  8
    $$$$$:   26-block  9
    $$$$$:   26-block 10
    $$$$$:   26-block 11
    $$$$$:   26-block 12
    $$$$$:   26-block 13
    $$$$$:   26-block 14
    $$$$$:   26-block 15
    $$$$$:   26-block 16
    $$$$$:   26-block 17
    $$$$$:   26-block 18
    $$$$$:   26-block 19
    $$$$$:   26-block 20
    $$$$$:   26-block 21
        -:   27:    int p;
        1:   28:    bool res = esPeriodico(t, p);
       1*:   29:    EXPECT_TRUE(res);
        1:   29-block  0
        1:   29-block  1
    %%%%%:   29-block  2
    %%%%%:   29-block  3
    %%%%%:   29-block  4
    %%%%%:   29-block  5
    %%%%%:   29-block  6
        1:   29-block  7
    $$$$$:   29-block  8
    $$$$$:   29-block  9
    $$$$$:   29-block 10
    $$$$$:   29-block 11
    $$$$$:   29-block 12
    $$$$$:   29-block 13
    $$$$$:   29-block 14
       1*:   30:    EXPECT_EQ(p, 1);
        1:   30-block  0
    %%%%%:   30-block  1
    %%%%%:   30-block  2
    %%%%%:   30-block  3
    %%%%%:   30-block  4
    %%%%%:   30-block  5
        1:   30-block  6
    $$$$$:   30-block  7
    $$$$$:   30-block  8
    $$$$$:   30-block  9
    $$$$$:   30-block 10
    $$$$$:   30-block 11
    $$$$$:   30-block 12
        1:   31:}
------------------
_ZN29esPeriodicoTEST_cuadrado_TestC1Ev:
        1:   20:TEST(esPeriodicoTEST, cuadrado ){
        1:   20-block  0
------------------
        -:   32:
        2:   33:TEST(esPeriodicoTEST, OtroCaso ){
        -:   34:    toroide t = {
        -:   35:            {false,false,false, false, false, false, false,false,false,false,false, false},
        -:   36:            {false,false, false, false, false, true,false,false,false,false,false},
        -:   37:            {false,false, false, false, false, true,false,false,false,false,false},
        -:   38:            {false,false, false, false, false, true,false,false,false,false,false},
        -:   39:            {false,false, false, false, false, false,false,false,false,false,false},
        -:   40:            {false,true,   true, true,  false, false, false,true,true,true,false},
        -:   41:            {false,false, false, false, false, false,false,false,false,false,false},
        -:   42:            {false,false, false, false, false, true,false,false,false,false,false},
        -:   43:            {false,false, false, false, false, true,false,false,false,false,false},
        -:   44:            {false,false, false, false, false, true,false,false,false,false,false},
       15:   45:            {false,false, false, false, false, false ,false,false,false,false,false}};
        -:   46:    int p;
        1:   47:    bool res = esPeriodico(t, p);
       1*:   48:    EXPECT_TRUE(res);
       1*:   49:    EXPECT_EQ(p, 2);
        1:   50:}
------------------
_ZN29esPeriodicoTEST_OtroCaso_Test8TestBodyEv:
        1:   33:TEST(esPeriodicoTEST, OtroCaso ){
        -:   34:    toroide t = {
        -:   35:            {false,false,false, false, false, false, false,false,false,false,false, false},
        -:   36:            {false,false, false, false, false, true,false,false,false,false,false},
        -:   37:            {false,false, false, false, false, true,false,false,false,false,false},
        -:   38:            {false,false, false, false, false, true,false,false,false,false,false},
        -:   39:            {false,false, false, false, false, false,false,false,false,false,false},
        -:   40:            {false,true,   true, true,  false, false, false,true,true,true,false},
        -:   41:            {false,false, false, false, false, false,false,false,false,false,false},
        -:   42:            {false,false, false, false, false, true,false,false,false,false,false},
        -:   43:            {false,false, false, false, false, true,false,false,false,false,false},
        -:   44:            {false,false, false, false, false, true,false,false,false,false,false},
       15:   45:            {false,false, false, false, false, false ,false,false,false,false,false}};
        1:   45-block  0
        1:   45-block  1
        1:   45-block  2
        1:   45-block  3
        1:   45-block  4
        1:   45-block  5
        1:   45-block  6
        1:   45-block  7
        1:   45-block  8
        1:   45-block  9
        1:   45-block 10
        1:   45-block 11
       11:   45-block 12
        1:   45-block 13
    $$$$$:   45-block 14
    $$$$$:   45-block 15
    $$$$$:   45-block 16
    $$$$$:   45-block 17
    $$$$$:   45-block 18
    $$$$$:   45-block 19
    $$$$$:   45-block 20
    $$$$$:   45-block 21
    $$$$$:   45-block 22
    $$$$$:   45-block 23
    $$$$$:   45-block 24
    $$$$$:   45-block 25
    $$$$$:   45-block 26
    $$$$$:   45-block 27
    $$$$$:   45-block 28
    $$$$$:   45-block 29
    $$$$$:   45-block 30
    $$$$$:   45-block 31
    $$$$$:   45-block 32
    $$$$$:   45-block 33
    $$$$$:   45-block 34
    $$$$$:   45-block 35
    $$$$$:   45-block 36
    $$$$$:   45-block 37
    $$$$$:   45-block 38
    $$$$$:   45-block 39
        -:   46:    int p;
        1:   47:    bool res = esPeriodico(t, p);
       1*:   48:    EXPECT_TRUE(res);
        1:   48-block  0
        1:   48-block  1
    %%%%%:   48-block  2
    %%%%%:   48-block  3
    %%%%%:   48-block  4
    %%%%%:   48-block  5
    %%%%%:   48-block  6
        1:   48-block  7
    $$$$$:   48-block  8
    $$$$$:   48-block  9
    $$$$$:   48-block 10
    $$$$$:   48-block 11
    $$$$$:   48-block 12
    $$$$$:   48-block 13
    $$$$$:   48-block 14
       1*:   49:    EXPECT_EQ(p, 2);
        1:   49-block  0
    %%%%%:   49-block  1
    %%%%%:   49-block  2
    %%%%%:   49-block  3
    %%%%%:   49-block  4
    %%%%%:   49-block  5
        1:   49-block  6
    $$$$$:   49-block  7
    $$$$$:   49-block  8
    $$$$$:   49-block  9
    $$$$$:   49-block 10
    $$$$$:   49-block 11
    $$$$$:   49-block 12
        1:   50:}
------------------
_ZN29esPeriodicoTEST_OtroCaso_TestC1Ev:
        1:   33:TEST(esPeriodicoTEST, OtroCaso ){
        1:   33-block  0
------------------
        -:   51:
        2:   52:TEST(esPeriodicoTEST, toroideMuere ){
        -:   53:    toroide t = {
        -:   54:            {false, false, false, false, false},
        -:   55:            {false, false, true, false, false},
        -:   56:            {false, false,   false, true, false},
        -:   57:            {false, false, false, false, false},
        9:   58:            {false, false,false, false, false} };
        -:   59:    int p;
        1:   60:    bool res = esPeriodico(t, p);
       1*:   61:    EXPECT_FALSE(res);
       1*:   62:    EXPECT_EQ(p, 1);
        1:   63:}
------------------
_ZN33esPeriodicoTEST_toroideMuere_Test8TestBodyEv:
        1:   52:TEST(esPeriodicoTEST, toroideMuere ){
        -:   53:    toroide t = {
        -:   54:            {false, false, false, false, false},
        -:   55:            {false, false, true, false, false},
        -:   56:            {false, false,   false, true, false},
        -:   57:            {false, false, false, false, false},
        9:   58:            {false, false,false, false, false} };
        1:   58-block  0
        1:   58-block  1
        1:   58-block  2
        1:   58-block  3
        1:   58-block  4
        1:   58-block  5
        5:   58-block  6
        1:   58-block  7
    $$$$$:   58-block  8
    $$$$$:   58-block  9
    $$$$$:   58-block 10
    $$$$$:   58-block 11
    $$$$$:   58-block 12
    $$$$$:   58-block 13
    $$$$$:   58-block 14
    $$$$$:   58-block 15
    $$$$$:   58-block 16
    $$$$$:   58-block 17
    $$$$$:   58-block 18
    $$$$$:   58-block 19
    $$$$$:   58-block 20
    $$$$$:   58-block 21
        -:   59:    int p;
        1:   60:    bool res = esPeriodico(t, p);
       1*:   61:    EXPECT_FALSE(res);
        1:   61-block  0
        1:   61-block  1
    %%%%%:   61-block  2
    %%%%%:   61-block  3
    %%%%%:   61-block  4
    %%%%%:   61-block  5
    %%%%%:   61-block  6
        1:   61-block  7
    $$$$$:   61-block  8
    $$$$$:   61-block  9
    $$$$$:   61-block 10
    $$$$$:   61-block 11
    $$$$$:   61-block 12
    $$$$$:   61-block 13
    $$$$$:   61-block 14
    $$$$$:   61-block 15
       1*:   62:    EXPECT_EQ(p, 1);
        1:   62-block  0
    %%%%%:   62-block  1
    %%%%%:   62-block  2
    %%%%%:   62-block  3
    %%%%%:   62-block  4
    %%%%%:   62-block  5
        1:   62-block  6
    $$$$$:   62-block  7
    $$$$$:   62-block  8
    $$$$$:   62-block  9
    $$$$$:   62-block 10
    $$$$$:   62-block 11
    $$$$$:   62-block 12
        1:   63:}
------------------
_ZN33esPeriodicoTEST_toroideMuere_TestC1Ev:
        1:   52:TEST(esPeriodicoTEST, toroideMuere ){
        1:   52-block  0
------------------
