        -:    0:Source:/Users/gianbattolla/Documents/Año 2020 - Cs. de la computación/Algoritmos y Estructuras de Datos 1/Trabajo Practico de Implementación - Juego de la Vida-20201031/tpi_final/tests/EJ08_primosLejanosTEST.cpp
        -:    0:Graph:/Users/gianbattolla/Documents/Año 2020 - Cs. de la computación/Algoritmos y Estructuras de Datos 1/Trabajo Practico de Implementación - Juego de la Vida-20201031/tpi_final/cmake-build-debug/CMakeFiles/juegoDeLaVida.dir/tests/EJ08_primosLejanosTEST.gcno
        -:    0:Data:/Users/gianbattolla/Documents/Año 2020 - Cs. de la computación/Algoritmos y Estructuras de Datos 1/Trabajo Practico de Implementación - Juego de la Vida-20201031/tpi_final/cmake-build-debug/CMakeFiles/juegoDeLaVida.dir/tests/EJ08_primosLejanosTEST.gcda
        -:    0:Runs:1
        -:    0:Programs:1
        -:    1:#include "../ejercicios.h"
        -:    2:#include "gtest/gtest.h"
        -:    3:#include <algorithm>
        -:    4:
        -:    5:using namespace std;
        -:    6:
        7:    7:TEST(primosLejanosTEST, toroideHorizontalPeriodico2){
        1:    7-block  0
        1:    7-block  1
        1:    7-block  2
        1:    7-block  3
        1:    7-block  4
        1:    7-block  5
        1:    7-block  6
    $$$$$:    7-block  7
    $$$$$:    7-block  8
    $$$$$:    7-block  9
    $$$$$:    7-block 10
    $$$$$:    7-block 11
    $$$$$:    7-block 12
        1:    7-block 13
        1:    7-block 14
        1:    7-block 15
        1:    7-block 16
        1:    7-block 17
        1:    7-block 18
        1:    7-block 19
        1:    7-block 20
        5:    8:    toroide t1 = { 
        1:    8-block  0
        1:    8-block  1
        5:    8-block  2
    $$$$$:    8-block  3
    $$$$$:    8-block  4
    $$$$$:    8-block  5
    $$$$$:    8-block  6
    $$$$$:    8-block  7
    $$$$$:    8-block  8
    $$$$$:    8-block  9
        1:    9:                  {false, false, false, false, false}, 
        1:    9-block  0
        1:   10:                  {false, false, false, false, false}, 
        1:   10-block  0
        1:   11:                  {false, true, true, true, false},
        1:   11-block  0
        1:   12:                  {false, false, false, false, false}, 
        1:   12-block  0
        1:   13:                  {false, false,false, false, false} };
        1:   13-block  0
        5:   14:    toroide t2 = { 
        1:   14-block  0
        1:   14-block  1
        5:   14-block  2
    $$$$$:   14-block  3
    $$$$$:   14-block  4
    $$$$$:   14-block  5
    $$$$$:   14-block  6
    $$$$$:   14-block  7
    $$$$$:   14-block  8
        1:   15:                  {false, false, false, false, false}, 
        1:   15-block  0
        1:   16:                  {false, false, true, false, false}, 
        1:   16-block  0
        1:   17:                  {false, false, true, false, false},
        1:   17-block  0
        1:   18:                  {false, false, true, false, false}, 
        1:   18-block  0
        1:   19:                  {false, false,false, false, false} };
        1:   19-block  0
        1:   20:    bool res = primosLejanos(t1, t2);
        1:   20-block  0
        1:   21:    EXPECT_TRUE(res);
        1:   21-block  0
        1:   21-block  1
        1:   21-block  2
        1:   21-block  3
    $$$$$:   21-block  4
    $$$$$:   21-block  5
    $$$$$:   21-block  6
    $$$$$:   21-block  7
    $$$$$:   21-block  8
    $$$$$:   21-block  9
    $$$$$:   21-block 10
    $$$$$:   21-block 11
    $$$$$:   21-block 12
        1:   22:    res = primosLejanos(t2, t1);
        1:   22-block  0
        1:   23:    EXPECT_TRUE(res);
        1:   23-block  0
        1:   23-block  1
        1:   23-block  2
        1:   23-block  3
    $$$$$:   23-block  4
    $$$$$:   23-block  5
    $$$$$:   23-block  6
    $$$$$:   23-block  7
    $$$$$:   23-block  8
    $$$$$:   23-block  9
    $$$$$:   23-block 10
    $$$$$:   23-block 11
    $$$$$:   23-block 12
        1:   24:}
    $$$$$:   24-block  0
    $$$$$:   24-block  1
    $$$$$:   24-block  2
    $$$$$:   24-block  3
    $$$$$:   24-block  4
    $$$$$:   24-block  5
    $$$$$:   24-block  6
        1:   24-block  7
    $$$$$:   24-block  8
    $$$$$:   24-block  9
