        -:    0:Source:/Users/gianbattolla/Documents/Año 2020 - Cs. de la computación/Algoritmos y Estructuras de Datos 1/Trabajo Practico de Implementación - Juego de la Vida-20201031/tpi_final/tests/EJ08_primosLejanosTEST.cpp
        -:    0:Graph:/Users/gianbattolla/Documents/Año 2020 - Cs. de la computación/Algoritmos y Estructuras de Datos 1/Trabajo Practico de Implementación - Juego de la Vida-20201031/tpi_final/cmake-build-debug/CMakeFiles/juegoDeLaVida.dir/tests/EJ08_primosLejanosTEST.gcno
        -:    0:Data:/Users/gianbattolla/Documents/Año 2020 - Cs. de la computación/Algoritmos y Estructuras de Datos 1/Trabajo Practico de Implementación - Juego de la Vida-20201031/tpi_final/cmake-build-debug/CMakeFiles/juegoDeLaVida.dir/tests/EJ08_primosLejanosTEST.gcda
        -:    0:Runs:1
        -:    0:Programs:1
        -:    1:#include "../ejercicios.h"
        -:    2:#include "gtest/gtest.h"
        -:    3:#include <algorithm>
        -:    4:
        -:    5:using namespace std;
        -:    6:
        7:    7:TEST(primosLejanosTEST, toroideHorizontalPeriodico2){
        1:    7-block  0
        1:    7-block  1
        1:    7-block  2
        1:    7-block  3
        1:    7-block  4
        1:    7-block  5
        1:    7-block  6
    $$$$$:    7-block  7
    $$$$$:    7-block  8
    $$$$$:    7-block  9
    $$$$$:    7-block 10
    $$$$$:    7-block 11
    $$$$$:    7-block 12
        1:    7-block 13
        1:    7-block 14
        1:    7-block 15
        1:    7-block 16
        1:    7-block 17
        1:    7-block 18
        1:    7-block 19
        1:    7-block 20
        5:    8:    toroide t1 = { 
        1:    8-block  0
        1:    8-block  1
        5:    8-block  2
    $$$$$:    8-block  3
    $$$$$:    8-block  4
    $$$$$:    8-block  5
    $$$$$:    8-block  6
    $$$$$:    8-block  7
    $$$$$:    8-block  8
    $$$$$:    8-block  9
        1:    9:                  {false, false, false, false, false}, 
        1:    9-block  0
        1:   10:                  {false, false, false, false, false}, 
        1:   10-block  0
        1:   11:                  {false, true, true, true, false},
        1:   11-block  0
        1:   12:                  {false, false, false, false, false}, 
        1:   12-block  0
        1:   13:                  {false, false,false, false, false} };
        1:   13-block  0
        5:   14:    toroide t2 = { 
        1:   14-block  0
        1:   14-block  1
        5:   14-block  2
    $$$$$:   14-block  3
    $$$$$:   14-block  4
    $$$$$:   14-block  5
    $$$$$:   14-block  6
    $$$$$:   14-block  7
    $$$$$:   14-block  8
        1:   15:                  {false, false, false, false, false}, 
        1:   15-block  0
        1:   16:                  {false, false, true, false, false}, 
        1:   16-block  0
        1:   17:                  {false, false, true, false, false},
        1:   17-block  0
        1:   18:                  {false, false, true, false, false}, 
        1:   18-block  0
        1:   19:                  {false, false,false, false, false} };
        1:   19-block  0
        1:   20:    bool res = primosLejanos(t1, t2);
        1:   20-block  0
        1:   21:    EXPECT_TRUE(res);
        1:   21-block  0
        1:   21-block  1
        1:   21-block  2
        1:   21-block  3
    $$$$$:   21-block  4
    $$$$$:   21-block  5
    $$$$$:   21-block  6
    $$$$$:   21-block  7
    $$$$$:   21-block  8
    $$$$$:   21-block  9
    $$$$$:   21-block 10
    $$$$$:   21-block 11
    $$$$$:   21-block 12
        1:   22:    res = primosLejanos(t2, t1);
        1:   22-block  0
        1:   23:    EXPECT_TRUE(res);
        1:   23-block  0
        1:   23-block  1
        1:   23-block  2
        1:   23-block  3
    $$$$$:   23-block  4
    $$$$$:   23-block  5
    $$$$$:   23-block  6
    $$$$$:   23-block  7
    $$$$$:   23-block  8
    $$$$$:   23-block  9
    $$$$$:   23-block 10
    $$$$$:   23-block 11
    $$$$$:   23-block 12
        1:   24:}
    $$$$$:   24-block  0
    $$$$$:   24-block  1
    $$$$$:   24-block  2
    $$$$$:   24-block  3
    $$$$$:   24-block  4
    $$$$$:   24-block  5
    $$$$$:   24-block  6
        1:   24-block  7
    $$$$$:   24-block  8
    $$$$$:   24-block  9
        -:   25:
        -:   26:
        7:   27:TEST(primosLejanosTEST, toroideMuerto){
        1:   27-block  0
        1:   27-block  1
        1:   27-block  2
        1:   27-block  3
        1:   27-block  4
        1:   27-block  5
        1:   27-block  6
    $$$$$:   27-block  7
    $$$$$:   27-block  8
    $$$$$:   27-block  9
    $$$$$:   27-block 10
    $$$$$:   27-block 11
    $$$$$:   27-block 12
        1:   27-block 13
        1:   27-block 14
        1:   27-block 15
        1:   27-block 16
        1:   27-block 17
        1:   27-block 18
        1:   27-block 19
        1:   27-block 20
        5:   28:    toroide t1 = {
        1:   28-block  0
        1:   28-block  1
        5:   28-block  2
    $$$$$:   28-block  3
    $$$$$:   28-block  4
    $$$$$:   28-block  5
    $$$$$:   28-block  6
    $$$$$:   28-block  7
    $$$$$:   28-block  8
    $$$$$:   28-block  9
        1:   29:            {false, false, false, false, false},
        1:   29-block  0
        1:   30:            {false, false, false, false, false},
        1:   30-block  0
        1:   31:            {false, false, false, false, false},
        1:   31-block  0
        1:   32:            {false, false, false, false, false},
        1:   32-block  0
        1:   33:            {false, false, false, false, false} };
        1:   33-block  0
        5:   34:    toroide t2 = {
        1:   34-block  0
        1:   34-block  1
        5:   34-block  2
    $$$$$:   34-block  3
    $$$$$:   34-block  4
    $$$$$:   34-block  5
    $$$$$:   34-block  6
    $$$$$:   34-block  7
    $$$$$:   34-block  8
        1:   35:            {false, false, false, false, false},
        1:   35-block  0
        1:   36:            {false, false, true, false, false},
        1:   36-block  0
        1:   37:            {false, false, true, false, false},
        1:   37-block  0
        1:   38:            {false, false, true, false, false},
        1:   38-block  0
        1:   39:            {false, false, false, false, false} };
        1:   39-block  0
        1:   40:    bool res = primosLejanos(t1, t2);
        1:   40-block  0
        1:   41:    EXPECT_FALSE(res);
        1:   41-block  0
        1:   41-block  1
        1:   41-block  2
        1:   41-block  3
    $$$$$:   41-block  4
    $$$$$:   41-block  5
    $$$$$:   41-block  6
    $$$$$:   41-block  7
    $$$$$:   41-block  8
    $$$$$:   41-block  9
    $$$$$:   41-block 10
    $$$$$:   41-block 11
    $$$$$:   41-block 12
        1:   42:    res = primosLejanos(t2, t1);
        1:   42-block  0
        1:   43:    EXPECT_FALSE(res);
        1:   43-block  0
        1:   43-block  1
        1:   43-block  2
        1:   43-block  3
    $$$$$:   43-block  4
    $$$$$:   43-block  5
    $$$$$:   43-block  6
    $$$$$:   43-block  7
    $$$$$:   43-block  8
    $$$$$:   43-block  9
    $$$$$:   43-block 10
    $$$$$:   43-block 11
    $$$$$:   43-block 12
        1:   44:}
    $$$$$:   44-block  0
    $$$$$:   44-block  1
    $$$$$:   44-block  2
    $$$$$:   44-block  3
    $$$$$:   44-block  4
    $$$$$:   44-block  5
    $$$$$:   44-block  6
        1:   44-block  7
    $$$$$:   44-block  8
    $$$$$:   44-block  9
        -:   45:
        7:   46:TEST(esPeriodicoTEST, toroidesGrande ){
        1:   46-block  0
        1:   46-block  1
        1:   46-block  2
        1:   46-block  3
        1:   46-block  4
        1:   46-block  5
        1:   46-block  6
    $$$$$:   46-block  7
    $$$$$:   46-block  8
    $$$$$:   46-block  9
    $$$$$:   46-block 10
    $$$$$:   46-block 11
    $$$$$:   46-block 12
        1:   46-block 13
        1:   46-block 14
        1:   46-block 15
        1:   46-block 16
        1:   46-block 17
        1:   46-block 18
        1:   46-block 19
        1:   46-block 20
       11:   47:    toroide t1 = {
        1:   47-block  0
        1:   47-block  1
       11:   47-block  2
    $$$$$:   47-block  3
    $$$$$:   47-block  4
    $$$$$:   47-block  5
    $$$$$:   47-block  6
    $$$$$:   47-block  7
    $$$$$:   47-block  8
    $$$$$:   47-block  9
        1:   48:            {false,false,false, false, false, false, false,false,false,false,false, false},
        1:   48-block  0
        1:   49:            {false,false, false, false, false, true,false,false,false,false,false},
        1:   49-block  0
        1:   50:            {false,false, false, false, false, true,false,false,false,false,false},
        1:   50-block  0
        1:   51:            {false,false, false, false, false, true,false,false,false,false,false},
        1:   51-block  0
        1:   52:            {false,false, false, false, false, false,false,false,false,false,false},
        1:   52-block  0
        1:   53:            {false,true,  true, true,  false, false, false,true,true,true,false},
        1:   53-block  0
        1:   54:            {false,false, false, false, false, false,false,false,false,false,false},
        1:   54-block  0
        1:   55:            {false,false, false, false, false, true,false,false,false,false,false},
        1:   55-block  0
        1:   56:            {false,false, false, false, false, true,false,false,false,false,false},
        1:   56-block  0
        1:   57:            {false,false, false, false, false, true,false,false,false,false,false},
        1:   57-block  0
        1:   58:            {false,false, false, false, false, false ,false,false,false,false,false}
        1:   58-block  0
        -:   59:    };
       11:   60:    toroide t2 = {
        1:   60-block  0
        1:   60-block  1
       11:   60-block  2
    $$$$$:   60-block  3
    $$$$$:   60-block  4
    $$$$$:   60-block  5
    $$$$$:   60-block  6
    $$$$$:   60-block  7
    $$$$$:   60-block  8
        1:   61:            {false, false, false, false, false, false, false, false, false, false, false, false},
        1:   61-block  0
        1:   62:            {false, false, false, false, false, true, false, false, false, false, false},
        1:   62-block  0
        1:   63:            {false, false, false, false, false, false, false, false, false, false, false},
        1:   63-block  0
        1:   64:            {false, false, false, false, false, true, false, false, false, false, false},
        1:   64-block  0
        1:   65:            {false, false, true, false, false, false, false, false, false, false, false},
        1:   65-block  0
        1:   66:            {false, false, false, false, false, false, false, true, false, true, false},
        1:   66-block  0
        1:   67:            {false, false, true, false, false, false, false, false, false, false, false},
        1:   67-block  0
        1:   68:            {false, false, false, false, false, true, false, false, false, false, false},
        1:   68-block  0
        1:   69:            {false, false, false, false, false, false, false, false, false, false, false},
        1:   69-block  0
        1:   70:            {false, false, false, false, false, true, false, false, false, false, false},
        1:   70-block  0
        1:   71:            {false, false, false, false, false, false, false, false, false, false, false}
        1:   71-block  0
        -:   72:    };
        -:   73:
        1:   74:    bool res = primosLejanos(t1, t2);
        1:   74-block  0
        1:   75:    EXPECT_FALSE(res);
        1:   75-block  0
        1:   75-block  1
        1:   75-block  2
        1:   75-block  3
    $$$$$:   75-block  4
    $$$$$:   75-block  5
    $$$$$:   75-block  6
    $$$$$:   75-block  7
    $$$$$:   75-block  8
    $$$$$:   75-block  9
    $$$$$:   75-block 10
    $$$$$:   75-block 11
    $$$$$:   75-block 12
        1:   76:    res = primosLejanos(t2, t1);
        1:   76-block  0
        1:   77:    EXPECT_FALSE(res);
        1:   77-block  0
        1:   77-block  1
        1:   77-block  2
        1:   77-block  3
    $$$$$:   77-block  4
    $$$$$:   77-block  5
    $$$$$:   77-block  6
    $$$$$:   77-block  7
    $$$$$:   77-block  8
    $$$$$:   77-block  9
    $$$$$:   77-block 10
    $$$$$:   77-block 11
    $$$$$:   77-block 12
        1:   78:}
    $$$$$:   78-block  0
    $$$$$:   78-block  1
    $$$$$:   78-block  2
    $$$$$:   78-block  3
    $$$$$:   78-block  4
    $$$$$:   78-block  5
    $$$$$:   78-block  6
        1:   78-block  7
    $$$$$:   78-block  8
    $$$$$:   78-block  9
        -:   79:
        7:   80:TEST(primosLejanosTEST, DosPeriodico2){
        1:   80-block  0
        1:   80-block  1
        1:   80-block  2
        1:   80-block  3
        1:   80-block  4
        1:   80-block  5
        1:   80-block  6
    $$$$$:   80-block  7
    $$$$$:   80-block  8
    $$$$$:   80-block  9
    $$$$$:   80-block 10
    $$$$$:   80-block 11
    $$$$$:   80-block 12
        1:   80-block 13
        1:   80-block 14
        1:   80-block 15
        1:   80-block 16
        1:   80-block 17
        1:   80-block 18
        1:   80-block 19
        1:   80-block 20
        5:   81:    toroide t1 = {
        1:   81-block  0
        1:   81-block  1
        5:   81-block  2
    $$$$$:   81-block  3
    $$$$$:   81-block  4
    $$$$$:   81-block  5
    $$$$$:   81-block  6
    $$$$$:   81-block  7
    $$$$$:   81-block  8
    $$$$$:   81-block  9
        1:   82:            {false, false, false, false, false},
        1:   82-block  0
        1:   83:            {false, false, false, false, false},
        1:   83-block  0
        1:   84:            {false, true, true, true, false},
        1:   84-block  0
        1:   85:            {false, false, false, false, false},
        1:   85-block  0
        1:   86:            {false, false,false, false, false} };
        1:   86-block  0
        5:   87:    toroide t2 = {
        1:   87-block  0
        1:   87-block  1
        5:   87-block  2
    $$$$$:   87-block  3
    $$$$$:   87-block  4
    $$$$$:   87-block  5
    $$$$$:   87-block  6
    $$$$$:   87-block  7
    $$$$$:   87-block  8
        1:   88:            {false, false, false, false, false},
        1:   88-block  0
        1:   89:            {false, true, true, false, false},
        1:   89-block  0
        1:   90:            {false, true, true, false, false},
        1:   90-block  0
        1:   91:            {false, false, false, false, false},
        1:   91-block  0
        1:   92:            {false, false,false, false, false} };
        1:   92-block  0
        1:   93:    bool res = primosLejanos(t1, t2);
        1:   93-block  0
        1:   94:    EXPECT_FALSE(res);
        1:   94-block  0
        1:   94-block  1
        1:   94-block  2
        1:   94-block  3
    $$$$$:   94-block  4
    $$$$$:   94-block  5
    $$$$$:   94-block  6
    $$$$$:   94-block  7
    $$$$$:   94-block  8
    $$$$$:   94-block  9
    $$$$$:   94-block 10
    $$$$$:   94-block 11
    $$$$$:   94-block 12
        1:   95:    res = primosLejanos(t2, t1);
        1:   95-block  0
        1:   96:    EXPECT_FALSE(res);
        1:   96-block  0
        1:   96-block  1
        1:   96-block  2
        1:   96-block  3
    $$$$$:   96-block  4
    $$$$$:   96-block  5
    $$$$$:   96-block  6
    $$$$$:   96-block  7
    $$$$$:   96-block  8
    $$$$$:   96-block  9
    $$$$$:   96-block 10
    $$$$$:   96-block 11
    $$$$$:   96-block 12
        1:   97:}
    $$$$$:   97-block  0
    $$$$$:   97-block  1
    $$$$$:   97-block  2
    $$$$$:   97-block  3
    $$$$$:   97-block  4
    $$$$$:   97-block  5
    $$$$$:   97-block  6
        1:   97-block  7
    $$$$$:   97-block  8
    $$$$$:   97-block  9
        -:   98:
