        -:    0:Source:/Users/gianbattolla/Documents/Año 2020 - Cs. de la computación/Algoritmos y Estructuras de Datos 1/Trabajo Practico de Implementación - Juego de la Vida-20201031/tpi_final/tests/EJ09_seleccionNaturalTEST.cpp
        -:    0:Graph:/Users/gianbattolla/Documents/Año 2020 - Cs. de la computación/Algoritmos y Estructuras de Datos 1/Trabajo Practico de Implementación - Juego de la Vida-20201031/tpi_final/cmake-build-debug/CMakeFiles/juegoDeLaVida.dir/tests/EJ09_seleccionNaturalTEST.gcno
        -:    0:Data:/Users/gianbattolla/Documents/Año 2020 - Cs. de la computación/Algoritmos y Estructuras de Datos 1/Trabajo Practico de Implementación - Juego de la Vida-20201031/tpi_final/cmake-build-debug/CMakeFiles/juegoDeLaVida.dir/tests/EJ09_seleccionNaturalTEST.gcda
        -:    0:Runs:1
        -:    0:Programs:1
        -:    1:#include "../ejercicios.h"
        -:    2:#include "gtest/gtest.h"
        -:    3:#include <algorithm>
        -:    4:
        -:    5:using namespace std;
        -:    6:
        -:    7:
        7:    8:TEST(seleccionNaturalTEST, toroideDiagonalVsUnoVivo){
        1:    8-block  0
        1:    8-block  1
        1:    8-block  2
        1:    8-block  3
        1:    8-block  4
        1:    8-block  5
        1:    8-block  6
    $$$$$:    8-block  7
    $$$$$:    8-block  8
    $$$$$:    8-block  9
    $$$$$:    8-block 10
    $$$$$:    8-block 11
    $$$$$:    8-block 12
        1:    8-block 13
        1:    8-block 14
        1:    8-block 15
        1:    8-block 16
        1:    8-block 17
        1:    8-block 18
        1:    8-block 19
        1:    8-block 20
        3:    9:    toroide t1 = { 
        1:    9-block  0
        1:    9-block  1
        3:    9-block  2
    $$$$$:    9-block  3
    $$$$$:    9-block  4
    $$$$$:    9-block  5
    $$$$$:    9-block  6
    $$$$$:    9-block  7
    $$$$$:    9-block  8
    $$$$$:    9-block  9
        1:   10:                  {true, false, false},
        1:   10-block  0
        1:   11:                  {false, true, false},
        1:   11-block  0
        1:   12:                  {false, false, true}}; 
        1:   12-block  0
        5:   13:    toroide t2 = { 
        1:   13-block  0
        1:   13-block  1
        5:   13-block  2
    $$$$$:   13-block  3
    $$$$$:   13-block  4
    $$$$$:   13-block  5
    $$$$$:   13-block  6
    $$$$$:   13-block  7
    $$$$$:   13-block  8
        1:   14:                  {false, false, false}, 
        1:   14-block  0
        1:   15:                  {false, false, false}, 
        1:   15-block  0
        1:   16:                  {false, true, false},
        1:   16-block  0
        1:   17:                  {false, false, false}, 
        1:   17-block  0
        1:   18:                  {false, false, false}};
        1:   18-block  0
        1:   19:    vector<toroide> ts;
        1:   20:    ts.push_back(t1);
        1:   20-block  0
        1:   21:    ts.push_back(t2);
        1:   21-block  0
        1:   22:    ts.push_back(t2);
        1:   22-block  0
        1:   23:    int res = seleccionNatural(ts);
        1:   23-block  0
        1:   23-block  1
    $$$$$:   23-block  2
        1:   24:    EXPECT_EQ(res, 0);
        1:   24-block  0
        1:   24-block  1
        1:   24-block  2
        1:   24-block  3
    $$$$$:   24-block  4
    $$$$$:   24-block  5
    $$$$$:   24-block  6
    $$$$$:   24-block  7
    $$$$$:   24-block  8
    $$$$$:   24-block  9
    $$$$$:   24-block 10
    $$$$$:   24-block 11
        1:   25:}
    $$$$$:   25-block  0
    $$$$$:   25-block  1
    $$$$$:   25-block  2
        1:   25-block  3
    $$$$$:   25-block  4
    $$$$$:   25-block  5
        -:   26:
        7:   27:TEST(seleccionNaturalTEST, muerenALaVez){
        1:   27-block  0
        1:   27-block  1
        1:   27-block  2
        1:   27-block  3
        1:   27-block  4
        1:   27-block  5
        1:   27-block  6
    $$$$$:   27-block  7
    $$$$$:   27-block  8
    $$$$$:   27-block  9
    $$$$$:   27-block 10
    $$$$$:   27-block 11
    $$$$$:   27-block 12
        1:   27-block 13
        1:   27-block 14
        1:   27-block 15
        1:   27-block 16
        1:   27-block 17
        1:   27-block 18
        1:   27-block 19
        1:   27-block 20
        3:   28:    toroide t1 = {
        1:   28-block  0
        1:   28-block  1
        3:   28-block  2
    $$$$$:   28-block  3
    $$$$$:   28-block  4
    $$$$$:   28-block  5
    $$$$$:   28-block  6
    $$$$$:   28-block  7
    $$$$$:   28-block  8
    $$$$$:   28-block  9
        1:   29:            {true, false, false},
        1:   29-block  0
        1:   30:            {false, true, false},
        1:   30-block  0
        1:   31:            {false, false, true}};
        1:   31-block  0
        5:   32:    toroide t2 = {
        1:   32-block  0
        1:   32-block  1
        5:   32-block  2
    $$$$$:   32-block  3
    $$$$$:   32-block  4
    $$$$$:   32-block  5
    $$$$$:   32-block  6
    $$$$$:   32-block  7
    $$$$$:   32-block  8
        1:   33:            {false, false, false},
        1:   33-block  0
        1:   34:            {false, false, false},
        1:   34-block  0
        1:   35:            {false, true, false},
        1:   35-block  0
        1:   36:            {false, false, false},
        1:   36-block  0
        1:   37:            {false, false, false}};
        1:   37-block  0
        1:   38:    vector<toroide> ts;
        1:   39:    ts.push_back(t1);
        1:   39-block  0
        1:   40:    ts.push_back(t1);
        1:   40-block  0
        1:   41:    ts.push_back(t2);
        1:   41-block  0
        1:   42:    int res = seleccionNatural(ts);
        1:   42-block  0
        1:   42-block  1
    $$$$$:   42-block  2
        1:   43:    EXPECT_EQ(res, 0);
        1:   43-block  0
        1:   43-block  1
        1:   43-block  2
        1:   43-block  3
    $$$$$:   43-block  4
    $$$$$:   43-block  5
    $$$$$:   43-block  6
    $$$$$:   43-block  7
    $$$$$:   43-block  8
    $$$$$:   43-block  9
    $$$$$:   43-block 10
    $$$$$:   43-block 11
        1:   44:}
    $$$$$:   44-block  0
    $$$$$:   44-block  1
    $$$$$:   44-block  2
        1:   44-block  3
    $$$$$:   44-block  4
    $$$$$:   44-block  5
        -:   45:
        7:   46:TEST(seleccionNaturalTEST, esperaResDifCero){
        1:   46-block  0
        1:   46-block  1
        1:   46-block  2
        1:   46-block  3
        1:   46-block  4
        1:   46-block  5
        1:   46-block  6
    $$$$$:   46-block  7
    $$$$$:   46-block  8
    $$$$$:   46-block  9
    $$$$$:   46-block 10
    $$$$$:   46-block 11
    $$$$$:   46-block 12
        1:   46-block 13
        1:   46-block 14
        1:   46-block 15
        1:   46-block 16
        1:   46-block 17
        1:   46-block 18
        1:   46-block 19
        1:   46-block 20
        3:   47:    toroide t1 = {{true, false, false},
        1:   47-block  0
        1:   47-block  1
        1:   47-block  2
        3:   47-block  3
    $$$$$:   47-block  4
    $$$$$:   47-block  5
    $$$$$:   47-block  6
    $$$$$:   47-block  7
    $$$$$:   47-block  8
    $$$$$:   47-block  9
    $$$$$:   47-block 10
        1:   48:                  {false, true, false},
        1:   48-block  0
        1:   49:                  {false, false, true}};
        1:   49-block  0
        5:   50:    toroide t2 = {
        1:   50-block  0
        1:   50-block  1
        5:   50-block  2
    $$$$$:   50-block  3
    $$$$$:   50-block  4
    $$$$$:   50-block  5
    $$$$$:   50-block  6
    $$$$$:   50-block  7
    $$$$$:   50-block  8
        1:   51:            {false, false, false},
        1:   51-block  0
        1:   52:            {false, false, false},
        1:   52-block  0
        1:   53:            {false, true, false},
        1:   53-block  0
        1:   54:            {false, false, false},
        1:   54-block  0
        1:   55:            {false, false, false}};
        1:   55-block  0
        1:   56:    vector<toroide> ts;
        1:   57:    ts.push_back(t2);
        1:   57-block  0
        1:   58:    ts.push_back(t2);
        1:   58-block  0
        1:   59:    ts.push_back(t2);
        1:   59-block  0
        1:   60:    ts.push_back(t2);
        1:   60-block  0
        1:   61:    ts.push_back(t1);
        1:   61-block  0
        1:   62:    ts.push_back(t1);
        1:   62-block  0
        1:   63:    int res = seleccionNatural(ts);
        1:   63-block  0
        1:   63-block  1
    $$$$$:   63-block  2
        1:   64:    EXPECT_EQ(res, 4);
        1:   64-block  0
        1:   64-block  1
        1:   64-block  2
        1:   64-block  3
    $$$$$:   64-block  4
    $$$$$:   64-block  5
    $$$$$:   64-block  6
    $$$$$:   64-block  7
    $$$$$:   64-block  8
    $$$$$:   64-block  9
    $$$$$:   64-block 10
    $$$$$:   64-block 11
        1:   65:}
    $$$$$:   65-block  0
    $$$$$:   65-block  1
    $$$$$:   65-block  2
        1:   65-block  3
    $$$$$:   65-block  4
    $$$$$:   65-block  5
