        -:    0:Source:C:/Users/ramir/Desktop/TPI FINALIZADO/tpi_final/tests/EJ09_seleccionNaturalTEST.cpp
        -:    0:Graph:C:\Users\ramir\Desktop\TPI FINALIZADO\tpi_final\cmake-build-debug\CMakeFiles\juegoDeLaVida.dir\tests\EJ09_seleccionNaturalTEST.gcno
        -:    0:Data:C:\Users\ramir\Desktop\TPI FINALIZADO\tpi_final\cmake-build-debug\CMakeFiles\juegoDeLaVida.dir\tests\EJ09_seleccionNaturalTEST.gcda
        -:    0:Runs:1
        -:    0:Programs:1
        -:    1:#include "../ejercicios.h"
        -:    2:#include "gtest/gtest.h"
        -:    3:#include <algorithm>
        -:    4:
        -:    5:using namespace std;
        -:    6:
        -:    7:
        2:    8:TEST(seleccionNaturalTEST, toroideDiagonalVsUnoVivo){
        -:    9:    toroide t1 = { 
        -:   10:                  {true, false, false},
        -:   11:                  {false, true, false},
        7:   12:                  {false, false, true}}; 
        -:   13:    toroide t2 = { 
        -:   14:                  {false, false, false}, 
        -:   15:                  {false, false, false}, 
        -:   16:                  {false, true, false},
        -:   17:                  {false, false, false}, 
        9:   18:                  {false, false, false}};
        2:   19:    vector<toroide> ts;
        1:   20:    ts.push_back(t1);
        1:   21:    ts.push_back(t2);
        1:   22:    ts.push_back(t2);
        1:   23:    int res = seleccionNatural(ts);
       1*:   24:    EXPECT_EQ(res, 0);
        1:   25:}
------------------
_ZN50seleccionNaturalTEST_toroideDiagonalVsUnoVivo_Test8TestBodyEv:
        1:    8:TEST(seleccionNaturalTEST, toroideDiagonalVsUnoVivo){
        -:    9:    toroide t1 = { 
        -:   10:                  {true, false, false},
        -:   11:                  {false, true, false},
        7:   12:                  {false, false, true}}; 
        1:   12-block  0
        1:   12-block  1
        1:   12-block  2
        1:   12-block  3
        3:   12-block  4
        1:   12-block  5
    $$$$$:   12-block  6
    $$$$$:   12-block  7
    $$$$$:   12-block  8
    $$$$$:   12-block  9
    $$$$$:   12-block 10
    $$$$$:   12-block 11
    $$$$$:   12-block 12
    $$$$$:   12-block 13
    $$$$$:   12-block 14
    $$$$$:   12-block 15
        -:   13:    toroide t2 = { 
        -:   14:                  {false, false, false}, 
        -:   15:                  {false, false, false}, 
        -:   16:                  {false, true, false},
        -:   17:                  {false, false, false}, 
        9:   18:                  {false, false, false}};
        1:   18-block  0
        1:   18-block  1
        1:   18-block  2
        1:   18-block  3
        1:   18-block  4
        5:   18-block  5
        1:   18-block  6
    $$$$$:   18-block  7
    $$$$$:   18-block  8
    $$$$$:   18-block  9
    $$$$$:   18-block 10
    $$$$$:   18-block 11
    $$$$$:   18-block 12
    $$$$$:   18-block 13
    $$$$$:   18-block 14
    $$$$$:   18-block 15
    $$$$$:   18-block 16
    $$$$$:   18-block 17
    $$$$$:   18-block 18
    $$$$$:   18-block 19
    $$$$$:   18-block 20
        2:   19:    vector<toroide> ts;
    $$$$$:   19-block  0
        1:   20:    ts.push_back(t1);
        1:   21:    ts.push_back(t2);
        1:   21-block  0
        1:   22:    ts.push_back(t2);
        1:   22-block  0
        1:   23:    int res = seleccionNatural(ts);
        1:   23-block  0
        1:   23-block  1
        1:   23-block  2
    $$$$$:   23-block  3
    $$$$$:   23-block  4
       1*:   24:    EXPECT_EQ(res, 0);
        1:   24-block  0
    %%%%%:   24-block  1
    %%%%%:   24-block  2
    %%%%%:   24-block  3
    %%%%%:   24-block  4
    %%%%%:   24-block  5
        1:   24-block  6
    $$$$$:   24-block  7
    $$$$$:   24-block  8
    $$$$$:   24-block  9
    $$$$$:   24-block 10
    $$$$$:   24-block 11
    $$$$$:   24-block 12
        1:   25:}
------------------
_ZN50seleccionNaturalTEST_toroideDiagonalVsUnoVivo_TestC1Ev:
        1:    8:TEST(seleccionNaturalTEST, toroideDiagonalVsUnoVivo){
        1:    8-block  0
------------------
        2:   26:TEST(seleccionNaturalTEST, muerenALaVez){
        -:   27:    toroide t1 = {
        -:   28:            {true, false, false},
        -:   29:            {false, true, false},
        7:   30:            {false, false, true}};
        -:   31:    toroide t2 = {
        -:   32:            {false, false, false},
        -:   33:            {false, false, false},
        -:   34:            {false, true, false},
        -:   35:            {false, false, false},
        9:   36:            {false, false, false}};
        2:   37:    vector<toroide> ts;
        1:   38:    ts.push_back(t1);
        1:   39:    ts.push_back(t1);
        1:   40:    ts.push_back(t2);
        1:   41:    int res = seleccionNatural(ts);
       1*:   42:    EXPECT_EQ(res, 0);
        1:   43:}
------------------
_ZN38seleccionNaturalTEST_muerenALaVez_Test8TestBodyEv:
        1:   26:TEST(seleccionNaturalTEST, muerenALaVez){
        -:   27:    toroide t1 = {
        -:   28:            {true, false, false},
        -:   29:            {false, true, false},
        7:   30:            {false, false, true}};
        1:   30-block  0
        1:   30-block  1
        1:   30-block  2
        1:   30-block  3
        3:   30-block  4
        1:   30-block  5
    $$$$$:   30-block  6
    $$$$$:   30-block  7
    $$$$$:   30-block  8
    $$$$$:   30-block  9
    $$$$$:   30-block 10
    $$$$$:   30-block 11
    $$$$$:   30-block 12
    $$$$$:   30-block 13
    $$$$$:   30-block 14
    $$$$$:   30-block 15
        -:   31:    toroide t2 = {
        -:   32:            {false, false, false},
        -:   33:            {false, false, false},
        -:   34:            {false, true, false},
        -:   35:            {false, false, false},
        9:   36:            {false, false, false}};
        1:   36-block  0
        1:   36-block  1
        1:   36-block  2
        1:   36-block  3
        1:   36-block  4
        5:   36-block  5
        1:   36-block  6
    $$$$$:   36-block  7
    $$$$$:   36-block  8
    $$$$$:   36-block  9
    $$$$$:   36-block 10
    $$$$$:   36-block 11
    $$$$$:   36-block 12
    $$$$$:   36-block 13
    $$$$$:   36-block 14
    $$$$$:   36-block 15
    $$$$$:   36-block 16
    $$$$$:   36-block 17
    $$$$$:   36-block 18
    $$$$$:   36-block 19
    $$$$$:   36-block 20
        2:   37:    vector<toroide> ts;
    $$$$$:   37-block  0
        1:   38:    ts.push_back(t1);
        1:   39:    ts.push_back(t1);
        1:   39-block  0
        1:   40:    ts.push_back(t2);
        1:   40-block  0
        1:   41:    int res = seleccionNatural(ts);
        1:   41-block  0
        1:   41-block  1
        1:   41-block  2
    $$$$$:   41-block  3
    $$$$$:   41-block  4
       1*:   42:    EXPECT_EQ(res, 0);
        1:   42-block  0
    %%%%%:   42-block  1
    %%%%%:   42-block  2
    %%%%%:   42-block  3
    %%%%%:   42-block  4
    %%%%%:   42-block  5
        1:   42-block  6
    $$$$$:   42-block  7
    $$$$$:   42-block  8
    $$$$$:   42-block  9
    $$$$$:   42-block 10
    $$$$$:   42-block 11
    $$$$$:   42-block 12
        1:   43:}
------------------
_ZN38seleccionNaturalTEST_muerenALaVez_TestC1Ev:
        1:   26:TEST(seleccionNaturalTEST, muerenALaVez){
        1:   26-block  0
------------------
        -:   44:
        -:   45:/*
        -:   46:TEST(seleccionNaturalTEST, DiagonalVsHorizontal){
        -:   47:    toroide t1 = { 
        -:   48:                  {false, false, false, false, false}, 
        -:   49:                  {false, false, false, false, false}, 
        -:   50:                  {false, true, true, true, false},
        -:   51:                  {false, false, false, false, false}, 
        -:   52:                  {false, false,false, false, false} };
        -:   53:    toroide t2 = { 
        -:   54:                  {true, false, false},
        -:   55:                  {false, true, false},
        -:   56:                  {false, false, true}}; 
        -:   57:    vector<toroide> ts;
        -:   58:    ts.push_back(t2);
        -:   59:    ts.push_back(t1);
        -:   60:    ts.push_back(t2);
        -:   61:    int res = seleccionNatural(ts);
        -:   62:    EXPECT_EQ(res, 1);
        -:   63:}
        -:   64:*/
