        -:    0:Source:C:/Users/ramir/Desktop/TPI FINALIZADO/tpi_final/tests/EJ10_fusionarTEST.cpp
        -:    0:Graph:C:\Users\ramir\Desktop\TPI FINALIZADO\tpi_final\cmake-build-debug\CMakeFiles\juegoDeLaVida.dir\tests\EJ10_fusionarTEST.gcno
        -:    0:Data:C:\Users\ramir\Desktop\TPI FINALIZADO\tpi_final\cmake-build-debug\CMakeFiles\juegoDeLaVida.dir\tests\EJ10_fusionarTEST.gcda
        -:    0:Runs:1
        -:    0:Programs:1
        -:    1:#include "../ejercicios.h"
        -:    2:#include "gtest/gtest.h"
        -:    3:#include <algorithm>
        -:    4:
        -:    5:using namespace std;
        -:    6:
        2:    7:TEST(fusionarTEST, sinInterseccion){
        -:    8:    toroide t1 = { 
        -:    9:                  {true, false, false},
        -:   10:                  {false, true, false},
        7:   11:                  {false, false, true}}; 
        -:   12:    toroide t2 = { 
        -:   13:                  {false, true, true},
        -:   14:                  {true, false, true},
        7:   15:                  {true, true, false}};
        -:   16:
        -:   17:    toroide tout = {
        -:   18:            {false, false, false},
        -:   19:            {false, false, false},
        7:   20:            {false, false, false}};
        -:   21:
        2:   22:    toroide res = fusionar(t1, t2);
       1*:   23:    EXPECT_EQ(res, tout);
        1:   24:}
------------------
_ZN33fusionarTEST_sinInterseccion_Test8TestBodyEv:
        1:    7:TEST(fusionarTEST, sinInterseccion){
        -:    8:    toroide t1 = { 
        -:    9:                  {true, false, false},
        -:   10:                  {false, true, false},
        7:   11:                  {false, false, true}}; 
        1:   11-block  0
        1:   11-block  1
        1:   11-block  2
        1:   11-block  3
        3:   11-block  4
        1:   11-block  5
    $$$$$:   11-block  6
    $$$$$:   11-block  7
    $$$$$:   11-block  8
    $$$$$:   11-block  9
    $$$$$:   11-block 10
    $$$$$:   11-block 11
    $$$$$:   11-block 12
    $$$$$:   11-block 13
    $$$$$:   11-block 14
    $$$$$:   11-block 15
        -:   12:    toroide t2 = { 
        -:   13:                  {false, true, true},
        -:   14:                  {true, false, true},
        7:   15:                  {true, true, false}};
        1:   15-block  0
        1:   15-block  1
        1:   15-block  2
        3:   15-block  3
        1:   15-block  4
    $$$$$:   15-block  5
    $$$$$:   15-block  6
    $$$$$:   15-block  7
    $$$$$:   15-block  8
    $$$$$:   15-block  9
    $$$$$:   15-block 10
    $$$$$:   15-block 11
    $$$$$:   15-block 12
    $$$$$:   15-block 13
    $$$$$:   15-block 14
        -:   16:
        -:   17:    toroide tout = {
        -:   18:            {false, false, false},
        -:   19:            {false, false, false},
        7:   20:            {false, false, false}};
        1:   20-block  0
        1:   20-block  1
        1:   20-block  2
        3:   20-block  3
        1:   20-block  4
    $$$$$:   20-block  5
    $$$$$:   20-block  6
    $$$$$:   20-block  7
    $$$$$:   20-block  8
    $$$$$:   20-block  9
    $$$$$:   20-block 10
    $$$$$:   20-block 11
    $$$$$:   20-block 12
    $$$$$:   20-block 13
    $$$$$:   20-block 14
        -:   21:
        2:   22:    toroide res = fusionar(t1, t2);
    $$$$$:   22-block  0
       1*:   23:    EXPECT_EQ(res, tout);
        1:   23-block  0
        1:   23-block  1
    %%%%%:   23-block  2
    %%%%%:   23-block  3
    %%%%%:   23-block  4
    %%%%%:   23-block  5
    %%%%%:   23-block  6
        1:   23-block  7
    $$$$$:   23-block  8
    $$$$$:   23-block  9
    $$$$$:   23-block 10
    $$$$$:   23-block 11
    $$$$$:   23-block 12
        1:   24:}
------------------
_ZN33fusionarTEST_sinInterseccion_TestC1Ev:
        1:    7:TEST(fusionarTEST, sinInterseccion){
        1:    7-block  0
------------------
        -:   25:
        -:   26:
        2:   27:TEST(fusionarTEST, conIntersercciones){
        -:   28:    toroide t1 = {
        -:   29:            {true, false, true},
        -:   30:            {false, false, false},
        7:   31:            {false, true, true}};
        -:   32:    toroide t2 = {
        -:   33:            {true, true, true},
        -:   34:            {true, false, true},
        7:   35:            {true, true, false}};
        -:   36:
        -:   37:    toroide tout = {
        -:   38:            {true, false, true},
        -:   39:            {false, false, false},
        7:   40:            {false, true, false}};
        -:   41:
        2:   42:    toroide res = fusionar(t1, t2);
       1*:   43:    EXPECT_EQ(res, tout);
        1:   44:}
------------------
_ZN36fusionarTEST_conIntersercciones_Test8TestBodyEv:
        1:   27:TEST(fusionarTEST, conIntersercciones){
        -:   28:    toroide t1 = {
        -:   29:            {true, false, true},
        -:   30:            {false, false, false},
        7:   31:            {false, true, true}};
        1:   31-block  0
        1:   31-block  1
        1:   31-block  2
        1:   31-block  3
        3:   31-block  4
        1:   31-block  5
    $$$$$:   31-block  6
    $$$$$:   31-block  7
    $$$$$:   31-block  8
    $$$$$:   31-block  9
    $$$$$:   31-block 10
    $$$$$:   31-block 11
    $$$$$:   31-block 12
    $$$$$:   31-block 13
    $$$$$:   31-block 14
    $$$$$:   31-block 15
        -:   32:    toroide t2 = {
        -:   33:            {true, true, true},
        -:   34:            {true, false, true},
        7:   35:            {true, true, false}};
        1:   35-block  0
        1:   35-block  1
        1:   35-block  2
        3:   35-block  3
        1:   35-block  4
    $$$$$:   35-block  5
    $$$$$:   35-block  6
    $$$$$:   35-block  7
    $$$$$:   35-block  8
    $$$$$:   35-block  9
    $$$$$:   35-block 10
    $$$$$:   35-block 11
    $$$$$:   35-block 12
    $$$$$:   35-block 13
    $$$$$:   35-block 14
        -:   36:
        -:   37:    toroide tout = {
        -:   38:            {true, false, true},
        -:   39:            {false, false, false},
        7:   40:            {false, true, false}};
        1:   40-block  0
        1:   40-block  1
        1:   40-block  2
        3:   40-block  3
        1:   40-block  4
    $$$$$:   40-block  5
    $$$$$:   40-block  6
    $$$$$:   40-block  7
    $$$$$:   40-block  8
    $$$$$:   40-block  9
    $$$$$:   40-block 10
    $$$$$:   40-block 11
    $$$$$:   40-block 12
    $$$$$:   40-block 13
    $$$$$:   40-block 14
        -:   41:
        2:   42:    toroide res = fusionar(t1, t2);
    $$$$$:   42-block  0
       1*:   43:    EXPECT_EQ(res, tout);
        1:   43-block  0
        1:   43-block  1
    %%%%%:   43-block  2
    %%%%%:   43-block  3
    %%%%%:   43-block  4
    %%%%%:   43-block  5
    %%%%%:   43-block  6
        1:   43-block  7
    $$$$$:   43-block  8
    $$$$$:   43-block  9
    $$$$$:   43-block 10
    $$$$$:   43-block 11
    $$$$$:   43-block 12
        1:   44:}
------------------
_ZN36fusionarTEST_conIntersercciones_TestC1Ev:
        1:   27:TEST(fusionarTEST, conIntersercciones){
        1:   27-block  0
------------------
        -:   45:
        2:   46:TEST(fusionarTEST, toroideMuertoYVivo){
        -:   47:    toroide t1 = {
        -:   48:            {true, true, true, true},
        -:   49:            {true, true, true, true},
        7:   50:            {true, true, true, true}};
        -:   51:    toroide t2 = {
        -:   52:            {false, false, false, false},
        -:   53:            {false, false, false, false},
        7:   54:            {false, false, false, false}};
        -:   55:
        -:   56:    toroide tout = {
        -:   57:            {false, false, false, false},
        -:   58:            {false, false, false, false},
        7:   59:            {false, false, false, false}};
        -:   60:
        2:   61:    toroide res = fusionar(t1, t2);
       1*:   62:    EXPECT_EQ(res, tout);
        1:   63:}
------------------
_ZN36fusionarTEST_toroideMuertoYVivo_Test8TestBodyEv:
        1:   46:TEST(fusionarTEST, toroideMuertoYVivo){
        -:   47:    toroide t1 = {
        -:   48:            {true, true, true, true},
        -:   49:            {true, true, true, true},
        7:   50:            {true, true, true, true}};
        1:   50-block  0
        1:   50-block  1
        1:   50-block  2
        1:   50-block  3
        3:   50-block  4
        1:   50-block  5
    $$$$$:   50-block  6
    $$$$$:   50-block  7
    $$$$$:   50-block  8
    $$$$$:   50-block  9
    $$$$$:   50-block 10
    $$$$$:   50-block 11
    $$$$$:   50-block 12
    $$$$$:   50-block 13
    $$$$$:   50-block 14
    $$$$$:   50-block 15
        -:   51:    toroide t2 = {
        -:   52:            {false, false, false, false},
        -:   53:            {false, false, false, false},
        7:   54:            {false, false, false, false}};
        1:   54-block  0
        1:   54-block  1
        1:   54-block  2
        3:   54-block  3
        1:   54-block  4
    $$$$$:   54-block  5
    $$$$$:   54-block  6
    $$$$$:   54-block  7
    $$$$$:   54-block  8
    $$$$$:   54-block  9
    $$$$$:   54-block 10
    $$$$$:   54-block 11
    $$$$$:   54-block 12
    $$$$$:   54-block 13
    $$$$$:   54-block 14
        -:   55:
        -:   56:    toroide tout = {
        -:   57:            {false, false, false, false},
        -:   58:            {false, false, false, false},
        7:   59:            {false, false, false, false}};
        1:   59-block  0
        1:   59-block  1
        1:   59-block  2
        3:   59-block  3
        1:   59-block  4
    $$$$$:   59-block  5
    $$$$$:   59-block  6
    $$$$$:   59-block  7
    $$$$$:   59-block  8
    $$$$$:   59-block  9
    $$$$$:   59-block 10
    $$$$$:   59-block 11
    $$$$$:   59-block 12
    $$$$$:   59-block 13
    $$$$$:   59-block 14
        -:   60:
        2:   61:    toroide res = fusionar(t1, t2);
    $$$$$:   61-block  0
       1*:   62:    EXPECT_EQ(res, tout);
        1:   62-block  0
        1:   62-block  1
    %%%%%:   62-block  2
    %%%%%:   62-block  3
    %%%%%:   62-block  4
    %%%%%:   62-block  5
    %%%%%:   62-block  6
        1:   62-block  7
    $$$$$:   62-block  8
    $$$$$:   62-block  9
    $$$$$:   62-block 10
    $$$$$:   62-block 11
    $$$$$:   62-block 12
        1:   63:}
------------------
_ZN36fusionarTEST_toroideMuertoYVivo_TestC1Ev:
        1:   46:TEST(fusionarTEST, toroideMuertoYVivo){
        1:   46-block  0
------------------
