        -:    0:Source:/Users/gianbattolla/Documents/Año 2020 - Cs. de la computación/Algoritmos y Estructuras de Datos 1/Trabajo Practico de Implementación - Juego de la Vida-20201031/tpi_final/tests/EJ11_vistaTrasladadaTEST.cpp
        -:    0:Graph:/Users/gianbattolla/Documents/Año 2020 - Cs. de la computación/Algoritmos y Estructuras de Datos 1/Trabajo Practico de Implementación - Juego de la Vida-20201031/tpi_final/cmake-build-debug/CMakeFiles/juegoDeLaVida.dir/tests/EJ11_vistaTrasladadaTEST.gcno
        -:    0:Data:/Users/gianbattolla/Documents/Año 2020 - Cs. de la computación/Algoritmos y Estructuras de Datos 1/Trabajo Practico de Implementación - Juego de la Vida-20201031/tpi_final/cmake-build-debug/CMakeFiles/juegoDeLaVida.dir/tests/EJ11_vistaTrasladadaTEST.gcda
        -:    0:Runs:1
        -:    0:Programs:1
        -:    1:#include "../ejercicios.h"
        -:    2:#include "gtest/gtest.h"
        -:    3:#include <algorithm>
        -:    4:
        -:    5:using namespace std;
        -:    6:
        7:    7:TEST(vistaTrasladadaTEST, muevoTerceraFilaParaArriba){
        1:    7-block  0
        1:    7-block  1
        1:    7-block  2
        1:    7-block  3
        1:    7-block  4
        1:    7-block  5
        1:    7-block  6
    $$$$$:    7-block  7
    $$$$$:    7-block  8
    $$$$$:    7-block  9
    $$$$$:    7-block 10
    $$$$$:    7-block 11
    $$$$$:    7-block 12
        1:    7-block 13
        1:    7-block 14
        1:    7-block 15
        1:    7-block 16
        1:    7-block 17
        1:    7-block 18
        1:    7-block 19
        1:    7-block 20
        3:    8:    toroide t1 = { 
        1:    8-block  0
        1:    8-block  1
        3:    8-block  2
    $$$$$:    8-block  3
    $$$$$:    8-block  4
    $$$$$:    8-block  5
    $$$$$:    8-block  6
    $$$$$:    8-block  7
    $$$$$:    8-block  8
    $$$$$:    8-block  9
        1:    9:                  {true, false, false}, // 1
        1:    9-block  0
        1:   10:                  {false, true, false}, // 2
        1:   10-block  0
        1:   11:                  {false, false, true}};// 3
        1:   11-block  0
        3:   12:    toroide t2 = { 
        1:   12-block  0
        1:   12-block  1
        3:   12-block  2
    $$$$$:   12-block  3
    $$$$$:   12-block  4
    $$$$$:   12-block  5
    $$$$$:   12-block  6
    $$$$$:   12-block  7
    $$$$$:   12-block  8
        1:   13:                  {false, false, true}, // 3
        1:   13-block  0
        1:   14:                  {true, false, false}, // 1
        1:   14-block  0
        1:   15:                  {false, true, false}};// 2
        1:   15-block  0
        -:   16:
        1:   17:    bool res = vistaTrasladada(t1, t2);
        1:   17-block  0
        1:   18:    EXPECT_TRUE(res);
        1:   18-block  0
        1:   18-block  1
        1:   18-block  2
        1:   18-block  3
    $$$$$:   18-block  4
    $$$$$:   18-block  5
    $$$$$:   18-block  6
    $$$$$:   18-block  7
    $$$$$:   18-block  8
    $$$$$:   18-block  9
    $$$$$:   18-block 10
    $$$$$:   18-block 11
    $$$$$:   18-block 12
        1:   19:}
    $$$$$:   19-block  0
    $$$$$:   19-block  1
    $$$$$:   19-block  2
    $$$$$:   19-block  3
        1:   19-block  4
    $$$$$:   19-block  5
    $$$$$:   19-block  6
        -:   20:
        7:   21:TEST(vistaTrasladadaTEST, DiagonalVsTodoTrue){
        1:   21-block  0
        1:   21-block  1
        1:   21-block  2
        1:   21-block  3
        1:   21-block  4
        1:   21-block  5
        1:   21-block  6
    $$$$$:   21-block  7
    $$$$$:   21-block  8
    $$$$$:   21-block  9
    $$$$$:   21-block 10
    $$$$$:   21-block 11
    $$$$$:   21-block 12
        1:   21-block 13
        1:   21-block 14
        1:   21-block 15
        1:   21-block 16
        1:   21-block 17
        1:   21-block 18
        1:   21-block 19
        1:   21-block 20
        3:   22:    toroide t1 = { 
        1:   22-block  0
        1:   22-block  1
        3:   22-block  2
    $$$$$:   22-block  3
    $$$$$:   22-block  4
    $$$$$:   22-block  5
    $$$$$:   22-block  6
    $$$$$:   22-block  7
    $$$$$:   22-block  8
    $$$$$:   22-block  9
        1:   23:                  {true, false, false},
        1:   23-block  0
        1:   24:                  {false, true, false},
        1:   24-block  0
        1:   25:                  {false, false, true}}; 
        1:   25-block  0
        3:   26:    toroide t2 = { 
        1:   26-block  0
        1:   26-block  1
        3:   26-block  2
    $$$$$:   26-block  3
    $$$$$:   26-block  4
    $$$$$:   26-block  5
    $$$$$:   26-block  6
    $$$$$:   26-block  7
    $$$$$:   26-block  8
        1:   27:                  {true, true, true},
        1:   27-block  0
        1:   28:                  {true, true, true},
        1:   28-block  0
        1:   29:                  {true, true, true}}; 
        1:   29-block  0
        1:   30:    bool res = vistaTrasladada(t1, t2);
        1:   30-block  0
        1:   31:    EXPECT_FALSE(res);
        1:   31-block  0
        1:   31-block  1
        1:   31-block  2
        1:   31-block  3
    $$$$$:   31-block  4
    $$$$$:   31-block  5
    $$$$$:   31-block  6
    $$$$$:   31-block  7
    $$$$$:   31-block  8
    $$$$$:   31-block  9
    $$$$$:   31-block 10
    $$$$$:   31-block 11
    $$$$$:   31-block 12
        1:   32:}
    $$$$$:   32-block  0
    $$$$$:   32-block  1
    $$$$$:   32-block  2
    $$$$$:   32-block  3
        1:   32-block  4
    $$$$$:   32-block  5
    $$$$$:   32-block  6
