        -:    0:Source:/Users/gianbattolla/Documents/Año 2020 - Cs. de la computación/Algoritmos y Estructuras de Datos 1/Trabajo Practico de Implementación - Juego de la Vida-20201031/tpi_final/tests/EJ11_vistaTrasladadaTEST.cpp
        -:    0:Graph:/Users/gianbattolla/Documents/Año 2020 - Cs. de la computación/Algoritmos y Estructuras de Datos 1/Trabajo Practico de Implementación - Juego de la Vida-20201031/tpi_final/cmake-build-debug/CMakeFiles/juegoDeLaVida.dir/tests/EJ11_vistaTrasladadaTEST.gcno
        -:    0:Data:/Users/gianbattolla/Documents/Año 2020 - Cs. de la computación/Algoritmos y Estructuras de Datos 1/Trabajo Practico de Implementación - Juego de la Vida-20201031/tpi_final/cmake-build-debug/CMakeFiles/juegoDeLaVida.dir/tests/EJ11_vistaTrasladadaTEST.gcda
        -:    0:Runs:1
        -:    0:Programs:1
        -:    1:#include "../ejercicios.h"
        -:    2:#include "gtest/gtest.h"
        -:    3:#include <algorithm>
        -:    4:
        -:    5:using namespace std;
        -:    6:
        7:    7:TEST(vistaTrasladadaTEST, muevoTerceraFilaParaArriba){
        1:    7-block  0
        1:    7-block  1
        1:    7-block  2
        1:    7-block  3
        1:    7-block  4
        1:    7-block  5
        1:    7-block  6
    $$$$$:    7-block  7
    $$$$$:    7-block  8
    $$$$$:    7-block  9
    $$$$$:    7-block 10
    $$$$$:    7-block 11
    $$$$$:    7-block 12
        1:    7-block 13
        1:    7-block 14
        1:    7-block 15
        1:    7-block 16
        1:    7-block 17
        1:    7-block 18
        1:    7-block 19
        1:    7-block 20
        3:    8:    toroide t1 = { 
        1:    8-block  0
        1:    8-block  1
        3:    8-block  2
    $$$$$:    8-block  3
    $$$$$:    8-block  4
    $$$$$:    8-block  5
    $$$$$:    8-block  6
    $$$$$:    8-block  7
    $$$$$:    8-block  8
    $$$$$:    8-block  9
        1:    9:                  {true, false, false}, // 1
        1:    9-block  0
        1:   10:                  {false, true, false}, // 2
        1:   10-block  0
        1:   11:                  {false, false, true}};// 3
        1:   11-block  0
        3:   12:    toroide t2 = { 
        1:   12-block  0
        1:   12-block  1
        3:   12-block  2
    $$$$$:   12-block  3
    $$$$$:   12-block  4
    $$$$$:   12-block  5
    $$$$$:   12-block  6
    $$$$$:   12-block  7
    $$$$$:   12-block  8
        1:   13:                  {false, false, true}, // 3
        1:   13-block  0
        1:   14:                  {true, false, false}, // 1
        1:   14-block  0
        1:   15:                  {false, true, false}};// 2
        1:   15-block  0
        -:   16:
        1:   17:    bool res = vistaTrasladada(t1, t2);
        1:   17-block  0
        1:   18:    EXPECT_TRUE(res);
        1:   18-block  0
        1:   18-block  1
        1:   18-block  2
        1:   18-block  3
    $$$$$:   18-block  4
    $$$$$:   18-block  5
    $$$$$:   18-block  6
    $$$$$:   18-block  7
    $$$$$:   18-block  8
    $$$$$:   18-block  9
    $$$$$:   18-block 10
    $$$$$:   18-block 11
    $$$$$:   18-block 12
        1:   19:}
    $$$$$:   19-block  0
    $$$$$:   19-block  1
    $$$$$:   19-block  2
    $$$$$:   19-block  3
        1:   19-block  4
    $$$$$:   19-block  5
    $$$$$:   19-block  6
        -:   20:
        7:   21:TEST(vistaTrasladadaTEST, DiagonalVsTodoTrue){
        1:   21-block  0
        1:   21-block  1
        1:   21-block  2
        1:   21-block  3
        1:   21-block  4
        1:   21-block  5
        1:   21-block  6
    $$$$$:   21-block  7
    $$$$$:   21-block  8
    $$$$$:   21-block  9
    $$$$$:   21-block 10
    $$$$$:   21-block 11
    $$$$$:   21-block 12
        1:   21-block 13
        1:   21-block 14
        1:   21-block 15
        1:   21-block 16
        1:   21-block 17
        1:   21-block 18
        1:   21-block 19
        1:   21-block 20
        3:   22:    toroide t1 = { 
        1:   22-block  0
        1:   22-block  1
        3:   22-block  2
    $$$$$:   22-block  3
    $$$$$:   22-block  4
    $$$$$:   22-block  5
    $$$$$:   22-block  6
    $$$$$:   22-block  7
    $$$$$:   22-block  8
    $$$$$:   22-block  9
        1:   23:                  {true, false, false},
        1:   23-block  0
        1:   24:                  {false, true, false},
        1:   24-block  0
        1:   25:                  {false, false, true}}; 
        1:   25-block  0
        3:   26:    toroide t2 = { 
        1:   26-block  0
        1:   26-block  1
        3:   26-block  2
    $$$$$:   26-block  3
    $$$$$:   26-block  4
    $$$$$:   26-block  5
    $$$$$:   26-block  6
    $$$$$:   26-block  7
    $$$$$:   26-block  8
        1:   27:                  {true, true, true},
        1:   27-block  0
        1:   28:                  {true, true, true},
        1:   28-block  0
        1:   29:                  {true, true, true}}; 
        1:   29-block  0
        1:   30:    bool res = vistaTrasladada(t1, t2);
        1:   30-block  0
        1:   31:    EXPECT_FALSE(res);
        1:   31-block  0
        1:   31-block  1
        1:   31-block  2
        1:   31-block  3
    $$$$$:   31-block  4
    $$$$$:   31-block  5
    $$$$$:   31-block  6
    $$$$$:   31-block  7
    $$$$$:   31-block  8
    $$$$$:   31-block  9
    $$$$$:   31-block 10
    $$$$$:   31-block 11
    $$$$$:   31-block 12
        1:   32:}
    $$$$$:   32-block  0
    $$$$$:   32-block  1
    $$$$$:   32-block  2
    $$$$$:   32-block  3
        1:   32-block  4
    $$$$$:   32-block  5
    $$$$$:   32-block  6
        -:   33:
        7:   34:TEST(vistaTrasladadaTEST, movido){
        1:   34-block  0
        1:   34-block  1
        1:   34-block  2
        1:   34-block  3
        1:   34-block  4
        1:   34-block  5
        1:   34-block  6
    $$$$$:   34-block  7
    $$$$$:   34-block  8
    $$$$$:   34-block  9
    $$$$$:   34-block 10
    $$$$$:   34-block 11
    $$$$$:   34-block 12
        1:   34-block 13
        1:   34-block 14
        1:   34-block 15
        1:   34-block 16
        1:   34-block 17
        1:   34-block 18
        1:   34-block 19
        1:   34-block 20
        3:   35:    toroide t1 = {
        1:   35-block  0
        1:   35-block  1
        3:   35-block  2
    $$$$$:   35-block  3
    $$$$$:   35-block  4
    $$$$$:   35-block  5
    $$$$$:   35-block  6
    $$$$$:   35-block  7
    $$$$$:   35-block  8
    $$$$$:   35-block  9
        1:   36:            {false, false, true},
        1:   36-block  0
        1:   37:            {false, false, true},
        1:   37-block  0
        1:   38:            {false, false, true}};
        1:   38-block  0
        3:   39:    toroide t2 = {
        1:   39-block  0
        1:   39-block  1
        3:   39-block  2
    $$$$$:   39-block  3
    $$$$$:   39-block  4
    $$$$$:   39-block  5
    $$$$$:   39-block  6
    $$$$$:   39-block  7
    $$$$$:   39-block  8
        1:   40:            {true, false, false},
        1:   40-block  0
        1:   41:            {true, false, false},
        1:   41-block  0
        1:   42:            {true, false, false}};
        1:   42-block  0
        1:   43:    bool res = vistaTrasladada(t1, t2);
        1:   43-block  0
        1:   44:    EXPECT_TRUE(res);
        1:   44-block  0
        1:   44-block  1
        1:   44-block  2
        1:   44-block  3
    $$$$$:   44-block  4
    $$$$$:   44-block  5
    $$$$$:   44-block  6
    $$$$$:   44-block  7
    $$$$$:   44-block  8
    $$$$$:   44-block  9
    $$$$$:   44-block 10
    $$$$$:   44-block 11
    $$$$$:   44-block 12
        1:   45:}
    $$$$$:   45-block  0
    $$$$$:   45-block  1
    $$$$$:   45-block  2
    $$$$$:   45-block  3
        1:   45-block  4
    $$$$$:   45-block  5
    $$$$$:   45-block  6
        -:   46:
        7:   47:TEST(vistaTrasladadaTEST, mismaPosicion){
        1:   47-block  0
        1:   47-block  1
        1:   47-block  2
        1:   47-block  3
        1:   47-block  4
        1:   47-block  5
        1:   47-block  6
    $$$$$:   47-block  7
    $$$$$:   47-block  8
    $$$$$:   47-block  9
    $$$$$:   47-block 10
    $$$$$:   47-block 11
    $$$$$:   47-block 12
        1:   47-block 13
        1:   47-block 14
        1:   47-block 15
        1:   47-block 16
        1:   47-block 17
        1:   47-block 18
        1:   47-block 19
        1:   47-block 20
        3:   48:    toroide t1 = {
        1:   48-block  0
        1:   48-block  1
        3:   48-block  2
    $$$$$:   48-block  3
    $$$$$:   48-block  4
    $$$$$:   48-block  5
    $$$$$:   48-block  6
    $$$$$:   48-block  7
    $$$$$:   48-block  8
    $$$$$:   48-block  9
        1:   49:            {false, false, false},
        1:   49-block  0
        1:   50:            {false, false, false},
        1:   50-block  0
        1:   51:            {false, false, true}};
        1:   51-block  0
        3:   52:    toroide t2 = {
        1:   52-block  0
        1:   52-block  1
        3:   52-block  2
    $$$$$:   52-block  3
    $$$$$:   52-block  4
    $$$$$:   52-block  5
    $$$$$:   52-block  6
    $$$$$:   52-block  7
    $$$$$:   52-block  8
        1:   53:            {false, false, false},
        1:   53-block  0
        1:   54:            {false, false, false},
        1:   54-block  0
        1:   55:            {false, false, true}};
        1:   55-block  0
        1:   56:    bool res = vistaTrasladada(t1, t2);
        1:   56-block  0
        1:   57:    EXPECT_TRUE(res);
        1:   57-block  0
        1:   57-block  1
        1:   57-block  2
        1:   57-block  3
    $$$$$:   57-block  4
    $$$$$:   57-block  5
    $$$$$:   57-block  6
    $$$$$:   57-block  7
    $$$$$:   57-block  8
    $$$$$:   57-block  9
    $$$$$:   57-block 10
    $$$$$:   57-block 11
    $$$$$:   57-block 12
        1:   58:}
    $$$$$:   58-block  0
    $$$$$:   58-block  1
    $$$$$:   58-block  2
    $$$$$:   58-block  3
        1:   58-block  4
    $$$$$:   58-block  5
    $$$$$:   58-block  6
