        -:    0:Source:/Users/gianbattolla/Documents/Año 2020 - Cs. de la computación/Algoritmos y Estructuras de Datos 1/Trabajo Practico de Implementación - Juego de la Vida-20201031/tpi_final/tests/EJ12_menorSuperficieVivaTEST.cpp
        -:    0:Graph:/Users/gianbattolla/Documents/Año 2020 - Cs. de la computación/Algoritmos y Estructuras de Datos 1/Trabajo Practico de Implementación - Juego de la Vida-20201031/tpi_final/cmake-build-debug/CMakeFiles/juegoDeLaVida.dir/tests/EJ12_menorSuperficieVivaTEST.gcno
        -:    0:Data:/Users/gianbattolla/Documents/Año 2020 - Cs. de la computación/Algoritmos y Estructuras de Datos 1/Trabajo Practico de Implementación - Juego de la Vida-20201031/tpi_final/cmake-build-debug/CMakeFiles/juegoDeLaVida.dir/tests/EJ12_menorSuperficieVivaTEST.gcda
        -:    0:Runs:1
        -:    0:Programs:1
        -:    1:#include "../ejercicios.h"
        -:    2:#include "gtest/gtest.h"
        -:    3:
        -:    4:using namespace std;
        -:    5:
        7:    6:TEST(menorSuperficieVivaTEST, enunciado){
        1:    6-block  0
        1:    6-block  1
        1:    6-block  2
        1:    6-block  3
        1:    6-block  4
        1:    6-block  5
        1:    6-block  6
    $$$$$:    6-block  7
    $$$$$:    6-block  8
    $$$$$:    6-block  9
    $$$$$:    6-block 10
    $$$$$:    6-block 11
    $$$$$:    6-block 12
        1:    6-block 13
        1:    6-block 14
        1:    6-block 15
        1:    6-block 16
        1:    6-block 17
        1:    6-block 18
        1:    6-block 19
        1:    6-block 20
        4:    7:    toroide t = {
        1:    7-block  0
        1:    7-block  1
        4:    7-block  2
    $$$$$:    7-block  3
    $$$$$:    7-block  4
    $$$$$:    7-block  5
    $$$$$:    7-block  6
    $$$$$:    7-block  7
    $$$$$:    7-block  8
    $$$$$:    7-block  9
        1:    8:            {true, false, false, true},   // 1
        1:    8-block  0
        1:    9:            {false, false, false, false}, // 2
        1:    9-block  0
        1:   10:            {false, false, false, false}, // 3
        1:   10-block  0
        1:   11:            {true, true, false, false}};  // 4
        1:   11-block  0
        -:   12:
        1:   13:    int res = menorSuperficieViva(t);
        1:   13-block  0
        1:   14:    EXPECT_EQ(res, 6);
        1:   14-block  0
        1:   14-block  1
        1:   14-block  2
        1:   14-block  3
    $$$$$:   14-block  4
    $$$$$:   14-block  5
    $$$$$:   14-block  6
    $$$$$:   14-block  7
    $$$$$:   14-block  8
    $$$$$:   14-block  9
    $$$$$:   14-block 10
    $$$$$:   14-block 11
        1:   15:}
    $$$$$:   15-block  0
    $$$$$:   15-block  1
    $$$$$:   15-block  2
        1:   15-block  3
    $$$$$:   15-block  4
