        -:    0:Source:C:/Users/ramir/Desktop/TPI FINALIZADO/tpi_final/tests/EJ12_menorSuperficieVivaTEST.cpp
        -:    0:Graph:C:\Users\ramir\Desktop\TPI FINALIZADO\tpi_final\cmake-build-debug\CMakeFiles\juegoDeLaVida.dir\tests\EJ12_menorSuperficieVivaTEST.gcno
        -:    0:Data:C:\Users\ramir\Desktop\TPI FINALIZADO\tpi_final\cmake-build-debug\CMakeFiles\juegoDeLaVida.dir\tests\EJ12_menorSuperficieVivaTEST.gcda
        -:    0:Runs:1
        -:    0:Programs:1
        -:    1:#include "../ejercicios.h"
        -:    2:#include "gtest/gtest.h"
        -:    3:
        -:    4:using namespace std;
        -:    5:
        2:    6:TEST(menorSuperficieVivaTEST, enunciado){
        -:    7:    toroide t = {
        -:    8:            {true, false, false, true},   // 1
        -:    9:            {false, false, false, false}, // 2
        -:   10:            {false, false, false, false}, // 3
        8:   11:            {true, true, false, false}};  // 4
        -:   12:
        1:   13:    int res = menorSuperficieViva(t);
       1*:   14:    EXPECT_EQ(res, 6);
        1:   15:}
------------------
_ZN38menorSuperficieVivaTEST_enunciado_Test8TestBodyEv:
        1:    6:TEST(menorSuperficieVivaTEST, enunciado){
        -:    7:    toroide t = {
        -:    8:            {true, false, false, true},   // 1
        -:    9:            {false, false, false, false}, // 2
        -:   10:            {false, false, false, false}, // 3
        8:   11:            {true, true, false, false}};  // 4
        1:   11-block  0
        1:   11-block  1
        1:   11-block  2
        1:   11-block  3
        1:   11-block  4
        4:   11-block  5
        1:   11-block  6
    $$$$$:   11-block  7
    $$$$$:   11-block  8
    $$$$$:   11-block  9
    $$$$$:   11-block 10
    $$$$$:   11-block 11
    $$$$$:   11-block 12
    $$$$$:   11-block 13
    $$$$$:   11-block 14
    $$$$$:   11-block 15
    $$$$$:   11-block 16
    $$$$$:   11-block 17
    $$$$$:   11-block 18
        -:   12:
        1:   13:    int res = menorSuperficieViva(t);
       1*:   14:    EXPECT_EQ(res, 6);
        1:   14-block  0
        1:   14-block  1
    %%%%%:   14-block  2
    %%%%%:   14-block  3
    %%%%%:   14-block  4
    %%%%%:   14-block  5
    %%%%%:   14-block  6
        1:   14-block  7
    $$$$$:   14-block  8
    $$$$$:   14-block  9
    $$$$$:   14-block 10
    $$$$$:   14-block 11
    $$$$$:   14-block 12
    $$$$$:   14-block 13
        1:   15:}
------------------
_ZN38menorSuperficieVivaTEST_enunciado_TestC1Ev:
        1:    6:TEST(menorSuperficieVivaTEST, enunciado){
        1:    6-block  0
------------------
        -:   16:/*
        -:   17:TEST(menorSuperficieVivaTEST, toroideMuerto){
        -:   18:    toroide t = {
        -:   19:            {false, false, false, false},   // 1
        -:   20:            {false, false, false, false}, // 2
        -:   21:            {false, false, false, false}, // 3
        -:   22:            {false, false, false, false}};  // 4
        -:   23:
        -:   24:    int res = menorSuperficieViva(t);
        -:   25:    EXPECT_EQ(res, 0);
        -:   26:}
        -:   27:*/
        2:   28:TEST(menorSuperficieVivaTEST, soloUnTrue){
        -:   29:    toroide t = {
        -:   30:            {false, false, false, false},   // 1
        -:   31:            {false, false, false, false}, // 2
        -:   32:            {false, true, false, false}, // 3
        8:   33:            {false, false, false, false}};  // 4
        -:   34:
        1:   35:    int res = menorSuperficieViva(t);
       1*:   36:    EXPECT_EQ(res, 0);
        1:   37:}
------------------
_ZN39menorSuperficieVivaTEST_soloUnTrue_Test8TestBodyEv:
        1:   28:TEST(menorSuperficieVivaTEST, soloUnTrue){
        -:   29:    toroide t = {
        -:   30:            {false, false, false, false},   // 1
        -:   31:            {false, false, false, false}, // 2
        -:   32:            {false, true, false, false}, // 3
        8:   33:            {false, false, false, false}};  // 4
        1:   33-block  0
        1:   33-block  1
        1:   33-block  2
        1:   33-block  3
        1:   33-block  4
        4:   33-block  5
        1:   33-block  6
    $$$$$:   33-block  7
    $$$$$:   33-block  8
    $$$$$:   33-block  9
    $$$$$:   33-block 10
    $$$$$:   33-block 11
    $$$$$:   33-block 12
    $$$$$:   33-block 13
    $$$$$:   33-block 14
    $$$$$:   33-block 15
    $$$$$:   33-block 16
    $$$$$:   33-block 17
    $$$$$:   33-block 18
        -:   34:
        1:   35:    int res = menorSuperficieViva(t);
       1*:   36:    EXPECT_EQ(res, 0);
        1:   36-block  0
        1:   36-block  1
    %%%%%:   36-block  2
    %%%%%:   36-block  3
    %%%%%:   36-block  4
    %%%%%:   36-block  5
    %%%%%:   36-block  6
        1:   36-block  7
    $$$$$:   36-block  8
    $$$$$:   36-block  9
    $$$$$:   36-block 10
    $$$$$:   36-block 11
    $$$$$:   36-block 12
    $$$$$:   36-block 13
        1:   37:}
------------------
_ZN39menorSuperficieVivaTEST_soloUnTrue_TestC1Ev:
        1:   28:TEST(menorSuperficieVivaTEST, soloUnTrue){
        1:   28-block  0
------------------
        -:   38:
        -:   39:
        -:   40:
        2:   41:TEST(menorSuperficieVivaTEST, todoTrue){
        -:   42:    toroide t = {
        -:   43:            {true, true, true, true},
        -:   44:            {true, true, true, true},
        7:   45:            {true, true, true, true}};
        -:   46:
        1:   47:    int res = menorSuperficieViva(t);
       1*:   48:    EXPECT_EQ(res, 12);
        1:   49:}
------------------
_ZN37menorSuperficieVivaTEST_todoTrue_Test8TestBodyEv:
        1:   41:TEST(menorSuperficieVivaTEST, todoTrue){
        -:   42:    toroide t = {
        -:   43:            {true, true, true, true},
        -:   44:            {true, true, true, true},
        7:   45:            {true, true, true, true}};
        1:   45-block  0
        1:   45-block  1
        1:   45-block  2
        1:   45-block  3
        3:   45-block  4
        1:   45-block  5
    $$$$$:   45-block  6
    $$$$$:   45-block  7
    $$$$$:   45-block  8
    $$$$$:   45-block  9
    $$$$$:   45-block 10
    $$$$$:   45-block 11
    $$$$$:   45-block 12
    $$$$$:   45-block 13
    $$$$$:   45-block 14
    $$$$$:   45-block 15
        -:   46:
        1:   47:    int res = menorSuperficieViva(t);
       1*:   48:    EXPECT_EQ(res, 12);
        1:   48-block  0
        1:   48-block  1
    %%%%%:   48-block  2
    %%%%%:   48-block  3
    %%%%%:   48-block  4
    %%%%%:   48-block  5
    %%%%%:   48-block  6
        1:   48-block  7
    $$$$$:   48-block  8
    $$$$$:   48-block  9
    $$$$$:   48-block 10
    $$$$$:   48-block 11
    $$$$$:   48-block 12
    $$$$$:   48-block 13
        1:   49:}
------------------
_ZN37menorSuperficieVivaTEST_todoTrue_TestC1Ev:
        1:   41:TEST(menorSuperficieVivaTEST, todoTrue){
        1:   41-block  0
------------------
